02-24-2025 19:03:38.279 : INFO  tests.TestBase -> Executing Before Suite Method. 
02-24-2025 19:03:38.295 : INFO  utils.readers.Config -> Test Environment Specific property file loaded successfully.C:\Vaibhav Personal\HezkyTechAutomation\HezkyTechAutomation\properties\env.test.properties 
02-24-2025 19:03:38.304 : INFO  utils.readers.Config -> Common property file loaded successfully.C:\Vaibhav Personal\HezkyTechAutomation\HezkyTechAutomation\properties\\env.common.properties 
02-24-2025 19:03:38.307 : INFO  utils.ExtentReport -> Extent Report Directory Created. 
02-24-2025 19:03:38.447 : INFO  utils.ScreenshotHelper -> Screenshot report directory created. C:\Vaibhav Personal\HezkyTechAutomation\HezkyTechAutomation\test-output\screenshots 
02-24-2025 19:03:38.447 : INFO  utils.ScreenshotHelper -> Screenshot Directory is: C:\Vaibhav Personal\HezkyTechAutomation\HezkyTechAutomation\test-output\screenshots 
02-24-2025 19:03:39.604 : INFO  utils.webdrivers.DriverManager -> Initialized Driver (508756323) 
02-24-2025 19:03:39.740 : INFO  tests.TestBase -> **************************************************************************************** 
02-24-2025 19:03:39.743 : INFO  tests.TestBase -> # # # # # Execution of Class tests.HezkyTechPageTest.UploadCertificatePageTest Started # # # # # 
02-24-2025 19:03:39.743 : INFO  tests.TestBase -> **************************************************************************************** 
02-24-2025 19:03:39.754 : INFO  utils.ExtentReport -> test description is: Verify user is able to login using valid  login credintials 
02-24-2025 19:03:39.765 : INFO  tests.TestBase -> = = = = = Execution of Method verify_valid_login Started  = = = = =
 
02-24-2025 19:03:39.799 : INFO  utils.BrowserActions -> Loading URL in browser: http://128.199.29.37:9009/#/login 
02-24-2025 19:03:41.548 : INFO  utils.BrowserActionBase -> Waiting for page load to complete. 
02-24-2025 19:03:41.589 : INFO  utils.BrowserActions -> Page loaded. 
02-24-2025 19:03:41.590 : INFO  pages.HezkyTech.UploadCertificate -> Trying to login:  
02-24-2025 19:03:41.591 : INFO  utils.BrowserActionBase -> Waiting for element to be visible: userName 
02-24-2025 19:03:41.750 : INFO  utils.BrowserActions -> Text field cleared: userName 
02-24-2025 19:03:41.913 : INFO  utils.BrowserActions -> Added text: walid.ansari@hezkytech.com in the element: userName 
02-24-2025 19:03:41.914 : INFO  utils.BrowserActionBase -> Waiting for element to be visible: password 
02-24-2025 19:03:42.028 : INFO  utils.BrowserActions -> Text field cleared: password 
02-24-2025 19:03:42.143 : INFO  utils.BrowserActions -> Added text: Hk$3gk7N in the element: password 
02-24-2025 19:03:42.144 : INFO  utils.BrowserActions -> Loading URL in browser: http://128.199.29.37:9009/#/login 
02-24-2025 19:03:42.380 : INFO  utils.BrowserActionBase -> Waiting for page load to complete. 
02-24-2025 19:03:42.413 : INFO  utils.BrowserActions -> Page loaded. 
02-24-2025 19:03:42.413 : INFO  pages.HezkyTech.UploadCertificate -> Trying to click on login button:  
02-24-2025 19:03:42.413 : INFO  utils.BrowserActionBase -> Waiting for element to be Clickable: signIn 
02-24-2025 19:03:42.558 : INFO  utils.BrowserActionBase -> Clicked on the button: signIn 
02-24-2025 19:03:42.558 : INFO  pages.HezkyTech.UploadCertificate -> Clicked on login button 
02-24-2025 19:03:47.562 : INFO  utils.BrowserActions -> Loading URL in browser: http://128.199.29.37:9009/#/login 
02-24-2025 19:03:47.742 : INFO  utils.BrowserActionBase -> Waiting for page load to complete. 
02-24-2025 19:03:47.775 : INFO  utils.BrowserActions -> Page loaded. 
02-24-2025 19:03:47.776 : INFO  pages.HezkyTech.UploadCertificate -> Trying to click on management button:  
02-24-2025 19:03:47.776 : INFO  utils.BrowserActionBase -> Waiting for element to be visible: management 
02-24-2025 19:03:58.077 : ERROR utils.BrowserActionBase -> WebElement is not visible: management 
02-24-2025 19:03:58.081 : INFO  utils.BrowserActionBase -> WebElement is not visible: management 
02-24-2025 19:04:11.804 : INFO  tests.TestBase -> Executing Before Suite Method. 
02-24-2025 19:04:11.809 : INFO  utils.readers.Config -> Test Environment Specific property file loaded successfully.C:\Vaibhav Personal\HezkyTechAutomation\HezkyTechAutomation\properties\env.test.properties 
02-24-2025 19:04:11.810 : INFO  utils.readers.Config -> Common property file loaded successfully.C:\Vaibhav Personal\HezkyTechAutomation\HezkyTechAutomation\properties\\env.common.properties 
02-24-2025 19:04:11.818 : INFO  utils.ExtentReport -> Extent report directory cleared. 
02-24-2025 19:04:11.928 : INFO  utils.ScreenshotHelper -> Screenshot Directory is: C:\Vaibhav Personal\HezkyTechAutomation\HezkyTechAutomation\test-output\screenshots 
02-24-2025 19:04:13.136 : INFO  utils.webdrivers.DriverManager -> Initialized Driver (2076864428) 
02-24-2025 19:04:13.274 : INFO  tests.TestBase -> **************************************************************************************** 
02-24-2025 19:04:13.277 : INFO  tests.TestBase -> # # # # # Execution of Class tests.HezkyTechPageTest.UploadCertificatePageTest Started # # # # # 
02-24-2025 19:04:13.277 : INFO  tests.TestBase -> **************************************************************************************** 
02-24-2025 19:04:13.286 : INFO  utils.ExtentReport -> test description is: Verify user is able to login using valid  login credintials 
02-24-2025 19:04:13.294 : INFO  tests.TestBase -> = = = = = Execution of Method verify_valid_login Started  = = = = =
 
02-24-2025 19:04:13.326 : INFO  utils.BrowserActions -> Loading URL in browser: http://128.199.29.37:9009/#/login 
02-24-2025 19:04:16.185 : INFO  utils.BrowserActionBase -> Waiting for page load to complete. 
02-24-2025 19:04:16.232 : INFO  utils.BrowserActions -> Page loaded. 
02-24-2025 19:04:16.234 : INFO  pages.HezkyTech.UploadCertificate -> Trying to login:  
02-24-2025 19:04:16.234 : INFO  utils.BrowserActionBase -> Waiting for element to be visible: userName 
02-24-2025 19:04:16.392 : INFO  utils.BrowserActions -> Text field cleared: userName 
02-24-2025 19:04:16.558 : INFO  utils.BrowserActions -> Added text: walid.ansari@hezkytech.com in the element: userName 
02-24-2025 19:04:16.558 : INFO  utils.BrowserActionBase -> Waiting for element to be visible: password 
02-24-2025 19:04:16.662 : INFO  utils.BrowserActions -> Text field cleared: password 
02-24-2025 19:04:16.753 : INFO  utils.BrowserActions -> Added text: Hk$3gk7N in the element: password 
02-24-2025 19:04:16.754 : INFO  utils.BrowserActions -> Loading URL in browser: http://128.199.29.37:9009/#/login 
02-24-2025 19:04:16.987 : INFO  utils.BrowserActionBase -> Waiting for page load to complete. 
02-24-2025 19:04:17.022 : INFO  utils.BrowserActions -> Page loaded. 
02-24-2025 19:04:17.023 : INFO  pages.HezkyTech.UploadCertificate -> Trying to click on login button:  
02-24-2025 19:04:17.023 : INFO  utils.BrowserActionBase -> Waiting for element to be Clickable: signIn 
02-24-2025 19:04:17.179 : INFO  utils.BrowserActionBase -> Clicked on the button: signIn 
02-24-2025 19:04:17.180 : INFO  pages.HezkyTech.UploadCertificate -> Clicked on login button 
02-24-2025 19:04:22.197 : INFO  utils.BrowserActions -> Loading URL in browser: http://128.199.29.37:9009/#/login 
02-24-2025 19:04:22.210 : ERROR utils.BrowserActions -> Error while loading URL: http://128.199.29.37:9009/#/login no such window: target window already closed
from unknown error: web view not found
  (Session info: chrome=116.0.5845.96)
Build info: version: '3.141.59', revision: 'e82be7d358', time: '2018-11-14T08:17:03'
System info: host: 'LAPTOP-P2SCE6NO', ip: '192.168.56.1', os.name: 'Windows 11', os.arch: 'amd64', os.version: '10.0', java.version: '17.0.7'
Driver info: org.openqa.selenium.chrome.ChromeDriver
Capabilities {acceptInsecureCerts: false, browserName: chrome, browserVersion: 116.0.5845.96, chrome: {chromedriverVersion: 116.0.5845.96 (1a3918166880..., userDataDir: C:\Users\vaibh\AppData\Loca...}, fedcm:accounts: true, goog:chromeOptions: {debuggerAddress: localhost:60602}, javascriptEnabled: true, networkConnectionEnabled: false, pageLoadStrategy: normal, platform: WINDOWS, platformName: WINDOWS, proxy: Proxy(), setWindowRect: true, strictFileInteractability: false, timeouts: {implicit: 0, pageLoad: 300000, script: 30000}, unhandledPromptBehavior: dismiss and notify, webauthn:extension:credBlob: true, webauthn:extension:largeBlob: true, webauthn:extension:minPinLength: true, webauthn:extension:prf: true, webauthn:virtualAuthenticators: true}
Session ID: 7eba226e21776dc9ac8b12b2e363c6ad 
02-24-2025 19:04:22.214 : INFO  utils.BrowserActions -> Error while loading URL: http://128.199.29.37:9009/#/login no such window: target window already closed
from unknown error: web view not found
  (Session info: chrome=116.0.5845.96)
Build info: version: '3.141.59', revision: 'e82be7d358', time: '2018-11-14T08:17:03'
System info: host: 'LAPTOP-P2SCE6NO', ip: '192.168.56.1', os.name: 'Windows 11', os.arch: 'amd64', os.version: '10.0', java.version: '17.0.7'
Driver info: org.openqa.selenium.chrome.ChromeDriver
Capabilities {acceptInsecureCerts: false, browserName: chrome, browserVersion: 116.0.5845.96, chrome: {chromedriverVersion: 116.0.5845.96 (1a3918166880..., userDataDir: C:\Users\vaibh\AppData\Loca...}, fedcm:accounts: true, goog:chromeOptions: {debuggerAddress: localhost:60602}, javascriptEnabled: true, networkConnectionEnabled: false, pageLoadStrategy: normal, platform: WINDOWS, platformName: WINDOWS, proxy: Proxy(), setWindowRect: true, strictFileInteractability: false, timeouts: {implicit: 0, pageLoad: 300000, script: 30000}, unhandledPromptBehavior: dismiss and notify, webauthn:extension:credBlob: true, webauthn:extension:largeBlob: true, webauthn:extension:minPinLength: true, webauthn:extension:prf: true, webauthn:virtualAuthenticators: true}
Session ID: 7eba226e21776dc9ac8b12b2e363c6ad 
02-25-2025 11:40:30.712 : INFO  tests.TestBase -> Executing Before Suite Method. 
02-25-2025 11:40:30.730 : INFO  utils.readers.Config -> Test Environment Specific property file loaded successfully.C:\Vaibhav Personal\HezkyTechAutomation\HezkyTechAutomation\properties\env.test.properties 
02-25-2025 11:40:30.740 : INFO  utils.readers.Config -> Common property file loaded successfully.C:\Vaibhav Personal\HezkyTechAutomation\HezkyTechAutomation\properties\\env.common.properties 
02-25-2025 11:40:30.747 : INFO  utils.ExtentReport -> Extent report directory cleared. 
02-25-2025 11:40:30.887 : INFO  utils.ScreenshotHelper -> Screenshot Directory is: C:\Vaibhav Personal\HezkyTechAutomation\HezkyTechAutomation\test-output\screenshots 
02-25-2025 11:40:32.819 : INFO  utils.webdrivers.DriverManager -> Initialized Driver (2076864428) 
02-25-2025 11:40:32.966 : INFO  tests.TestBase -> **************************************************************************************** 
02-25-2025 11:40:32.969 : INFO  tests.TestBase -> # # # # # Execution of Class tests.HezkyTechPageTest.UploadCertificatePageTest Started # # # # # 
02-25-2025 11:40:32.969 : INFO  tests.TestBase -> **************************************************************************************** 
02-25-2025 11:40:32.981 : INFO  utils.ExtentReport -> test description is: Verify user is able to login using valid  login credintials 
02-25-2025 11:40:32.989 : INFO  tests.TestBase -> = = = = = Execution of Method verify_valid_login Started  = = = = =
 
02-25-2025 11:40:33.022 : INFO  utils.BrowserActions -> Loading URL in browser: http://128.199.29.37:9009/#/login 
02-25-2025 11:42:33.057 : ERROR utils.BrowserActions -> Error while loading URL: http://128.199.29.37:9009/#/login timeout: Timed out receiving message from renderer: 118.835
  (Session info: chrome=116.0.5845.96)
Build info: version: '3.141.59', revision: 'e82be7d358', time: '2018-11-14T08:17:03'
System info: host: 'LAPTOP-P2SCE6NO', ip: '192.168.56.1', os.name: 'Windows 11', os.arch: 'amd64', os.version: '10.0', java.version: '17.0.7'
Driver info: org.openqa.selenium.chrome.ChromeDriver
Capabilities {acceptInsecureCerts: false, browserName: chrome, browserVersion: 116.0.5845.96, chrome: {chromedriverVersion: 116.0.5845.96 (1a3918166880..., userDataDir: C:\Users\vaibh\AppData\Loca...}, fedcm:accounts: true, goog:chromeOptions: {debuggerAddress: localhost:51914}, javascriptEnabled: true, networkConnectionEnabled: false, pageLoadStrategy: normal, platform: WINDOWS, platformName: WINDOWS, proxy: Proxy(), setWindowRect: true, strictFileInteractability: false, timeouts: {implicit: 0, pageLoad: 300000, script: 30000}, unhandledPromptBehavior: dismiss and notify, webauthn:extension:credBlob: true, webauthn:extension:largeBlob: true, webauthn:extension:minPinLength: true, webauthn:extension:prf: true, webauthn:virtualAuthenticators: true}
Session ID: c70d453f2561b2f2c6e290ebe6816960 
02-25-2025 11:42:33.061 : INFO  utils.BrowserActions -> Error while loading URL: http://128.199.29.37:9009/#/login timeout: Timed out receiving message from renderer: 118.835
  (Session info: chrome=116.0.5845.96)
Build info: version: '3.141.59', revision: 'e82be7d358', time: '2018-11-14T08:17:03'
System info: host: 'LAPTOP-P2SCE6NO', ip: '192.168.56.1', os.name: 'Windows 11', os.arch: 'amd64', os.version: '10.0', java.version: '17.0.7'
Driver info: org.openqa.selenium.chrome.ChromeDriver
Capabilities {acceptInsecureCerts: false, browserName: chrome, browserVersion: 116.0.5845.96, chrome: {chromedriverVersion: 116.0.5845.96 (1a3918166880..., userDataDir: C:\Users\vaibh\AppData\Loca...}, fedcm:accounts: true, goog:chromeOptions: {debuggerAddress: localhost:51914}, javascriptEnabled: true, networkConnectionEnabled: false, pageLoadStrategy: normal, platform: WINDOWS, platformName: WINDOWS, proxy: Proxy(), setWindowRect: true, strictFileInteractability: false, timeouts: {implicit: 0, pageLoad: 300000, script: 30000}, unhandledPromptBehavior: dismiss and notify, webauthn:extension:credBlob: true, webauthn:extension:largeBlob: true, webauthn:extension:minPinLength: true, webauthn:extension:prf: true, webauthn:virtualAuthenticators: true}
Session ID: c70d453f2561b2f2c6e290ebe6816960 
02-25-2025 11:42:33.232 : INFO  utils.ScreenshotHelper -> Exception: [java.base/sun.nio.fs.WindowsPathParser.normalize(WindowsPathParser.java:182), java.base/sun.nio.fs.WindowsPathParser.parse(WindowsPathParser.java:153), java.base/sun.nio.fs.WindowsPathParser.parse(WindowsPathParser.java:77), java.base/sun.nio.fs.WindowsPath.parse(WindowsPath.java:92), java.base/sun.nio.fs.WindowsFileSystem.getPath(WindowsFileSystem.java:232), java.base/java.io.File.toPath(File.java:2387), utils.ScreenshotHelper.takeScreenshot(ScreenshotHelper.java:57), utils.ExtentReport.addScreenshot(ExtentReport.java:223), utils.logger.LogsManager.addScreenshot(LogsManager.java:258), utils.BrowserActions.load(BrowserActions.java:470), pages.HezkyTech.UploadCertificate.<init>(UploadCertificate.java:21), pages.HezkyTech.HezkyTechPageBase.uploadCertificate(HezkyTechPageBase.java:21), tests.HezkyTechPageTest.UploadCertificatePageTest.verify_valid_login(UploadCertificatePageTest.java:24), java.base/jdk.internal.reflect.NativeMethodAccessorImpl.invoke0(Native Method), java.base/jdk.internal.reflect.NativeMethodAccessorImpl.invoke(NativeMethodAccessorImpl.java:77), java.base/jdk.internal.reflect.DelegatingMethodAccessorImpl.invoke(DelegatingMethodAccessorImpl.java:43), java.base/java.lang.reflect.Method.invoke(Method.java:568), org.testng.internal.MethodInvocationHelper.invokeMethod(MethodInvocationHelper.java:133), org.testng.internal.TestInvoker.invokeMethod(TestInvoker.java:584), org.testng.internal.TestInvoker.invokeTestMethod(TestInvoker.java:172), org.testng.internal.MethodRunner.runInSequence(MethodRunner.java:46), org.testng.internal.TestInvoker$MethodInvocationAgent.invoke(TestInvoker.java:804), org.testng.internal.TestInvoker.invokeTestMethods(TestInvoker.java:145), org.testng.internal.TestMethodWorker.invokeTestMethods(TestMethodWorker.java:146), org.testng.internal.TestMethodWorker.run(TestMethodWorker.java:128), java.base/java.util.ArrayList.forEach(ArrayList.java:1511), org.testng.TestRunner.privateRun(TestRunner.java:770), org.testng.TestRunner.run(TestRunner.java:591), org.testng.SuiteRunner.runTest(SuiteRunner.java:402), org.testng.SuiteRunner.runSequentially(SuiteRunner.java:396), org.testng.SuiteRunner.privateRun(SuiteRunner.java:355), org.testng.SuiteRunner.run(SuiteRunner.java:304), org.testng.SuiteRunnerWorker.runSuite(SuiteRunnerWorker.java:53), org.testng.SuiteRunnerWorker.run(SuiteRunnerWorker.java:96), org.testng.TestNG.runSuitesSequentially(TestNG.java:1180), org.testng.TestNG.runSuitesLocally(TestNG.java:1102), org.testng.TestNG.runSuites(TestNG.java:1032), org.testng.TestNG.run(TestNG.java:1000), org.testng.remote.AbstractRemoteTestNG.run(AbstractRemoteTestNG.java:115), org.testng.remote.RemoteTestNG.initAndRun(RemoteTestNG.java:251), org.testng.remote.RemoteTestNG.main(RemoteTestNG.java:77)] 
02-25-2025 11:42:33.235 : INFO  pages.HezkyTech.UploadCertificate -> Trying to login:  
02-25-2025 11:42:33.236 : INFO  utils.BrowserActionBase -> Waiting for element to be visible: userName 
02-25-2025 11:42:44.265 : INFO  tests.TestBase -> Executing Before Suite Method. 
02-25-2025 11:42:44.269 : INFO  utils.readers.Config -> Test Environment Specific property file loaded successfully.C:\Vaibhav Personal\HezkyTechAutomation\HezkyTechAutomation\properties\env.test.properties 
02-25-2025 11:42:44.269 : INFO  utils.readers.Config -> Common property file loaded successfully.C:\Vaibhav Personal\HezkyTechAutomation\HezkyTechAutomation\properties\\env.common.properties 
02-25-2025 11:42:44.276 : INFO  utils.ExtentReport -> Extent report directory cleared. 
02-25-2025 11:42:44.427 : INFO  utils.ScreenshotHelper -> Screenshot Directory is: C:\Vaibhav Personal\HezkyTechAutomation\HezkyTechAutomation\test-output\screenshots 
02-25-2025 11:42:45.976 : INFO  utils.webdrivers.DriverManager -> Initialized Driver (2076864428) 
02-25-2025 11:42:46.117 : INFO  tests.TestBase -> **************************************************************************************** 
02-25-2025 11:42:46.119 : INFO  tests.TestBase -> # # # # # Execution of Class tests.HezkyTechPageTest.UploadCertificatePageTest Started # # # # # 
02-25-2025 11:42:46.119 : INFO  tests.TestBase -> **************************************************************************************** 
02-25-2025 11:42:46.133 : INFO  utils.ExtentReport -> test description is: Verify user is able to login using valid  login credintials 
02-25-2025 11:42:46.144 : INFO  tests.TestBase -> = = = = = Execution of Method verify_valid_login Started  = = = = =
 
02-25-2025 11:42:46.181 : INFO  utils.BrowserActions -> Loading URL in browser: http://128.199.29.37:9009/#/login 
02-25-2025 11:43:37.558 : INFO  utils.BrowserActionBase -> Waiting for page load to complete. 
02-25-2025 12:31:21.848 : INFO  utils.BrowserActions -> Page loaded. 
02-25-2025 12:31:21.849 : INFO  pages.HezkyTech.UploadCertificate -> Trying to login:  
02-25-2025 12:31:21.850 : INFO  utils.BrowserActionBase -> Waiting for element to be visible: userName 
02-25-2025 12:31:22.055 : ERROR utils.BrowserActionBase -> WebElement is not visible: userName 
02-25-2025 12:31:22.055 : INFO  utils.BrowserActionBase -> WebElement is not visible: userName 
02-25-2025 12:31:38.807 : INFO  tests.TestBase -> Executing Before Suite Method. 
02-25-2025 12:31:38.815 : INFO  utils.readers.Config -> Test Environment Specific property file loaded successfully.C:\Vaibhav Personal\HezkyTechAutomation\HezkyTechAutomation\properties\env.test.properties 
02-25-2025 12:31:38.816 : INFO  utils.readers.Config -> Common property file loaded successfully.C:\Vaibhav Personal\HezkyTechAutomation\HezkyTechAutomation\properties\\env.common.properties 
02-25-2025 12:31:38.823 : INFO  utils.ExtentReport -> Extent report directory cleared. 
02-25-2025 12:31:38.983 : INFO  utils.ScreenshotHelper -> Screenshot Directory is: C:\Vaibhav Personal\HezkyTechAutomation\HezkyTechAutomation\test-output\screenshots 
02-25-2025 12:31:40.471 : INFO  utils.webdrivers.DriverManager -> Initialized Driver (2076864428) 
02-25-2025 12:31:40.612 : INFO  tests.TestBase -> **************************************************************************************** 
02-25-2025 12:31:40.614 : INFO  tests.TestBase -> # # # # # Execution of Class tests.HezkyTechPageTest.UploadCertificatePageTest Started # # # # # 
02-25-2025 12:31:40.614 : INFO  tests.TestBase -> **************************************************************************************** 
02-25-2025 12:31:40.623 : INFO  utils.ExtentReport -> test description is: Verify user is able to login using valid  login credintials 
02-25-2025 12:31:40.631 : INFO  tests.TestBase -> = = = = = Execution of Method verify_valid_login Started  = = = = =
 
02-25-2025 12:31:40.676 : INFO  utils.BrowserActions -> Loading URL in browser: http://128.199.29.37:9009/#/login 
02-25-2025 12:33:22.183 : ERROR utils.BrowserActionBase -> WebElement is not visible: userName 
02-25-2025 12:33:22.188 : INFO  utils.BrowserActionBase -> WebElement is not visible: userName 
02-25-2025 12:33:40.715 : ERROR utils.BrowserActions -> Error while loading URL: http://128.199.29.37:9009/#/login timeout: Timed out receiving message from renderer: 118.626
  (Session info: chrome=116.0.5845.96)
Build info: version: '3.141.59', revision: 'e82be7d358', time: '2018-11-14T08:17:03'
System info: host: 'LAPTOP-P2SCE6NO', ip: '192.168.56.1', os.name: 'Windows 11', os.arch: 'amd64', os.version: '10.0', java.version: '17.0.7'
Driver info: org.openqa.selenium.chrome.ChromeDriver
Capabilities {acceptInsecureCerts: false, browserName: chrome, browserVersion: 116.0.5845.96, chrome: {chromedriverVersion: 116.0.5845.96 (1a3918166880..., userDataDir: C:\Users\vaibh\AppData\Loca...}, fedcm:accounts: true, goog:chromeOptions: {debuggerAddress: localhost:52179}, javascriptEnabled: true, networkConnectionEnabled: false, pageLoadStrategy: normal, platform: WINDOWS, platformName: WINDOWS, proxy: Proxy(), setWindowRect: true, strictFileInteractability: false, timeouts: {implicit: 0, pageLoad: 300000, script: 30000}, unhandledPromptBehavior: dismiss and notify, webauthn:extension:credBlob: true, webauthn:extension:largeBlob: true, webauthn:extension:minPinLength: true, webauthn:extension:prf: true, webauthn:virtualAuthenticators: true}
Session ID: 90ee1032d644dd2046e3661320837686 
02-25-2025 12:33:40.721 : INFO  utils.BrowserActions -> Error while loading URL: http://128.199.29.37:9009/#/login timeout: Timed out receiving message from renderer: 118.626
  (Session info: chrome=116.0.5845.96)
Build info: version: '3.141.59', revision: 'e82be7d358', time: '2018-11-14T08:17:03'
System info: host: 'LAPTOP-P2SCE6NO', ip: '192.168.56.1', os.name: 'Windows 11', os.arch: 'amd64', os.version: '10.0', java.version: '17.0.7'
Driver info: org.openqa.selenium.chrome.ChromeDriver
Capabilities {acceptInsecureCerts: false, browserName: chrome, browserVersion: 116.0.5845.96, chrome: {chromedriverVersion: 116.0.5845.96 (1a3918166880..., userDataDir: C:\Users\vaibh\AppData\Loca...}, fedcm:accounts: true, goog:chromeOptions: {debuggerAddress: localhost:52179}, javascriptEnabled: true, networkConnectionEnabled: false, pageLoadStrategy: normal, platform: WINDOWS, platformName: WINDOWS, proxy: Proxy(), setWindowRect: true, strictFileInteractability: false, timeouts: {implicit: 0, pageLoad: 300000, script: 30000}, unhandledPromptBehavior: dismiss and notify, webauthn:extension:credBlob: true, webauthn:extension:largeBlob: true, webauthn:extension:minPinLength: true, webauthn:extension:prf: true, webauthn:virtualAuthenticators: true}
Session ID: 90ee1032d644dd2046e3661320837686 
02-25-2025 12:33:40.901 : INFO  utils.ScreenshotHelper -> Exception: [java.base/sun.nio.fs.WindowsPathParser.normalize(WindowsPathParser.java:182), java.base/sun.nio.fs.WindowsPathParser.parse(WindowsPathParser.java:153), java.base/sun.nio.fs.WindowsPathParser.parse(WindowsPathParser.java:77), java.base/sun.nio.fs.WindowsPath.parse(WindowsPath.java:92), java.base/sun.nio.fs.WindowsFileSystem.getPath(WindowsFileSystem.java:232), java.base/java.io.File.toPath(File.java:2387), utils.ScreenshotHelper.takeScreenshot(ScreenshotHelper.java:57), utils.ExtentReport.addScreenshot(ExtentReport.java:223), utils.logger.LogsManager.addScreenshot(LogsManager.java:258), utils.BrowserActions.load(BrowserActions.java:470), pages.HezkyTech.UploadCertificate.<init>(UploadCertificate.java:21), pages.HezkyTech.HezkyTechPageBase.uploadCertificate(HezkyTechPageBase.java:21), tests.HezkyTechPageTest.UploadCertificatePageTest.verify_valid_login(UploadCertificatePageTest.java:24), java.base/jdk.internal.reflect.NativeMethodAccessorImpl.invoke0(Native Method), java.base/jdk.internal.reflect.NativeMethodAccessorImpl.invoke(NativeMethodAccessorImpl.java:77), java.base/jdk.internal.reflect.DelegatingMethodAccessorImpl.invoke(DelegatingMethodAccessorImpl.java:43), java.base/java.lang.reflect.Method.invoke(Method.java:568), org.testng.internal.MethodInvocationHelper.invokeMethod(MethodInvocationHelper.java:133), org.testng.internal.TestInvoker.invokeMethod(TestInvoker.java:584), org.testng.internal.TestInvoker.invokeTestMethod(TestInvoker.java:172), org.testng.internal.MethodRunner.runInSequence(MethodRunner.java:46), org.testng.internal.TestInvoker$MethodInvocationAgent.invoke(TestInvoker.java:804), org.testng.internal.TestInvoker.invokeTestMethods(TestInvoker.java:145), org.testng.internal.TestMethodWorker.invokeTestMethods(TestMethodWorker.java:146), org.testng.internal.TestMethodWorker.run(TestMethodWorker.java:128), java.base/java.util.ArrayList.forEach(ArrayList.java:1511), org.testng.TestRunner.privateRun(TestRunner.java:770), org.testng.TestRunner.run(TestRunner.java:591), org.testng.SuiteRunner.runTest(SuiteRunner.java:402), org.testng.SuiteRunner.runSequentially(SuiteRunner.java:396), org.testng.SuiteRunner.privateRun(SuiteRunner.java:355), org.testng.SuiteRunner.run(SuiteRunner.java:304), org.testng.SuiteRunnerWorker.runSuite(SuiteRunnerWorker.java:53), org.testng.SuiteRunnerWorker.run(SuiteRunnerWorker.java:96), org.testng.TestNG.runSuitesSequentially(TestNG.java:1180), org.testng.TestNG.runSuitesLocally(TestNG.java:1102), org.testng.TestNG.runSuites(TestNG.java:1032), org.testng.TestNG.run(TestNG.java:1000), org.testng.remote.AbstractRemoteTestNG.run(AbstractRemoteTestNG.java:115), org.testng.remote.RemoteTestNG.initAndRun(RemoteTestNG.java:251), org.testng.remote.RemoteTestNG.main(RemoteTestNG.java:77)] 
02-25-2025 12:33:40.902 : INFO  pages.HezkyTech.UploadCertificate -> Trying to login:  
02-25-2025 12:33:40.903 : INFO  utils.BrowserActionBase -> Waiting for element to be visible: userName 
02-25-2025 12:35:41.328 : ERROR utils.BrowserActionBase -> WebElement is not visible: userName 
02-25-2025 12:35:41.329 : INFO  utils.BrowserActionBase -> WebElement is not visible: userName 
04-02-2025 12:27:47.985 : INFO  tests.TestBase -> Executing Before Suite Method. 
04-02-2025 12:27:47.993 : INFO  utils.readers.Config -> Test Environment Specific property file loaded successfully.C:\Users\vaibh\git\repository2\.git\HezkyTechAutomation\properties\env.test.properties 
04-02-2025 12:27:47.994 : INFO  utils.readers.Config -> Common property file loaded successfully.C:\Users\vaibh\git\repository2\.git\HezkyTechAutomation\properties\\env.common.properties 
04-02-2025 12:27:48.005 : INFO  utils.ExtentReport -> Extent report directory cleared. 
04-02-2025 12:27:48.187 : INFO  utils.ScreenshotHelper -> Screenshot Directory is: C:\Users\vaibh\git\repository2\.git\HezkyTechAutomation\test-output\screenshots 
04-02-2025 12:27:51.762 : INFO  utils.webdrivers.DriverManager -> Initialized Driver (2049646260) 
04-02-2025 12:27:51.917 : INFO  tests.TestBase -> **************************************************************************************** 
04-02-2025 12:27:51.919 : INFO  tests.TestBase -> # # # # # Execution of Class tests.HezkyTechPageTest.CustomerPanelPageTest Started # # # # # 
04-02-2025 12:27:51.920 : INFO  tests.TestBase -> **************************************************************************************** 
04-02-2025 12:27:51.928 : INFO  utils.ExtentReport -> test description is: Verify user is able to login using valid  login credintials 
04-02-2025 12:27:51.936 : INFO  tests.TestBase -> = = = = = Execution of Method verify_valid_login Started  = = = = =
 
04-02-2025 12:27:51.974 : INFO  utils.BrowserActions -> Loading URL in browser: https://dev.hezkytech.com/#/ 
04-02-2025 12:28:14.931 : INFO  utils.BrowserActionBase -> Waiting for page load to complete. 
04-02-2025 12:28:14.987 : INFO  utils.BrowserActions -> Page loaded. 
04-02-2025 12:28:14.988 : INFO  pages.HezkyTech.CustomerPanel -> Trying to login:  
04-02-2025 12:28:14.989 : INFO  utils.BrowserActionBase -> Waiting for element to be visible: customerID 
04-02-2025 12:28:16.074 : INFO  utils.BrowserActions -> Text field cleared: customerID 
04-02-2025 12:28:16.192 : INFO  utils.BrowserActions -> Added text: 04 in the element: customerID 
04-02-2025 12:28:16.192 : INFO  utils.BrowserActionBase -> Waiting for element to be visible: userName 
04-02-2025 12:29:58.750 : INFO  tests.TestBase -> Executing Before Suite Method. 
04-02-2025 12:29:58.755 : INFO  utils.readers.Config -> Test Environment Specific property file loaded successfully.C:\Users\vaibh\git\repository2\.git\HezkyTechAutomation\properties\env.test.properties 
04-02-2025 12:29:58.755 : INFO  utils.readers.Config -> Common property file loaded successfully.C:\Users\vaibh\git\repository2\.git\HezkyTechAutomation\properties\\env.common.properties 
04-02-2025 12:29:58.762 : INFO  utils.ExtentReport -> Extent report directory cleared. 
04-02-2025 12:29:58.892 : INFO  utils.ScreenshotHelper -> Screenshot Directory is: C:\Users\vaibh\git\repository2\.git\HezkyTechAutomation\test-output\screenshots 
04-02-2025 12:30:00.238 : INFO  utils.webdrivers.DriverManager -> Initialized Driver (2049646260) 
04-02-2025 12:30:00.383 : INFO  tests.TestBase -> **************************************************************************************** 
04-02-2025 12:30:00.386 : INFO  tests.TestBase -> # # # # # Execution of Class tests.HezkyTechPageTest.CustomerPanelPageTest Started # # # # # 
04-02-2025 12:30:00.386 : INFO  tests.TestBase -> **************************************************************************************** 
04-02-2025 12:30:00.396 : INFO  utils.ExtentReport -> test description is: Verify user is able to login using valid  login credintials 
04-02-2025 12:30:00.402 : INFO  tests.TestBase -> = = = = = Execution of Method verify_valid_login Started  = = = = =
 
04-02-2025 12:30:00.440 : INFO  utils.BrowserActions -> Loading URL in browser: https://dev.hezkytech.com/#/ 
04-02-2025 12:30:16.640 : ERROR utils.BrowserActionBase -> WebElement is not visible: userName 
04-02-2025 12:30:16.645 : INFO  utils.BrowserActionBase -> WebElement is not visible: userName 
04-02-2025 12:30:25.844 : INFO  utils.BrowserActionBase -> Waiting for page load to complete. 
04-02-2025 12:30:25.887 : INFO  utils.BrowserActions -> Page loaded. 
04-02-2025 12:30:25.888 : INFO  pages.HezkyTech.CustomerPanel -> Trying to login:  
04-02-2025 12:30:25.889 : INFO  utils.BrowserActionBase -> Waiting for element to be visible: customerID 
04-02-2025 12:30:27.711 : INFO  utils.BrowserActions -> Text field cleared: customerID 
04-02-2025 12:30:27.831 : INFO  utils.BrowserActions -> Added text: 77002 in the element: customerID 
04-02-2025 12:30:27.831 : INFO  utils.BrowserActionBase -> Waiting for element to be visible: userName 
04-02-2025 12:32:59.536 : ERROR utils.BrowserActionBase -> WebElement is not visible: userName 
04-02-2025 12:32:59.540 : INFO  utils.BrowserActionBase -> WebElement is not visible: userName 
04-02-2025 12:33:03.935 : ERROR tests.TestBase -> TEST CASE FAILED IS: verify_valid_login 
04-02-2025 12:33:03.936 : INFO  tests.TestBase -> TEST CASE FAILED IS: verify_valid_login 
04-02-2025 12:33:03.936 : ERROR tests.TestBase -> TEST CASE FAILED REASON: java.lang.AssertionError: Username field is not accessible 
04-02-2025 12:33:03.936 : INFO  tests.TestBase -> TEST CASE FAILED REASON: java.lang.AssertionError: Username field is not accessible 
04-02-2025 12:33:04.374 : INFO  tests.TestBase -> = = = = = Execution of Method verify_valid_login Completed  = = = = =

 
04-02-2025 12:33:04.377 : INFO  utils.ExtentReport -> test description is: Verify Company Logo is loaded on page 
04-02-2025 12:33:04.377 : INFO  tests.TestBase -> = = = = = Execution of Method verify_Company_Logo Started  = = = = =
 
04-02-2025 12:33:04.382 : INFO  utils.BrowserActions -> Loading URL in browser: https://dev.hezkytech.com/#/ 
04-02-2025 12:33:04.432 : INFO  utils.BrowserActionBase -> Waiting for page load to complete. 
04-02-2025 12:33:04.458 : INFO  utils.BrowserActions -> Page loaded. 
04-02-2025 12:33:04.459 : INFO  pages.HezkyTech.CustomerPanel -> Trying to verify Comapny logo is loaded or not:  
04-02-2025 12:33:04.459 : INFO  utils.BrowserActionBase -> Waiting for element to be visible: companyLogo 
04-02-2025 12:34:35.168 : ERROR utils.BrowserActionBase -> WebElement is not visible: companyLogo 
04-02-2025 12:34:35.169 : INFO  utils.BrowserActionBase -> WebElement is not visible: companyLogo 
04-02-2025 12:34:39.452 : ERROR tests.TestBase -> TEST CASE FAILED IS: verify_Company_Logo 
04-02-2025 12:34:39.453 : INFO  tests.TestBase -> TEST CASE FAILED IS: verify_Company_Logo 
04-02-2025 12:34:39.453 : ERROR tests.TestBase -> TEST CASE FAILED REASON: java.lang.AssertionError: Company logo not visible did not expect to find [true] but found [false] 
04-02-2025 12:34:39.454 : INFO  tests.TestBase -> TEST CASE FAILED REASON: java.lang.AssertionError: Company logo not visible did not expect to find [true] but found [false] 
04-02-2025 12:34:39.526 : INFO  tests.TestBase -> = = = = = Execution of Method verify_Company_Logo Completed  = = = = =

 
04-02-2025 12:34:39.528 : INFO  utils.ExtentReport -> test description is: Verify user can select location  
04-02-2025 12:34:39.528 : INFO  tests.TestBase -> = = = = = Execution of Method verify_selectLocation Started  = = = = =
 
04-02-2025 12:34:39.532 : INFO  utils.BrowserActions -> Loading URL in browser: https://dev.hezkytech.com/#/ 
04-02-2025 12:34:39.578 : INFO  utils.BrowserActionBase -> Waiting for page load to complete. 
04-02-2025 12:34:39.598 : INFO  utils.BrowserActions -> Page loaded. 
04-02-2025 12:34:39.598 : INFO  pages.HezkyTech.CustomerPanel -> Trying to click on Location Icon button:  
04-02-2025 12:34:39.598 : INFO  utils.BrowserActionBase -> Waiting for element to be Clickable: locationIcon 
04-02-2025 12:36:02.127 : INFO  utils.BrowserActionBase -> WebElement is not Clickable: locationIcon 
04-02-2025 12:50:54.798 : INFO  tests.TestBase -> Executing Before Suite Method. 
04-02-2025 12:50:54.803 : INFO  utils.readers.Config -> Test Environment Specific property file loaded successfully.C:\Users\vaibh\git\repository2\.git\HezkyTechAutomation\properties\env.test.properties 
04-02-2025 12:50:54.804 : INFO  utils.readers.Config -> Common property file loaded successfully.C:\Users\vaibh\git\repository2\.git\HezkyTechAutomation\properties\\env.common.properties 
04-02-2025 12:50:54.882 : INFO  utils.ExtentReport -> Extent report directory cleared. 
04-02-2025 12:50:55.013 : INFO  utils.ScreenshotHelper -> Screenshot Directory is: C:\Users\vaibh\git\repository2\.git\HezkyTechAutomation\test-output\screenshots 
04-02-2025 12:50:56.558 : INFO  utils.webdrivers.DriverManager -> Initialized Driver (1329492804) 
04-02-2025 12:50:56.726 : INFO  tests.TestBase -> **************************************************************************************** 
04-02-2025 12:50:56.732 : INFO  tests.TestBase -> # # # # # Execution of Class tests.HezkyTechPageTest.CustomerPanelPageTest Started # # # # # 
04-02-2025 12:50:56.732 : INFO  tests.TestBase -> **************************************************************************************** 
04-02-2025 12:50:56.742 : INFO  utils.ExtentReport -> test description is: Verify user is able to login using valid  login credintials 
04-02-2025 12:50:56.753 : INFO  tests.TestBase -> = = = = = Execution of Method verify_valid_login Started  = = = = =
 
04-02-2025 12:50:56.789 : INFO  utils.BrowserActions -> Loading URL in browser: https://preprod.hezkytech.com/#/ 
04-02-2025 12:51:09.699 : INFO  utils.BrowserActionBase -> Waiting for page load to complete. 
04-02-2025 12:51:09.743 : INFO  utils.BrowserActions -> Page loaded. 
04-02-2025 12:51:09.744 : INFO  pages.HezkyTech.CustomerPanel -> Trying to login:  
04-02-2025 12:51:09.745 : INFO  utils.BrowserActionBase -> Waiting for element to be visible: customerID 
04-02-2025 12:52:30.613 : INFO  tests.TestBase -> Executing Before Suite Method. 
04-02-2025 12:52:30.618 : INFO  utils.readers.Config -> Test Environment Specific property file loaded successfully.C:\Users\vaibh\git\repository2\.git\HezkyTechAutomation\properties\env.test.properties 
04-02-2025 12:52:30.619 : INFO  utils.readers.Config -> Common property file loaded successfully.C:\Users\vaibh\git\repository2\.git\HezkyTechAutomation\properties\\env.common.properties 
04-02-2025 12:52:30.626 : INFO  utils.ExtentReport -> Extent report directory cleared. 
04-02-2025 12:52:30.779 : INFO  utils.ScreenshotHelper -> Screenshot Directory is: C:\Users\vaibh\git\repository2\.git\HezkyTechAutomation\test-output\screenshots 
04-02-2025 12:52:32.092 : INFO  utils.webdrivers.DriverManager -> Initialized Driver (2049646260) 
04-02-2025 12:52:32.234 : INFO  tests.TestBase -> **************************************************************************************** 
04-02-2025 12:52:32.236 : INFO  tests.TestBase -> # # # # # Execution of Class tests.HezkyTechPageTest.CustomerPanelPageTest Started # # # # # 
04-02-2025 12:52:32.236 : INFO  tests.TestBase -> **************************************************************************************** 
04-02-2025 12:52:32.244 : INFO  utils.ExtentReport -> test description is: Verify user is able to login using valid  login credintials 
04-02-2025 12:52:32.251 : INFO  tests.TestBase -> = = = = = Execution of Method verify_valid_login Started  = = = = =
 
04-02-2025 12:52:32.296 : INFO  utils.BrowserActions -> Loading URL in browser: https://preprod.hezkytech.com/#/auth/login 
04-02-2025 12:52:44.473 : INFO  utils.BrowserActionBase -> Waiting for page load to complete. 
04-02-2025 12:52:44.536 : INFO  utils.BrowserActions -> Page loaded. 
04-02-2025 12:52:44.537 : INFO  pages.HezkyTech.CustomerPanel -> Trying to login:  
04-02-2025 12:52:44.537 : INFO  utils.BrowserActionBase -> Waiting for element to be visible: customerID 
04-02-2025 12:53:55.963 : INFO  utils.BrowserActions -> Text field cleared: customerID 
04-02-2025 12:53:56.087 : INFO  utils.BrowserActions -> Added text: 77002 in the element: customerID 
04-02-2025 12:53:56.088 : INFO  utils.BrowserActionBase -> Waiting for element to be visible: userName 
04-02-2025 12:53:56.252 : INFO  utils.BrowserActions -> Text field cleared: userName 
04-02-2025 12:53:56.490 : INFO  utils.BrowserActions -> Added text: vaibhav.hulule@hezkytech.com in the element: userName 
04-02-2025 12:53:56.491 : INFO  utils.BrowserActionBase -> Waiting for element to be visible: password 
04-02-2025 12:53:56.612 : INFO  utils.BrowserActions -> Text field cleared: password 
04-02-2025 12:53:56.758 : INFO  utils.BrowserActions -> Added text: Hezky@123 in the element: password 
04-02-2025 12:53:56.758 : INFO  pages.HezkyTech.CustomerPanel -> Trying to click on login button:  
04-02-2025 12:53:56.759 : INFO  utils.BrowserActionBase -> Waiting for element to be Clickable: signIn 
04-02-2025 12:55:27.031 : INFO  utils.BrowserActionBase -> WebElement is not Clickable: signIn 
04-02-2025 12:55:29.520 : INFO  tests.TestBase -> Success: TEST CASE PASSED IS: verify_valid_login 
04-02-2025 12:55:29.523 : INFO  tests.TestBase -> TEST CASE PASSED IS: verify_valid_login 
04-02-2025 12:55:29.933 : INFO  tests.TestBase -> = = = = = Execution of Method verify_valid_login Completed  = = = = =

 
04-02-2025 12:55:29.936 : INFO  utils.ExtentReport -> test description is: Verify Company Logo is loaded on page 
04-02-2025 12:55:29.937 : INFO  tests.TestBase -> = = = = = Execution of Method verify_Company_Logo Started  = = = = =
 
04-02-2025 12:55:29.941 : INFO  utils.BrowserActions -> Loading URL in browser: https://preprod.hezkytech.com/#/auth/login 
04-02-2025 12:55:30.632 : INFO  utils.BrowserActionBase -> Waiting for page load to complete. 
04-02-2025 12:55:30.732 : INFO  utils.BrowserActions -> Page loaded. 
04-02-2025 12:55:30.733 : INFO  pages.HezkyTech.CustomerPanel -> Trying to verify Comapny logo is loaded or not:  
04-02-2025 12:55:30.733 : INFO  utils.BrowserActionBase -> Waiting for element to be visible: companyLogo 
04-02-2025 12:57:01.359 : ERROR utils.BrowserActionBase -> WebElement is not visible: companyLogo 
04-02-2025 12:57:01.360 : INFO  utils.BrowserActionBase -> WebElement is not visible: companyLogo 
04-02-2025 12:57:03.728 : ERROR tests.TestBase -> TEST CASE FAILED IS: verify_Company_Logo 
04-02-2025 12:57:03.728 : INFO  tests.TestBase -> TEST CASE FAILED IS: verify_Company_Logo 
04-02-2025 12:57:03.728 : ERROR tests.TestBase -> TEST CASE FAILED REASON: java.lang.AssertionError: Company logo not visible did not expect to find [true] but found [false] 
04-02-2025 12:57:03.729 : INFO  tests.TestBase -> TEST CASE FAILED REASON: java.lang.AssertionError: Company logo not visible did not expect to find [true] but found [false] 
04-02-2025 12:57:03.789 : INFO  tests.TestBase -> = = = = = Execution of Method verify_Company_Logo Completed  = = = = =

 
04-02-2025 12:57:03.791 : INFO  utils.ExtentReport -> test description is: Verify user can select location  
04-02-2025 12:57:03.791 : INFO  tests.TestBase -> = = = = = Execution of Method verify_selectLocation Started  = = = = =
 
04-02-2025 12:57:03.794 : INFO  utils.BrowserActions -> Loading URL in browser: https://preprod.hezkytech.com/#/auth/login 
04-02-2025 12:57:04.505 : INFO  utils.BrowserActionBase -> Waiting for page load to complete. 
04-02-2025 12:57:04.579 : INFO  utils.BrowserActions -> Page loaded. 
04-02-2025 12:57:04.580 : INFO  pages.HezkyTech.CustomerPanel -> Trying to click on Location Icon button:  
04-02-2025 12:57:04.581 : INFO  utils.BrowserActionBase -> Waiting for element to be Clickable: locationIcon 
04-02-2025 12:58:34.734 : INFO  utils.BrowserActionBase -> WebElement is not Clickable: locationIcon 
04-02-2025 12:58:37.041 : ERROR tests.TestBase -> TEST CASE FAILED IS: verify_selectLocation 
04-02-2025 12:58:37.042 : INFO  tests.TestBase -> TEST CASE FAILED IS: verify_selectLocation 
04-02-2025 12:58:37.042 : ERROR tests.TestBase -> TEST CASE FAILED REASON: java.lang.AssertionError: Location Icon Button is not Clickable 
04-02-2025 12:58:37.042 : INFO  tests.TestBase -> TEST CASE FAILED REASON: java.lang.AssertionError: Location Icon Button is not Clickable 
04-02-2025 12:58:37.096 : INFO  tests.TestBase -> = = = = = Execution of Method verify_selectLocation Completed  = = = = =

 
04-02-2025 12:58:37.097 : INFO  utils.ExtentReport -> test description is: Verify user can not add aseet withoudt manadaoty data 
04-02-2025 12:58:37.097 : INFO  tests.TestBase -> = = = = = Execution of Method verify_Add_Asset_Without_Mandatory_Data Started  = = = = =
 
04-02-2025 12:58:37.101 : INFO  utils.BrowserActions -> Loading URL in browser: https://preprod.hezkytech.com/#/auth/login 
04-02-2025 12:58:37.779 : INFO  utils.BrowserActionBase -> Waiting for page load to complete. 
04-02-2025 12:58:37.806 : INFO  utils.BrowserActions -> Page loaded. 
04-02-2025 12:58:37.807 : INFO  pages.HezkyTech.CustomerPanel -> Trying to click on Assets button:  
04-02-2025 12:58:37.808 : INFO  utils.BrowserActionBase -> Waiting for element to be Clickable: assets 
04-02-2025 13:00:08.092 : INFO  utils.BrowserActionBase -> WebElement is not Clickable: assets 
04-02-2025 13:00:10.526 : ERROR tests.TestBase -> TEST CASE FAILED IS: verify_Add_Asset_Without_Mandatory_Data 
04-02-2025 13:00:10.527 : INFO  tests.TestBase -> TEST CASE FAILED IS: verify_Add_Asset_Without_Mandatory_Data 
04-02-2025 13:00:10.527 : ERROR tests.TestBase -> TEST CASE FAILED REASON: java.lang.AssertionError: Assets Button/Dropdown is not Clickable  
04-02-2025 13:00:10.527 : INFO  tests.TestBase -> TEST CASE FAILED REASON: java.lang.AssertionError: Assets Button/Dropdown is not Clickable  
04-02-2025 13:00:10.594 : INFO  tests.TestBase -> = = = = = Execution of Method verify_Add_Asset_Without_Mandatory_Data Completed  = = = = =

 
04-02-2025 13:00:10.596 : INFO  utils.ExtentReport -> test description is: Verify user can add asset with manadatory data 
04-02-2025 13:00:10.596 : INFO  tests.TestBase -> = = = = = Execution of Method verify_Add_Asset_With_Mandatory_Data Started  = = = = =
 
04-02-2025 13:00:10.600 : INFO  tests.TestBase -> Success: TEST CASE PASSED IS: verify_Add_Asset_With_Mandatory_Data 
04-02-2025 13:00:10.601 : INFO  tests.TestBase -> TEST CASE PASSED IS: verify_Add_Asset_With_Mandatory_Data 
04-02-2025 13:00:10.667 : INFO  tests.TestBase -> = = = = = Execution of Method verify_Add_Asset_With_Mandatory_Data Completed  = = = = =

 
04-02-2025 13:00:10.683 : INFO  utils.webdrivers.DriverManager -> Closing Driver (2049646260) 
04-02-2025 13:00:11.169 : INFO  tests.TestBase -> **************************************************************************************** 
04-02-2025 13:00:11.170 : INFO  tests.TestBase -> # # # # # Execution of Class tests.HezkyTechPageTest.CustomerPanelPageTest Completed # # # # # 
04-02-2025 13:00:11.170 : INFO  tests.TestBase -> **************************************************************************************** 
04-02-2025 13:01:56.995 : INFO  tests.TestBase -> Executing Before Suite Method. 
04-02-2025 13:01:57.000 : INFO  utils.readers.Config -> Test Environment Specific property file loaded successfully.C:\Users\vaibh\git\repository2\.git\HezkyTechAutomation\properties\env.test.properties 
04-02-2025 13:01:57.001 : INFO  utils.readers.Config -> Common property file loaded successfully.C:\Users\vaibh\git\repository2\.git\HezkyTechAutomation\properties\\env.common.properties 
04-02-2025 13:01:57.083 : INFO  utils.ExtentReport -> Extent report directory cleared. 
04-02-2025 13:01:57.205 : INFO  utils.ScreenshotHelper -> Screenshot Directory is: C:\Users\vaibh\git\repository2\.git\HezkyTechAutomation\test-output\screenshots 
04-02-2025 13:01:58.530 : INFO  utils.webdrivers.DriverManager -> Initialized Driver (1329492804) 
04-02-2025 13:01:58.681 : INFO  tests.TestBase -> **************************************************************************************** 
04-02-2025 13:01:58.685 : INFO  tests.TestBase -> # # # # # Execution of Class tests.HezkyTechPageTest.CustomerPanelPageTest Started # # # # # 
04-02-2025 13:01:58.685 : INFO  tests.TestBase -> **************************************************************************************** 
04-02-2025 13:01:58.695 : INFO  utils.ExtentReport -> test description is: Verify user is able to login using valid  login credintials 
04-02-2025 13:01:58.704 : INFO  tests.TestBase -> = = = = = Execution of Method verify_valid_login Started  = = = = =
 
04-02-2025 13:01:58.743 : INFO  utils.BrowserActions -> Loading URL in browser: https://preprod.hezkytech.com/#/auth/login 
04-02-2025 13:02:11.048 : INFO  utils.BrowserActionBase -> Waiting for page load to complete. 
04-02-2025 13:02:11.108 : INFO  utils.BrowserActions -> Page loaded. 
04-02-2025 13:02:11.109 : INFO  pages.HezkyTech.CustomerPanel -> Trying to login:  
04-02-2025 13:02:11.110 : INFO  utils.BrowserActionBase -> Waiting for element to be visible: customerID 
04-02-2025 13:03:23.489 : INFO  utils.BrowserActions -> Text field cleared: customerID 
04-02-2025 13:03:23.612 : INFO  utils.BrowserActions -> Added text: 77002 in the element: customerID 
04-02-2025 13:03:23.613 : INFO  utils.BrowserActionBase -> Waiting for element to be visible: userName 
04-02-2025 13:03:23.739 : INFO  utils.BrowserActions -> Text field cleared: userName 
04-02-2025 13:03:23.882 : INFO  utils.BrowserActions -> Added text: vaibhav.hulule@hezkytech.com in the element: userName 
04-02-2025 13:03:23.882 : INFO  utils.BrowserActionBase -> Waiting for element to be visible: password 
04-02-2025 13:03:23.996 : INFO  utils.BrowserActions -> Text field cleared: password 
04-02-2025 13:03:24.122 : INFO  utils.BrowserActions -> Added text: Hezky@123 in the element: password 
04-02-2025 13:03:24.122 : INFO  pages.HezkyTech.CustomerPanel -> Trying to click on login button:  
04-02-2025 13:03:24.123 : INFO  utils.BrowserActionBase -> Waiting for element to be Clickable: signIn 
04-02-2025 13:03:24.262 : INFO  utils.BrowserActionBase -> Clicked on the button: signIn 
04-02-2025 13:03:34.267 : INFO  utils.BrowserActionBase -> Waiting for element to be visible: usernameValidation 
04-02-2025 13:05:04.925 : ERROR utils.BrowserActionBase -> WebElement is not visible: usernameValidation 
04-02-2025 13:05:04.931 : INFO  utils.BrowserActionBase -> WebElement is not visible: usernameValidation 
04-02-2025 13:05:05.827 : ERROR tests.TestBase -> TEST CASE FAILED IS: verify_valid_login 
04-02-2025 13:05:05.827 : INFO  tests.TestBase -> TEST CASE FAILED IS: verify_valid_login 
04-02-2025 13:05:05.827 : ERROR tests.TestBase -> TEST CASE FAILED REASON: java.lang.AssertionError: Login Failed , Username Title text not visible did not expect to find [true] but found [false] 
04-02-2025 13:05:05.828 : INFO  tests.TestBase -> TEST CASE FAILED REASON: java.lang.AssertionError: Login Failed , Username Title text not visible did not expect to find [true] but found [false] 
04-02-2025 13:05:06.130 : INFO  tests.TestBase -> = = = = = Execution of Method verify_valid_login Completed  = = = = =

 
04-02-2025 13:05:06.133 : INFO  utils.ExtentReport -> test description is: Verify Company Logo is loaded on page 
04-02-2025 13:05:06.133 : INFO  tests.TestBase -> = = = = = Execution of Method verify_Company_Logo Started  = = = = =
 
04-02-2025 13:05:06.139 : INFO  utils.BrowserActions -> Loading URL in browser: https://preprod.hezkytech.com/#/auth/login 
04-02-2025 13:05:06.623 : INFO  utils.BrowserActionBase -> Waiting for page load to complete. 
04-02-2025 13:05:06.711 : INFO  utils.BrowserActions -> Page loaded. 
04-02-2025 13:05:06.711 : INFO  pages.HezkyTech.CustomerPanel -> Trying to verify Comapny logo is loaded or not:  
04-02-2025 13:05:06.712 : INFO  utils.BrowserActionBase -> Waiting for element to be visible: companyLogo 
04-02-2025 13:06:37.345 : ERROR utils.BrowserActionBase -> WebElement is not visible: companyLogo 
04-02-2025 13:06:37.345 : INFO  utils.BrowserActionBase -> WebElement is not visible: companyLogo 
04-02-2025 13:06:37.978 : ERROR tests.TestBase -> TEST CASE FAILED IS: verify_Company_Logo 
04-02-2025 13:06:37.979 : INFO  tests.TestBase -> TEST CASE FAILED IS: verify_Company_Logo 
04-02-2025 13:06:37.979 : ERROR tests.TestBase -> TEST CASE FAILED REASON: java.lang.AssertionError: Company logo not visible did not expect to find [true] but found [false] 
04-02-2025 13:06:37.979 : INFO  tests.TestBase -> TEST CASE FAILED REASON: java.lang.AssertionError: Company logo not visible did not expect to find [true] but found [false] 
04-02-2025 13:06:38.030 : INFO  tests.TestBase -> = = = = = Execution of Method verify_Company_Logo Completed  = = = = =

 
04-02-2025 13:06:38.032 : INFO  utils.ExtentReport -> test description is: Verify user can select location  
04-02-2025 13:06:38.032 : INFO  tests.TestBase -> = = = = = Execution of Method verify_selectLocation Started  = = = = =
 
04-02-2025 13:06:38.036 : INFO  utils.BrowserActions -> Loading URL in browser: https://preprod.hezkytech.com/#/auth/login 
04-02-2025 13:06:38.460 : INFO  utils.BrowserActionBase -> Waiting for page load to complete. 
04-02-2025 13:06:38.557 : INFO  utils.BrowserActions -> Page loaded. 
04-02-2025 13:06:38.557 : INFO  pages.HezkyTech.CustomerPanel -> Trying to click on Location Icon button:  
04-02-2025 13:06:38.558 : INFO  utils.BrowserActionBase -> Waiting for element to be Clickable: locationIcon 
04-02-2025 13:08:08.847 : INFO  utils.BrowserActionBase -> WebElement is not Clickable: locationIcon 
04-02-2025 13:08:09.396 : ERROR tests.TestBase -> TEST CASE FAILED IS: verify_selectLocation 
04-02-2025 13:08:09.397 : INFO  tests.TestBase -> TEST CASE FAILED IS: verify_selectLocation 
04-02-2025 13:08:09.397 : ERROR tests.TestBase -> TEST CASE FAILED REASON: java.lang.AssertionError: Location Icon Button is not Clickable 
04-02-2025 13:08:09.397 : INFO  tests.TestBase -> TEST CASE FAILED REASON: java.lang.AssertionError: Location Icon Button is not Clickable 
04-02-2025 13:08:09.442 : INFO  tests.TestBase -> = = = = = Execution of Method verify_selectLocation Completed  = = = = =

 
04-02-2025 13:08:09.443 : INFO  utils.ExtentReport -> test description is: Verify user can not add aseet withoudt manadaoty data 
04-02-2025 13:08:09.443 : INFO  tests.TestBase -> = = = = = Execution of Method verify_Add_Asset_Without_Mandatory_Data Started  = = = = =
 
04-02-2025 13:08:09.447 : INFO  utils.BrowserActions -> Loading URL in browser: https://preprod.hezkytech.com/#/auth/login 
04-02-2025 13:08:09.941 : INFO  utils.BrowserActionBase -> Waiting for page load to complete. 
04-02-2025 13:08:10.053 : INFO  utils.BrowserActions -> Page loaded. 
04-02-2025 13:08:10.054 : INFO  pages.HezkyTech.CustomerPanel -> Trying to click on Assets button:  
04-02-2025 13:08:10.054 : INFO  utils.BrowserActionBase -> Waiting for element to be Clickable: assets 
04-02-2025 13:09:40.269 : INFO  utils.BrowserActionBase -> WebElement is not Clickable: assets 
04-02-2025 13:09:40.863 : ERROR tests.TestBase -> TEST CASE FAILED IS: verify_Add_Asset_Without_Mandatory_Data 
04-02-2025 13:09:40.863 : INFO  tests.TestBase -> TEST CASE FAILED IS: verify_Add_Asset_Without_Mandatory_Data 
04-02-2025 13:09:40.863 : ERROR tests.TestBase -> TEST CASE FAILED REASON: java.lang.AssertionError: Assets Button/Dropdown is not Clickable  
04-02-2025 13:09:40.863 : INFO  tests.TestBase -> TEST CASE FAILED REASON: java.lang.AssertionError: Assets Button/Dropdown is not Clickable  
04-02-2025 13:09:40.907 : INFO  tests.TestBase -> = = = = = Execution of Method verify_Add_Asset_Without_Mandatory_Data Completed  = = = = =

 
04-02-2025 13:09:40.908 : INFO  utils.ExtentReport -> test description is: Verify user can add asset with manadatory data 
04-02-2025 13:09:40.908 : INFO  tests.TestBase -> = = = = = Execution of Method verify_Add_Asset_With_Mandatory_Data Started  = = = = =
 
04-02-2025 13:09:40.910 : INFO  tests.TestBase -> Success: TEST CASE PASSED IS: verify_Add_Asset_With_Mandatory_Data 
04-02-2025 13:09:40.910 : INFO  tests.TestBase -> TEST CASE PASSED IS: verify_Add_Asset_With_Mandatory_Data 
04-02-2025 13:09:40.946 : INFO  tests.TestBase -> = = = = = Execution of Method verify_Add_Asset_With_Mandatory_Data Completed  = = = = =

 
04-02-2025 13:09:40.957 : INFO  utils.webdrivers.DriverManager -> Closing Driver (1329492804) 
04-02-2025 13:09:41.563 : INFO  tests.TestBase -> **************************************************************************************** 
04-02-2025 13:09:41.563 : INFO  tests.TestBase -> # # # # # Execution of Class tests.HezkyTechPageTest.CustomerPanelPageTest Completed # # # # # 
04-02-2025 13:09:41.564 : INFO  tests.TestBase -> **************************************************************************************** 
04-02-2025 14:53:22.232 : INFO  tests.TestBase -> Executing Before Suite Method. 
04-02-2025 14:53:22.237 : INFO  utils.readers.Config -> Test Environment Specific property file loaded successfully.C:\Users\vaibh\git\repository2\.git\HezkyTechAutomation\properties\env.test.properties 
04-02-2025 14:53:22.238 : INFO  utils.readers.Config -> Common property file loaded successfully.C:\Users\vaibh\git\repository2\.git\HezkyTechAutomation\properties\\env.common.properties 
04-02-2025 14:53:22.331 : INFO  utils.ExtentReport -> Extent report directory cleared. 
04-02-2025 14:53:22.454 : INFO  utils.ScreenshotHelper -> Screenshot Directory is: C:\Users\vaibh\git\repository2\.git\HezkyTechAutomation\test-output\screenshots 
04-02-2025 14:53:24.013 : INFO  utils.webdrivers.DriverManager -> Initialized Driver (1329492804) 
04-02-2025 14:53:24.148 : INFO  tests.TestBase -> **************************************************************************************** 
04-02-2025 14:53:24.151 : INFO  tests.TestBase -> # # # # # Execution of Class tests.HezkyTechPageTest.CustomerPanelPageTest Started # # # # # 
04-02-2025 14:53:24.151 : INFO  tests.TestBase -> **************************************************************************************** 
04-02-2025 14:53:24.165 : INFO  utils.ExtentReport -> test description is: Verify user is able to login using valid  login credintials 
04-02-2025 14:53:24.178 : INFO  tests.TestBase -> = = = = = Execution of Method verify_valid_login Started  = = = = =
 
04-02-2025 14:53:24.232 : INFO  utils.BrowserActions -> Loading URL in browser: https://dev.hezkytech.com/#/auth/login 
04-02-2025 14:53:53.971 : INFO  utils.BrowserActionBase -> Waiting for page load to complete. 
04-02-2025 14:53:54.023 : INFO  utils.BrowserActions -> Page loaded. 
04-02-2025 14:53:54.024 : INFO  pages.HezkyTech.CustomerPanel -> Trying to login:  
04-02-2025 14:53:54.025 : INFO  utils.BrowserActionBase -> Waiting for element to be visible: customerID 
04-02-2025 14:53:55.734 : INFO  utils.BrowserActions -> Text field cleared: customerID 
04-02-2025 14:53:55.833 : INFO  utils.BrowserActions -> Added text: 10 in the element: customerID 
04-02-2025 14:53:55.833 : INFO  utils.BrowserActionBase -> Waiting for element to be visible: userName 
04-02-2025 14:53:55.952 : INFO  utils.BrowserActions -> Text field cleared: userName 
04-02-2025 14:53:56.057 : INFO  utils.BrowserActions -> Added text: hezkyuser2011@mailinator.com in the element: userName 
04-02-2025 14:53:56.058 : INFO  utils.BrowserActionBase -> Waiting for element to be visible: password 
04-02-2025 14:53:56.166 : INFO  utils.BrowserActions -> Text field cleared: password 
04-02-2025 14:53:56.242 : INFO  utils.BrowserActions -> Added text: 1GQRmNz$ in the element: password 
04-02-2025 14:53:56.242 : INFO  pages.HezkyTech.CustomerPanel -> Trying to click on login button:  
04-02-2025 14:53:56.243 : INFO  utils.BrowserActionBase -> Waiting for element to be Clickable: signIn 
04-02-2025 14:53:56.391 : INFO  utils.BrowserActionBase -> Clicked on the button: signIn 
04-02-2025 14:54:06.394 : INFO  utils.BrowserActionBase -> Waiting for element to be visible: usernameValidation 
04-02-2025 14:55:37.074 : ERROR utils.BrowserActionBase -> WebElement is not visible: usernameValidation 
04-02-2025 14:55:37.079 : INFO  utils.BrowserActionBase -> WebElement is not visible: usernameValidation 
04-02-2025 14:55:37.436 : ERROR tests.TestBase -> TEST CASE FAILED IS: verify_valid_login 
04-02-2025 14:55:37.437 : INFO  tests.TestBase -> TEST CASE FAILED IS: verify_valid_login 
04-02-2025 14:55:37.437 : ERROR tests.TestBase -> TEST CASE FAILED REASON: java.lang.AssertionError: Login Failed , Username Title text not visible did not expect to find [true] but found [false] 
04-02-2025 14:55:37.437 : INFO  tests.TestBase -> TEST CASE FAILED REASON: java.lang.AssertionError: Login Failed , Username Title text not visible did not expect to find [true] but found [false] 
04-02-2025 14:55:37.734 : INFO  tests.TestBase -> = = = = = Execution of Method verify_valid_login Completed  = = = = =

 
04-02-2025 14:55:37.736 : INFO  utils.ExtentReport -> test description is: Verify Company Logo is loaded on page 
04-02-2025 14:55:37.737 : INFO  tests.TestBase -> = = = = = Execution of Method verify_Company_Logo Started  = = = = =
 
04-02-2025 14:55:37.745 : INFO  utils.BrowserActions -> Loading URL in browser: https://dev.hezkytech.com/#/auth/login 
04-02-2025 14:55:37.849 : INFO  utils.BrowserActionBase -> Waiting for page load to complete. 
04-02-2025 14:55:37.877 : INFO  utils.BrowserActions -> Page loaded. 
04-02-2025 14:55:37.878 : INFO  pages.HezkyTech.CustomerPanel -> Trying to verify Comapny logo is loaded or not:  
04-02-2025 14:55:37.878 : INFO  utils.BrowserActionBase -> Waiting for element to be visible: companyLogo 
04-02-2025 14:57:08.565 : ERROR utils.BrowserActionBase -> WebElement is not visible: companyLogo 
04-02-2025 14:57:08.566 : INFO  utils.BrowserActionBase -> WebElement is not visible: companyLogo 
04-02-2025 14:57:09.180 : ERROR tests.TestBase -> TEST CASE FAILED IS: verify_Company_Logo 
04-02-2025 14:57:09.181 : INFO  tests.TestBase -> TEST CASE FAILED IS: verify_Company_Logo 
04-02-2025 14:57:09.181 : ERROR tests.TestBase -> TEST CASE FAILED REASON: java.lang.AssertionError: Company logo not visible did not expect to find [true] but found [false] 
04-02-2025 14:57:09.181 : INFO  tests.TestBase -> TEST CASE FAILED REASON: java.lang.AssertionError: Company logo not visible did not expect to find [true] but found [false] 
04-02-2025 14:57:09.242 : INFO  tests.TestBase -> = = = = = Execution of Method verify_Company_Logo Completed  = = = = =

 
04-02-2025 14:57:09.243 : INFO  utils.ExtentReport -> test description is: Verify user can select location  
04-02-2025 14:57:09.244 : INFO  tests.TestBase -> = = = = = Execution of Method verify_selectLocation Started  = = = = =
 
04-02-2025 14:57:09.247 : INFO  utils.BrowserActions -> Loading URL in browser: https://dev.hezkytech.com/#/auth/login 
04-02-2025 14:57:10.052 : INFO  utils.BrowserActionBase -> Waiting for page load to complete. 
04-02-2025 14:57:10.154 : INFO  utils.BrowserActions -> Page loaded. 
04-02-2025 14:57:10.155 : INFO  pages.HezkyTech.CustomerPanel -> Trying to click on Location Icon button:  
04-02-2025 14:57:10.155 : INFO  utils.BrowserActionBase -> Waiting for element to be Clickable: locationIcon 
04-02-2025 15:01:41.010 : INFO  tests.TestBase -> Executing Before Suite Method. 
04-02-2025 15:01:41.016 : INFO  utils.readers.Config -> Test Environment Specific property file loaded successfully.C:\Users\vaibh\git\repository2\.git\HezkyTechAutomation\properties\env.test.properties 
04-02-2025 15:01:41.016 : INFO  utils.readers.Config -> Common property file loaded successfully.C:\Users\vaibh\git\repository2\.git\HezkyTechAutomation\properties\\env.common.properties 
04-02-2025 15:01:41.118 : INFO  utils.ExtentReport -> Extent report directory cleared. 
04-02-2025 15:01:41.238 : INFO  utils.ScreenshotHelper -> Screenshot Directory is: C:\Users\vaibh\git\repository2\.git\HezkyTechAutomation\test-output\screenshots 
04-02-2025 15:01:42.729 : INFO  utils.webdrivers.DriverManager -> Initialized Driver (862486751) 
04-02-2025 15:01:42.883 : INFO  tests.TestBase -> **************************************************************************************** 
04-02-2025 15:01:42.885 : INFO  tests.TestBase -> # # # # # Execution of Class tests.HezkyTechPageTest.LoginPageTest Started # # # # # 
04-02-2025 15:01:42.886 : INFO  tests.TestBase -> **************************************************************************************** 
04-02-2025 15:01:42.898 : INFO  utils.ExtentReport -> test description is: Verify Company logo is clearly visible on landing page 
04-02-2025 15:01:42.908 : INFO  tests.TestBase -> = = = = = Execution of Method LP_001_verifyCompanyLogoVisible Started  = = = = =
 
04-02-2025 15:01:42.962 : INFO  utils.BrowserActions -> Loading URL in browser: https://dev.hezkytech.com/#/auth/login 
04-02-2025 15:02:12.154 : INFO  utils.BrowserActionBase -> Waiting for page load to complete. 
04-02-2025 15:02:12.199 : INFO  utils.BrowserActions -> Page loaded. 
04-02-2025 15:02:12.201 : INFO  pages.HezkyTech.CustomerPanel -> Trying to verify Comapny logo is loaded or not:  
04-02-2025 15:02:12.201 : INFO  utils.BrowserActionBase -> Waiting for element to be visible: companyLogoOnLandingPage 
04-02-2025 15:02:17.180 : INFO  tests.TestBase -> Success: TEST CASE PASSED IS: LP_001_verifyCompanyLogoVisible 
04-02-2025 15:02:17.183 : INFO  tests.TestBase -> TEST CASE PASSED IS: LP_001_verifyCompanyLogoVisible 
04-02-2025 15:02:17.599 : INFO  tests.TestBase -> = = = = = Execution of Method LP_001_verifyCompanyLogoVisible Completed  = = = = =

 
04-02-2025 15:02:17.602 : INFO  utils.ExtentReport -> test description is: Verify Page scroll is present on page when needed 
04-02-2025 15:02:17.602 : INFO  tests.TestBase -> = = = = = Execution of Method LP_002_verifyPageScrollPresence Started  = = = = =
 
04-02-2025 15:02:17.606 : INFO  tests.TestBase -> Success: TEST CASE PASSED IS: LP_002_verifyPageScrollPresence 
04-02-2025 15:02:17.606 : INFO  tests.TestBase -> TEST CASE PASSED IS: LP_002_verifyPageScrollPresence 
04-02-2025 15:02:17.673 : INFO  tests.TestBase -> = = = = = Execution of Method LP_002_verifyPageScrollPresence Completed  = = = = =

 
04-02-2025 15:02:17.674 : INFO  utils.ExtentReport -> test description is: Verify Mouse cursor is displaying at Email textbox by default 
04-02-2025 15:02:17.675 : INFO  tests.TestBase -> = = = = = Execution of Method LP_003_verifyMouseCursorAtEmailTextbox Started  = = = = =
 
04-02-2025 15:02:17.678 : INFO  tests.TestBase -> Success: TEST CASE PASSED IS: LP_003_verifyMouseCursorAtEmailTextbox 
04-02-2025 15:02:17.678 : INFO  tests.TestBase -> TEST CASE PASSED IS: LP_003_verifyMouseCursorAtEmailTextbox 
04-02-2025 15:02:17.735 : INFO  tests.TestBase -> = = = = = Execution of Method LP_003_verifyMouseCursorAtEmailTextbox Completed  = = = = =

 
04-02-2025 15:02:17.736 : INFO  utils.ExtentReport -> test description is: Verify that on mouse hover cursor icon gets changed or not if the object is a link. 
04-02-2025 15:02:17.736 : INFO  tests.TestBase -> = = = = = Execution of Method LP_004_verifyCursorChangeOnHover Started  = = = = =
 
04-02-2025 15:02:17.740 : INFO  tests.TestBase -> Success: TEST CASE PASSED IS: LP_004_verifyCursorChangeOnHover 
04-02-2025 15:02:17.741 : INFO  tests.TestBase -> TEST CASE PASSED IS: LP_004_verifyCursorChangeOnHover 
04-02-2025 15:02:17.804 : INFO  tests.TestBase -> = = = = = Execution of Method LP_004_verifyCursorChangeOnHover Completed  = = = = =

 
04-02-2025 15:02:17.805 : INFO  utils.ExtentReport -> test description is: Verify that the icon name/Tooltips showing or not when hovering the mouse on the object. 
04-02-2025 15:02:17.805 : INFO  tests.TestBase -> = = = = = Execution of Method LP_005_verifyTooltipOnHover Started  = = = = =
 
04-02-2025 15:02:17.809 : INFO  tests.TestBase -> Success: TEST CASE PASSED IS: LP_005_verifyTooltipOnHover 
04-02-2025 15:02:17.809 : INFO  tests.TestBase -> TEST CASE PASSED IS: LP_005_verifyTooltipOnHover 
04-02-2025 15:02:17.875 : INFO  tests.TestBase -> = = = = = Execution of Method LP_005_verifyTooltipOnHover Completed  = = = = =

 
04-02-2025 15:02:17.877 : INFO  utils.ExtentReport -> test description is: Verify mouse cursor is showing or not when user click on Text on page 
04-02-2025 15:02:17.878 : INFO  tests.TestBase -> = = = = = Execution of Method LP_006_verifyMouseCursorOnTextClick Started  = = = = =
 
04-02-2025 15:02:17.881 : INFO  tests.TestBase -> Success: TEST CASE PASSED IS: LP_006_verifyMouseCursorOnTextClick 
04-02-2025 15:02:17.881 : INFO  tests.TestBase -> TEST CASE PASSED IS: LP_006_verifyMouseCursorOnTextClick 
04-02-2025 15:02:17.939 : INFO  tests.TestBase -> = = = = = Execution of Method LP_006_verifyMouseCursorOnTextClick Completed  = = = = =

 
04-02-2025 15:02:17.941 : INFO  utils.ExtentReport -> test description is: Verify all links are clickable on the page 
04-02-2025 15:02:17.941 : INFO  tests.TestBase -> = = = = = Execution of Method LP_007_verifyAllLinksClickable Started  = = = = =
 
04-02-2025 15:02:17.944 : INFO  tests.TestBase -> Success: TEST CASE PASSED IS: LP_007_verifyAllLinksClickable 
04-02-2025 15:02:17.945 : INFO  tests.TestBase -> TEST CASE PASSED IS: LP_007_verifyAllLinksClickable 
04-02-2025 15:02:18.005 : INFO  tests.TestBase -> = = = = = Execution of Method LP_007_verifyAllLinksClickable Completed  = = = = =

 
04-02-2025 15:02:18.006 : INFO  utils.ExtentReport -> test description is: Verify user can navigate back easily after clicking the links like about us, terms and conditions, privacy and policy. 
04-02-2025 15:02:18.007 : INFO  tests.TestBase -> = = = = = Execution of Method LP_008_verifyNavigationBackFromLinks Started  = = = = =
 
04-02-2025 15:02:18.011 : INFO  tests.TestBase -> Success: TEST CASE PASSED IS: LP_008_verifyNavigationBackFromLinks 
04-02-2025 15:02:18.012 : INFO  tests.TestBase -> TEST CASE PASSED IS: LP_008_verifyNavigationBackFromLinks 
04-02-2025 15:02:18.061 : INFO  tests.TestBase -> = = = = = Execution of Method LP_008_verifyNavigationBackFromLinks Completed  = = = = =

 
04-02-2025 15:02:18.062 : INFO  utils.ExtentReport -> test description is: Verify forgot password functionality 
04-02-2025 15:02:18.062 : INFO  tests.TestBase -> = = = = = Execution of Method LP_009_verifyForgotPasswordFunctionality Started  = = = = =
 
04-02-2025 15:02:18.065 : INFO  tests.TestBase -> Success: TEST CASE PASSED IS: LP_009_verifyForgotPasswordFunctionality 
04-02-2025 15:02:18.065 : INFO  tests.TestBase -> TEST CASE PASSED IS: LP_009_verifyForgotPasswordFunctionality 
04-02-2025 15:02:18.109 : INFO  tests.TestBase -> = = = = = Execution of Method LP_009_verifyForgotPasswordFunctionality Completed  = = = = =

 
04-02-2025 15:02:18.110 : INFO  utils.ExtentReport -> test description is: Verify user can navigate back to login page from forgot password popup 
04-02-2025 15:02:18.110 : INFO  tests.TestBase -> = = = = = Execution of Method LP_010_verifyNavigationBackFromForgotPassword Started  = = = = =
 
04-02-2025 15:02:18.113 : INFO  tests.TestBase -> Success: TEST CASE PASSED IS: LP_010_verifyNavigationBackFromForgotPassword 
04-02-2025 15:02:18.114 : INFO  tests.TestBase -> TEST CASE PASSED IS: LP_010_verifyNavigationBackFromForgotPassword 
04-02-2025 15:02:18.159 : INFO  tests.TestBase -> = = = = = Execution of Method LP_010_verifyNavigationBackFromForgotPassword Completed  = = = = =

 
04-02-2025 15:02:18.160 : INFO  utils.ExtentReport -> test description is: Verify when user enter incorrect Email in forgot password popup error message should be displayed 
04-02-2025 15:02:18.160 : INFO  tests.TestBase -> = = = = = Execution of Method LP_011_verifyErrorMessageForInvalidEmail Started  = = = = =
 
04-02-2025 15:02:18.162 : INFO  tests.TestBase -> Success: TEST CASE PASSED IS: LP_011_verifyErrorMessageForInvalidEmail 
04-02-2025 15:02:18.163 : INFO  tests.TestBase -> TEST CASE PASSED IS: LP_011_verifyErrorMessageForInvalidEmail 
04-02-2025 15:02:18.217 : INFO  tests.TestBase -> = = = = = Execution of Method LP_011_verifyErrorMessageForInvalidEmail Completed  = = = = =

 
04-02-2025 15:02:18.218 : INFO  utils.ExtentReport -> test description is: Verify OTP is sent when user enter valid email in email textbox of Forgot password pop-up 
04-02-2025 15:02:18.218 : INFO  tests.TestBase -> = = = = = Execution of Method LP_012_verifyOTPSentForValidEmail Started  = = = = =
 
04-02-2025 15:02:18.220 : INFO  tests.TestBase -> Success: TEST CASE PASSED IS: LP_012_verifyOTPSentForValidEmail 
04-02-2025 15:02:18.221 : INFO  tests.TestBase -> TEST CASE PASSED IS: LP_012_verifyOTPSentForValidEmail 
04-02-2025 15:02:18.265 : INFO  tests.TestBase -> = = = = = Execution of Method LP_012_verifyOTPSentForValidEmail Completed  = = = = =

 
04-02-2025 15:02:18.266 : INFO  utils.ExtentReport -> test description is: Verify update password page is showing after OTP sent to valid email 
04-02-2025 15:02:18.266 : INFO  tests.TestBase -> = = = = = Execution of Method LP_013_verifyUpdatePasswordPageAfterOTP Started  = = = = =
 
04-02-2025 15:02:18.269 : INFO  tests.TestBase -> Success: TEST CASE PASSED IS: LP_013_verifyUpdatePasswordPageAfterOTP 
04-02-2025 15:02:18.270 : INFO  tests.TestBase -> TEST CASE PASSED IS: LP_013_verifyUpdatePasswordPageAfterOTP 
04-02-2025 15:02:18.324 : INFO  tests.TestBase -> = = = = = Execution of Method LP_013_verifyUpdatePasswordPageAfterOTP Completed  = = = = =

 
04-02-2025 15:02:18.324 : INFO  utils.ExtentReport -> test description is: Verify user can not update password using wrong OTP and error message is showing 
04-02-2025 15:02:18.324 : INFO  tests.TestBase -> = = = = = Execution of Method LP_014_verifyErrorForWrongOTP Started  = = = = =
 
04-02-2025 15:02:18.328 : INFO  tests.TestBase -> Success: TEST CASE PASSED IS: LP_014_verifyErrorForWrongOTP 
04-02-2025 15:02:18.328 : INFO  tests.TestBase -> TEST CASE PASSED IS: LP_014_verifyErrorForWrongOTP 
04-02-2025 15:02:18.373 : INFO  tests.TestBase -> = = = = = Execution of Method LP_014_verifyErrorForWrongOTP Completed  = = = = =

 
04-02-2025 15:02:18.374 : INFO  utils.ExtentReport -> test description is: Verify resend OTP button functionality 
04-02-2025 15:02:18.375 : INFO  tests.TestBase -> = = = = = Execution of Method LP_015_verifyResendOTPFunctionality Started  = = = = =
 
04-02-2025 15:02:18.376 : INFO  tests.TestBase -> Success: TEST CASE PASSED IS: LP_015_verifyResendOTPFunctionality 
04-02-2025 15:02:18.377 : INFO  tests.TestBase -> TEST CASE PASSED IS: LP_015_verifyResendOTPFunctionality 
04-02-2025 15:02:18.424 : INFO  tests.TestBase -> = = = = = Execution of Method LP_015_verifyResendOTPFunctionality Completed  = = = = =

 
04-02-2025 15:02:18.425 : INFO  utils.ExtentReport -> test description is: Successful login with valid username, password, and Customer ID 
04-02-2025 15:02:18.426 : INFO  tests.TestBase -> = = = = = Execution of Method LP_016_verifySuccessfulLogin Started  = = = = =
 
04-02-2025 15:02:18.428 : INFO  tests.TestBase -> Success: TEST CASE PASSED IS: LP_016_verifySuccessfulLogin 
04-02-2025 15:02:18.429 : INFO  tests.TestBase -> TEST CASE PASSED IS: LP_016_verifySuccessfulLogin 
04-02-2025 15:02:18.476 : INFO  tests.TestBase -> = = = = = Execution of Method LP_016_verifySuccessfulLogin Completed  = = = = =

 
04-02-2025 15:02:18.477 : INFO  utils.ExtentReport -> test description is: Verify user gets Authentication via OTP Sent to Email after inserting valid credentials 
04-02-2025 15:02:18.477 : INFO  tests.TestBase -> = = = = = Execution of Method LP_017_verifyOTPSentAfterValidLogin Started  = = = = =
 
04-02-2025 15:02:18.479 : INFO  tests.TestBase -> Success: TEST CASE PASSED IS: LP_017_verifyOTPSentAfterValidLogin 
04-02-2025 15:02:18.479 : INFO  tests.TestBase -> TEST CASE PASSED IS: LP_017_verifyOTPSentAfterValidLogin 
04-02-2025 15:02:18.521 : INFO  tests.TestBase -> = = = = = Execution of Method LP_017_verifyOTPSentAfterValidLogin Completed  = = = = =

 
04-02-2025 15:02:18.522 : INFO  utils.ExtentReport -> test description is: Verify authorization page is open after user insert all valid credentials 
04-02-2025 15:02:18.523 : INFO  tests.TestBase -> = = = = = Execution of Method LP_018_verifyAuthorizationPageAfterLogin Started  = = = = =
 
04-02-2025 15:02:18.524 : INFO  tests.TestBase -> Success: TEST CASE PASSED IS: LP_018_verifyAuthorizationPageAfterLogin 
04-02-2025 15:02:18.525 : INFO  tests.TestBase -> TEST CASE PASSED IS: LP_018_verifyAuthorizationPageAfterLogin 
04-02-2025 15:02:18.566 : INFO  tests.TestBase -> = = = = = Execution of Method LP_018_verifyAuthorizationPageAfterLogin Completed  = = = = =

 
04-02-2025 15:02:18.567 : INFO  utils.ExtentReport -> test description is: Verify user is logged in successfully after valid OTP 
04-02-2025 15:02:18.567 : INFO  tests.TestBase -> = = = = = Execution of Method LP_019_verifySuccessfulLoginAfterOTP Started  = = = = =
 
04-02-2025 15:02:18.569 : INFO  tests.TestBase -> Success: TEST CASE PASSED IS: LP_019_verifySuccessfulLoginAfterOTP 
04-02-2025 15:02:18.569 : INFO  tests.TestBase -> TEST CASE PASSED IS: LP_019_verifySuccessfulLoginAfterOTP 
04-02-2025 15:02:18.612 : INFO  tests.TestBase -> = = = = = Execution of Method LP_019_verifySuccessfulLoginAfterOTP Completed  = = = = =

 
04-02-2025 15:02:18.613 : INFO  utils.ExtentReport -> test description is: Verify user can't log-in using after invalid OTP 
04-02-2025 15:02:18.613 : INFO  tests.TestBase -> = = = = = Execution of Method LP_020_verifyLoginFailureWithInvalidOTP Started  = = = = =
 
04-02-2025 15:02:18.615 : INFO  tests.TestBase -> Success: TEST CASE PASSED IS: LP_020_verifyLoginFailureWithInvalidOTP 
04-02-2025 15:02:18.616 : INFO  tests.TestBase -> TEST CASE PASSED IS: LP_020_verifyLoginFailureWithInvalidOTP 
04-02-2025 15:02:18.665 : INFO  tests.TestBase -> = = = = = Execution of Method LP_020_verifyLoginFailureWithInvalidOTP Completed  = = = = =

 
04-02-2025 15:02:18.666 : INFO  utils.ExtentReport -> test description is: Verify user can not log in using invalid username and password combination 
04-02-2025 15:02:18.667 : INFO  tests.TestBase -> = = = = = Execution of Method LP_021_verifyLoginFailureWithInvalidCredentials Started  = = = = =
 
04-02-2025 15:02:18.668 : INFO  tests.TestBase -> Success: TEST CASE PASSED IS: LP_021_verifyLoginFailureWithInvalidCredentials 
04-02-2025 15:02:18.669 : INFO  tests.TestBase -> TEST CASE PASSED IS: LP_021_verifyLoginFailureWithInvalidCredentials 
04-02-2025 15:02:18.716 : INFO  tests.TestBase -> = = = = = Execution of Method LP_021_verifyLoginFailureWithInvalidCredentials Completed  = = = = =

 
04-02-2025 15:02:18.717 : INFO  utils.ExtentReport -> test description is: Verify Login failure with incorrect Customer ID 
04-02-2025 15:02:18.717 : INFO  tests.TestBase -> = = = = = Execution of Method LP_022_verifyLoginFailureWithIncorrectCustomerID Started  = = = = =
 
04-02-2025 15:02:18.719 : INFO  tests.TestBase -> Success: TEST CASE PASSED IS: LP_022_verifyLoginFailureWithIncorrectCustomerID 
04-02-2025 15:02:18.720 : INFO  tests.TestBase -> TEST CASE PASSED IS: LP_022_verifyLoginFailureWithIncorrectCustomerID 
04-02-2025 15:02:18.767 : INFO  tests.TestBase -> = = = = = Execution of Method LP_022_verifyLoginFailureWithIncorrectCustomerID Completed  = = = = =

 
04-02-2025 15:02:18.768 : INFO  utils.ExtentReport -> test description is: Verify Login failure with missing Customer ID 
04-02-2025 15:02:18.769 : INFO  tests.TestBase -> = = = = = Execution of Method LP_023_verifyLoginFailureWithMissingCustomerID Started  = = = = =
 
04-02-2025 15:02:18.770 : INFO  tests.TestBase -> Success: TEST CASE PASSED IS: LP_023_verifyLoginFailureWithMissingCustomerID 
04-02-2025 15:02:18.772 : INFO  tests.TestBase -> TEST CASE PASSED IS: LP_023_verifyLoginFailureWithMissingCustomerID 
04-02-2025 15:02:18.819 : INFO  tests.TestBase -> = = = = = Execution of Method LP_023_verifyLoginFailureWithMissingCustomerID Completed  = = = = =

 
04-02-2025 15:02:18.820 : INFO  utils.ExtentReport -> test description is: Verify Account lockout after 05 failed login attempts 
04-02-2025 15:02:18.820 : INFO  tests.TestBase -> = = = = = Execution of Method LP_024_verifyAccountLockoutAfterFailedAttempts Started  = = = = =
 
04-02-2025 15:02:18.822 : INFO  tests.TestBase -> Success: TEST CASE PASSED IS: LP_024_verifyAccountLockoutAfterFailedAttempts 
04-02-2025 15:02:18.823 : INFO  tests.TestBase -> TEST CASE PASSED IS: LP_024_verifyAccountLockoutAfterFailedAttempts 
04-02-2025 15:02:18.865 : INFO  tests.TestBase -> = = = = = Execution of Method LP_024_verifyAccountLockoutAfterFailedAttempts Completed  = = = = =

 
04-02-2025 15:02:18.866 : INFO  utils.ExtentReport -> test description is: Verify error message for after 05 failed login attempts 
04-02-2025 15:02:18.866 : INFO  tests.TestBase -> = = = = = Execution of Method LP_025_verifyErrorMessageAfterFailedAttempts Started  = = = = =
 
04-02-2025 15:02:18.868 : INFO  tests.TestBase -> Success: TEST CASE PASSED IS: LP_025_verifyErrorMessageAfterFailedAttempts 
04-02-2025 15:02:18.868 : INFO  tests.TestBase -> TEST CASE PASSED IS: LP_025_verifyErrorMessageAfterFailedAttempts 
04-02-2025 15:02:18.911 : INFO  tests.TestBase -> = = = = = Execution of Method LP_025_verifyErrorMessageAfterFailedAttempts Completed  = = = = =

 
04-02-2025 15:02:18.912 : INFO  utils.ExtentReport -> test description is: Verify Successful login after entering correct Customer ID on retry 
04-02-2025 15:02:18.912 : INFO  tests.TestBase -> = = = = = Execution of Method LP_026_verifySuccessfulLoginAfterRetry Started  = = = = =
 
04-02-2025 15:02:18.914 : INFO  tests.TestBase -> Success: TEST CASE PASSED IS: LP_026_verifySuccessfulLoginAfterRetry 
04-02-2025 15:02:18.914 : INFO  tests.TestBase -> TEST CASE PASSED IS: LP_026_verifySuccessfulLoginAfterRetry 
04-02-2025 15:02:18.959 : INFO  tests.TestBase -> = = = = = Execution of Method LP_026_verifySuccessfulLoginAfterRetry Completed  = = = = =

 
04-02-2025 15:02:18.960 : INFO  utils.ExtentReport -> test description is: Verify Error message for missing fields 
04-02-2025 15:02:18.961 : INFO  tests.TestBase -> = = = = = Execution of Method LP_027_verifyErrorMessageForMissingFields Started  = = = = =
 
04-02-2025 15:02:18.962 : INFO  tests.TestBase -> Success: TEST CASE PASSED IS: LP_027_verifyErrorMessageForMissingFields 
04-02-2025 15:02:18.963 : INFO  tests.TestBase -> TEST CASE PASSED IS: LP_027_verifyErrorMessageForMissingFields 
04-02-2025 15:02:18.998 : INFO  tests.TestBase -> = = = = = Execution of Method LP_027_verifyErrorMessageForMissingFields Completed  = = = = =

 
04-02-2025 15:02:18.999 : INFO  utils.ExtentReport -> test description is: Verify Ensure customer-specific data is only accessible after successful login 
04-02-2025 15:02:18.999 : INFO  tests.TestBase -> = = = = = Execution of Method LP_028_verifyDataAccessAfterLogin Started  = = = = =
 
04-02-2025 15:02:19.001 : INFO  tests.TestBase -> Success: TEST CASE PASSED IS: LP_028_verifyDataAccessAfterLogin 
04-02-2025 15:02:19.002 : INFO  tests.TestBase -> TEST CASE PASSED IS: LP_028_verifyDataAccessAfterLogin 
04-02-2025 15:02:19.049 : INFO  tests.TestBase -> = = = = = Execution of Method LP_028_verifyDataAccessAfterLogin Completed  = = = = =

 
04-02-2025 15:02:19.061 : INFO  utils.webdrivers.DriverManager -> Closing Driver (862486751) 
04-02-2025 15:02:19.541 : INFO  tests.TestBase -> **************************************************************************************** 
04-02-2025 15:02:19.542 : INFO  tests.TestBase -> # # # # # Execution of Class tests.HezkyTechPageTest.LoginPageTest Completed # # # # # 
04-02-2025 15:02:19.542 : INFO  tests.TestBase -> **************************************************************************************** 
04-02-2025 15:29:59.114 : INFO  tests.TestBase -> Executing Before Suite Method. 
04-02-2025 15:29:59.121 : INFO  utils.readers.Config -> Test Environment Specific property file loaded successfully.C:\Users\vaibh\git\repository2\.git\HezkyTechAutomation\properties\env.test.properties 
04-02-2025 15:29:59.121 : INFO  utils.readers.Config -> Common property file loaded successfully.C:\Users\vaibh\git\repository2\.git\HezkyTechAutomation\properties\\env.common.properties 
04-02-2025 15:29:59.255 : INFO  utils.ExtentReport -> Extent report directory cleared. 
04-02-2025 15:29:59.401 : INFO  utils.ScreenshotHelper -> Screenshot Directory is: C:\Users\vaibh\git\repository2\.git\HezkyTechAutomation\test-output\screenshots 
04-02-2025 15:30:01.393 : INFO  utils.webdrivers.DriverManager -> Initialized Driver (862486751) 
04-02-2025 15:30:01.552 : INFO  tests.TestBase -> **************************************************************************************** 
04-02-2025 15:30:01.555 : INFO  tests.TestBase -> # # # # # Execution of Class tests.HezkyTechPageTest.LoginPageTest Started # # # # # 
04-02-2025 15:30:01.555 : INFO  tests.TestBase -> **************************************************************************************** 
04-02-2025 15:30:01.563 : INFO  utils.ExtentReport -> test description is: Verify Company logo is clearly visible on landing page 
04-02-2025 15:30:01.570 : INFO  tests.TestBase -> = = = = = Execution of Method LP_001_verifyCompanyLogoVisible Started  = = = = =
 
04-02-2025 15:30:01.622 : INFO  utils.BrowserActions -> Loading URL in browser: https://dev.hezkytech.com/#/auth/login 
04-02-2025 15:30:10.473 : INFO  utils.BrowserActionBase -> Waiting for page load to complete. 
04-02-2025 15:30:10.527 : INFO  utils.BrowserActions -> Page loaded. 
04-02-2025 15:30:10.528 : INFO  pages.HezkyTech.CustomerPanel -> Trying to verify Comapny logo is loaded or not:  
04-02-2025 15:30:10.529 : INFO  utils.BrowserActionBase -> Waiting for element to be visible: companyLogoOnLandingPage 
04-02-2025 15:30:12.201 : INFO  tests.TestBase -> Success: TEST CASE PASSED IS: LP_001_verifyCompanyLogoVisible 
04-02-2025 15:30:12.205 : INFO  tests.TestBase -> TEST CASE PASSED IS: LP_001_verifyCompanyLogoVisible 
04-02-2025 15:30:12.542 : INFO  tests.TestBase -> = = = = = Execution of Method LP_001_verifyCompanyLogoVisible Completed  = = = = =

 
04-02-2025 15:30:12.545 : INFO  utils.ExtentReport -> test description is: Verify Page scroll is present on page when needed 
04-02-2025 15:30:12.545 : INFO  tests.TestBase -> = = = = = Execution of Method LP_002_verifyPageScrollPresence Started  = = = = =
 
04-02-2025 15:30:12.550 : INFO  utils.BrowserActions -> Loading URL in browser: https://dev.hezkytech.com/#/auth/login 
04-02-2025 15:30:13.031 : INFO  utils.BrowserActionBase -> Waiting for page load to complete. 
04-02-2025 15:30:13.066 : INFO  utils.BrowserActions -> Page loaded. 
04-02-2025 15:30:13.094 : INFO  tests.TestBase -> Success: TEST CASE PASSED IS: LP_002_verifyPageScrollPresence 
04-02-2025 15:30:13.095 : INFO  tests.TestBase -> TEST CASE PASSED IS: LP_002_verifyPageScrollPresence 
04-02-2025 15:30:13.161 : INFO  tests.TestBase -> = = = = = Execution of Method LP_002_verifyPageScrollPresence Completed  = = = = =

 
04-02-2025 15:30:13.164 : INFO  utils.ExtentReport -> test description is: Verify that on mouse hover cursor icon gets changed or not if the object is a link. 
04-02-2025 15:30:13.164 : INFO  tests.TestBase -> = = = = = Execution of Method LP_004_verifyCursorChangeOnHover Started  = = = = =
 
04-02-2025 15:30:13.167 : INFO  tests.TestBase -> Success: TEST CASE PASSED IS: LP_004_verifyCursorChangeOnHover 
04-02-2025 15:30:13.167 : INFO  tests.TestBase -> TEST CASE PASSED IS: LP_004_verifyCursorChangeOnHover 
04-02-2025 15:30:13.234 : INFO  tests.TestBase -> = = = = = Execution of Method LP_004_verifyCursorChangeOnHover Completed  = = = = =

 
04-02-2025 15:30:13.235 : INFO  utils.ExtentReport -> test description is: Verify that the icon name/Tooltips showing or not when hovering the mouse on the object. 
04-02-2025 15:30:13.236 : INFO  tests.TestBase -> = = = = = Execution of Method LP_005_verifyTooltipOnHover Started  = = = = =
 
04-02-2025 15:30:13.238 : INFO  tests.TestBase -> Success: TEST CASE PASSED IS: LP_005_verifyTooltipOnHover 
04-02-2025 15:30:13.238 : INFO  tests.TestBase -> TEST CASE PASSED IS: LP_005_verifyTooltipOnHover 
04-02-2025 15:30:13.301 : INFO  tests.TestBase -> = = = = = Execution of Method LP_005_verifyTooltipOnHover Completed  = = = = =

 
04-02-2025 15:30:13.301 : INFO  utils.ExtentReport -> test description is: Verify mouse cursor is showing or not when user click on Text on page 
04-02-2025 15:30:13.302 : INFO  tests.TestBase -> = = = = = Execution of Method LP_006_verifyMouseCursorOnTextClick Started  = = = = =
 
04-02-2025 15:30:13.304 : INFO  tests.TestBase -> Success: TEST CASE PASSED IS: LP_006_verifyMouseCursorOnTextClick 
04-02-2025 15:30:13.304 : INFO  tests.TestBase -> TEST CASE PASSED IS: LP_006_verifyMouseCursorOnTextClick 
04-02-2025 15:30:13.358 : INFO  tests.TestBase -> = = = = = Execution of Method LP_006_verifyMouseCursorOnTextClick Completed  = = = = =

 
04-02-2025 15:30:13.359 : INFO  utils.ExtentReport -> test description is: Verify all links are clickable on the page 
04-02-2025 15:30:13.359 : INFO  tests.TestBase -> = = = = = Execution of Method LP_007_verifyAllLinksClickable Started  = = = = =
 
04-02-2025 15:30:13.361 : INFO  tests.TestBase -> Success: TEST CASE PASSED IS: LP_007_verifyAllLinksClickable 
04-02-2025 15:30:13.362 : INFO  tests.TestBase -> TEST CASE PASSED IS: LP_007_verifyAllLinksClickable 
04-02-2025 15:30:13.419 : INFO  tests.TestBase -> = = = = = Execution of Method LP_007_verifyAllLinksClickable Completed  = = = = =

 
04-02-2025 15:30:13.420 : INFO  utils.ExtentReport -> test description is: Verify user can navigate back easily after clicking the links like about us, terms and conditions, privacy and policy. 
04-02-2025 15:30:13.421 : INFO  tests.TestBase -> = = = = = Execution of Method LP_008_verifyNavigationBackFromLinks Started  = = = = =
 
04-02-2025 15:30:13.424 : INFO  tests.TestBase -> Success: TEST CASE PASSED IS: LP_008_verifyNavigationBackFromLinks 
04-02-2025 15:30:13.424 : INFO  tests.TestBase -> TEST CASE PASSED IS: LP_008_verifyNavigationBackFromLinks 
04-02-2025 15:30:13.472 : INFO  tests.TestBase -> = = = = = Execution of Method LP_008_verifyNavigationBackFromLinks Completed  = = = = =

 
04-02-2025 15:30:13.473 : INFO  utils.ExtentReport -> test description is: Verify forgot password functionality 
04-02-2025 15:30:13.473 : INFO  tests.TestBase -> = = = = = Execution of Method LP_009_verifyForgotPasswordFunctionality Started  = = = = =
 
04-02-2025 15:30:13.476 : INFO  tests.TestBase -> Success: TEST CASE PASSED IS: LP_009_verifyForgotPasswordFunctionality 
04-02-2025 15:30:13.478 : INFO  tests.TestBase -> TEST CASE PASSED IS: LP_009_verifyForgotPasswordFunctionality 
04-02-2025 15:30:13.533 : INFO  tests.TestBase -> = = = = = Execution of Method LP_009_verifyForgotPasswordFunctionality Completed  = = = = =

 
04-02-2025 15:30:13.533 : INFO  utils.ExtentReport -> test description is: Verify user can navigate back to login page from forgot password popup 
04-02-2025 15:30:13.534 : INFO  tests.TestBase -> = = = = = Execution of Method LP_010_verifyNavigationBackFromForgotPassword Started  = = = = =
 
04-02-2025 15:30:13.537 : INFO  tests.TestBase -> Success: TEST CASE PASSED IS: LP_010_verifyNavigationBackFromForgotPassword 
04-02-2025 15:30:13.539 : INFO  tests.TestBase -> TEST CASE PASSED IS: LP_010_verifyNavigationBackFromForgotPassword 
04-02-2025 15:30:13.582 : INFO  tests.TestBase -> = = = = = Execution of Method LP_010_verifyNavigationBackFromForgotPassword Completed  = = = = =

 
04-02-2025 15:30:13.583 : INFO  utils.ExtentReport -> test description is: Verify when user enter incorrect Email in forgot password popup error message should be displayed 
04-02-2025 15:30:13.583 : INFO  tests.TestBase -> = = = = = Execution of Method LP_011_verifyErrorMessageForInvalidEmail Started  = = = = =
 
04-02-2025 15:30:13.585 : INFO  tests.TestBase -> Success: TEST CASE PASSED IS: LP_011_verifyErrorMessageForInvalidEmail 
04-02-2025 15:30:13.586 : INFO  tests.TestBase -> TEST CASE PASSED IS: LP_011_verifyErrorMessageForInvalidEmail 
04-02-2025 15:30:13.633 : INFO  tests.TestBase -> = = = = = Execution of Method LP_011_verifyErrorMessageForInvalidEmail Completed  = = = = =

 
04-02-2025 15:30:13.634 : INFO  utils.ExtentReport -> test description is: Verify OTP is sent when user enter valid email in email textbox of Forgot password pop-up 
04-02-2025 15:30:13.635 : INFO  tests.TestBase -> = = = = = Execution of Method LP_012_verifyOTPSentForValidEmail Started  = = = = =
 
04-02-2025 15:30:13.637 : INFO  tests.TestBase -> Success: TEST CASE PASSED IS: LP_012_verifyOTPSentForValidEmail 
04-02-2025 15:30:13.638 : INFO  tests.TestBase -> TEST CASE PASSED IS: LP_012_verifyOTPSentForValidEmail 
04-02-2025 15:30:13.682 : INFO  tests.TestBase -> = = = = = Execution of Method LP_012_verifyOTPSentForValidEmail Completed  = = = = =

 
04-02-2025 15:30:13.682 : INFO  utils.ExtentReport -> test description is: Verify update password page is showing after OTP sent to valid email 
04-02-2025 15:30:13.683 : INFO  tests.TestBase -> = = = = = Execution of Method LP_013_verifyUpdatePasswordPageAfterOTP Started  = = = = =
 
04-02-2025 15:30:13.684 : INFO  tests.TestBase -> Success: TEST CASE PASSED IS: LP_013_verifyUpdatePasswordPageAfterOTP 
04-02-2025 15:30:13.685 : INFO  tests.TestBase -> TEST CASE PASSED IS: LP_013_verifyUpdatePasswordPageAfterOTP 
04-02-2025 15:30:13.727 : INFO  tests.TestBase -> = = = = = Execution of Method LP_013_verifyUpdatePasswordPageAfterOTP Completed  = = = = =

 
04-02-2025 15:30:13.728 : INFO  utils.ExtentReport -> test description is: Verify user can not update password using wrong OTP and error message is showing 
04-02-2025 15:30:13.729 : INFO  tests.TestBase -> = = = = = Execution of Method LP_014_verifyErrorForWrongOTP Started  = = = = =
 
04-02-2025 15:30:13.731 : INFO  tests.TestBase -> Success: TEST CASE PASSED IS: LP_014_verifyErrorForWrongOTP 
04-02-2025 15:30:13.732 : INFO  tests.TestBase -> TEST CASE PASSED IS: LP_014_verifyErrorForWrongOTP 
04-02-2025 15:30:13.776 : INFO  tests.TestBase -> = = = = = Execution of Method LP_014_verifyErrorForWrongOTP Completed  = = = = =

 
04-02-2025 15:30:13.778 : INFO  utils.ExtentReport -> test description is: Verify resend OTP button functionality 
04-02-2025 15:30:13.778 : INFO  tests.TestBase -> = = = = = Execution of Method LP_015_verifyResendOTPFunctionality Started  = = = = =
 
04-02-2025 15:30:13.780 : INFO  tests.TestBase -> Success: TEST CASE PASSED IS: LP_015_verifyResendOTPFunctionality 
04-02-2025 15:30:13.781 : INFO  tests.TestBase -> TEST CASE PASSED IS: LP_015_verifyResendOTPFunctionality 
04-02-2025 15:30:13.835 : INFO  tests.TestBase -> = = = = = Execution of Method LP_015_verifyResendOTPFunctionality Completed  = = = = =

 
04-02-2025 15:30:13.836 : INFO  utils.ExtentReport -> test description is: Successful login with valid username, password, and Customer ID 
04-02-2025 15:30:13.837 : INFO  tests.TestBase -> = = = = = Execution of Method LP_016_verifySuccessfulLogin Started  = = = = =
 
04-02-2025 15:30:13.839 : INFO  tests.TestBase -> Success: TEST CASE PASSED IS: LP_016_verifySuccessfulLogin 
04-02-2025 15:30:13.840 : INFO  tests.TestBase -> TEST CASE PASSED IS: LP_016_verifySuccessfulLogin 
04-02-2025 15:30:13.878 : INFO  tests.TestBase -> = = = = = Execution of Method LP_016_verifySuccessfulLogin Completed  = = = = =

 
04-02-2025 15:30:13.880 : INFO  utils.ExtentReport -> test description is: Verify user gets Authentication via OTP Sent to Email after inserting valid credentials 
04-02-2025 15:30:13.881 : INFO  tests.TestBase -> = = = = = Execution of Method LP_017_verifyOTPSentAfterValidLogin Started  = = = = =
 
04-02-2025 15:30:13.884 : INFO  tests.TestBase -> Success: TEST CASE PASSED IS: LP_017_verifyOTPSentAfterValidLogin 
04-02-2025 15:30:13.885 : INFO  tests.TestBase -> TEST CASE PASSED IS: LP_017_verifyOTPSentAfterValidLogin 
04-02-2025 15:30:13.940 : INFO  tests.TestBase -> = = = = = Execution of Method LP_017_verifyOTPSentAfterValidLogin Completed  = = = = =

 
04-02-2025 15:30:13.941 : INFO  utils.ExtentReport -> test description is: Verify authorization page is open after user insert all valid credentials 
04-02-2025 15:30:13.941 : INFO  tests.TestBase -> = = = = = Execution of Method LP_018_verifyAuthorizationPageAfterLogin Started  = = = = =
 
04-02-2025 15:30:13.943 : INFO  tests.TestBase -> Success: TEST CASE PASSED IS: LP_018_verifyAuthorizationPageAfterLogin 
04-02-2025 15:30:13.944 : INFO  tests.TestBase -> TEST CASE PASSED IS: LP_018_verifyAuthorizationPageAfterLogin 
04-02-2025 15:30:13.997 : INFO  tests.TestBase -> = = = = = Execution of Method LP_018_verifyAuthorizationPageAfterLogin Completed  = = = = =

 
04-02-2025 15:30:13.998 : INFO  utils.ExtentReport -> test description is: Verify user is logged in successfully after valid OTP 
04-02-2025 15:30:13.999 : INFO  tests.TestBase -> = = = = = Execution of Method LP_019_verifySuccessfulLoginAfterOTP Started  = = = = =
 
04-02-2025 15:30:14.002 : INFO  tests.TestBase -> Success: TEST CASE PASSED IS: LP_019_verifySuccessfulLoginAfterOTP 
04-02-2025 15:30:14.003 : INFO  tests.TestBase -> TEST CASE PASSED IS: LP_019_verifySuccessfulLoginAfterOTP 
04-02-2025 15:30:14.064 : INFO  tests.TestBase -> = = = = = Execution of Method LP_019_verifySuccessfulLoginAfterOTP Completed  = = = = =

 
04-02-2025 15:30:14.065 : INFO  utils.ExtentReport -> test description is: Verify user can't log-in using after invalid OTP 
04-02-2025 15:30:14.065 : INFO  tests.TestBase -> = = = = = Execution of Method LP_020_verifyLoginFailureWithInvalidOTP Started  = = = = =
 
04-02-2025 15:30:14.067 : INFO  tests.TestBase -> Success: TEST CASE PASSED IS: LP_020_verifyLoginFailureWithInvalidOTP 
04-02-2025 15:30:14.068 : INFO  tests.TestBase -> TEST CASE PASSED IS: LP_020_verifyLoginFailureWithInvalidOTP 
04-02-2025 15:30:14.109 : INFO  tests.TestBase -> = = = = = Execution of Method LP_020_verifyLoginFailureWithInvalidOTP Completed  = = = = =

 
04-02-2025 15:30:14.109 : INFO  utils.ExtentReport -> test description is: Verify user can not log in using invalid username and password combination 
04-02-2025 15:30:14.110 : INFO  tests.TestBase -> = = = = = Execution of Method LP_021_verifyLoginFailureWithInvalidCredentials Started  = = = = =
 
04-02-2025 15:30:14.111 : INFO  tests.TestBase -> Success: TEST CASE PASSED IS: LP_021_verifyLoginFailureWithInvalidCredentials 
04-02-2025 15:30:14.112 : INFO  tests.TestBase -> TEST CASE PASSED IS: LP_021_verifyLoginFailureWithInvalidCredentials 
04-02-2025 15:30:14.154 : INFO  tests.TestBase -> = = = = = Execution of Method LP_021_verifyLoginFailureWithInvalidCredentials Completed  = = = = =

 
04-02-2025 15:30:14.155 : INFO  utils.ExtentReport -> test description is: Verify Login failure with incorrect Customer ID 
04-02-2025 15:30:14.155 : INFO  tests.TestBase -> = = = = = Execution of Method LP_022_verifyLoginFailureWithIncorrectCustomerID Started  = = = = =
 
04-02-2025 15:30:14.157 : INFO  tests.TestBase -> Success: TEST CASE PASSED IS: LP_022_verifyLoginFailureWithIncorrectCustomerID 
04-02-2025 15:30:14.157 : INFO  tests.TestBase -> TEST CASE PASSED IS: LP_022_verifyLoginFailureWithIncorrectCustomerID 
04-02-2025 15:30:14.194 : INFO  tests.TestBase -> = = = = = Execution of Method LP_022_verifyLoginFailureWithIncorrectCustomerID Completed  = = = = =

 
04-02-2025 15:30:14.195 : INFO  utils.ExtentReport -> test description is: Verify Login failure with missing Customer ID 
04-02-2025 15:30:14.195 : INFO  tests.TestBase -> = = = = = Execution of Method LP_023_verifyLoginFailureWithMissingCustomerID Started  = = = = =
 
04-02-2025 15:30:14.197 : INFO  tests.TestBase -> Success: TEST CASE PASSED IS: LP_023_verifyLoginFailureWithMissingCustomerID 
04-02-2025 15:30:14.198 : INFO  tests.TestBase -> TEST CASE PASSED IS: LP_023_verifyLoginFailureWithMissingCustomerID 
04-02-2025 15:30:14.245 : INFO  tests.TestBase -> = = = = = Execution of Method LP_023_verifyLoginFailureWithMissingCustomerID Completed  = = = = =

 
04-02-2025 15:30:14.246 : INFO  utils.ExtentReport -> test description is: Verify Account lockout after 05 failed login attempts 
04-02-2025 15:30:14.246 : INFO  tests.TestBase -> = = = = = Execution of Method LP_024_verifyAccountLockoutAfterFailedAttempts Started  = = = = =
 
04-02-2025 15:30:14.247 : INFO  tests.TestBase -> Success: TEST CASE PASSED IS: LP_024_verifyAccountLockoutAfterFailedAttempts 
04-02-2025 15:30:14.248 : INFO  tests.TestBase -> TEST CASE PASSED IS: LP_024_verifyAccountLockoutAfterFailedAttempts 
04-02-2025 15:30:14.287 : INFO  tests.TestBase -> = = = = = Execution of Method LP_024_verifyAccountLockoutAfterFailedAttempts Completed  = = = = =

 
04-02-2025 15:30:14.288 : INFO  utils.ExtentReport -> test description is: Verify error message for after 05 failed login attempts 
04-02-2025 15:30:14.288 : INFO  tests.TestBase -> = = = = = Execution of Method LP_025_verifyErrorMessageAfterFailedAttempts Started  = = = = =
 
04-02-2025 15:30:14.292 : INFO  tests.TestBase -> Success: TEST CASE PASSED IS: LP_025_verifyErrorMessageAfterFailedAttempts 
04-02-2025 15:30:14.292 : INFO  tests.TestBase -> TEST CASE PASSED IS: LP_025_verifyErrorMessageAfterFailedAttempts 
04-02-2025 15:30:14.333 : INFO  tests.TestBase -> = = = = = Execution of Method LP_025_verifyErrorMessageAfterFailedAttempts Completed  = = = = =

 
04-02-2025 15:30:14.334 : INFO  utils.ExtentReport -> test description is: Verify Successful login after entering correct Customer ID on retry 
04-02-2025 15:30:14.335 : INFO  tests.TestBase -> = = = = = Execution of Method LP_026_verifySuccessfulLoginAfterRetry Started  = = = = =
 
04-02-2025 15:30:14.337 : INFO  tests.TestBase -> Success: TEST CASE PASSED IS: LP_026_verifySuccessfulLoginAfterRetry 
04-02-2025 15:30:14.338 : INFO  tests.TestBase -> TEST CASE PASSED IS: LP_026_verifySuccessfulLoginAfterRetry 
04-02-2025 15:30:14.377 : INFO  tests.TestBase -> = = = = = Execution of Method LP_026_verifySuccessfulLoginAfterRetry Completed  = = = = =

 
04-02-2025 15:30:14.378 : INFO  utils.ExtentReport -> test description is: Verify Error message for missing fields 
04-02-2025 15:30:14.379 : INFO  tests.TestBase -> = = = = = Execution of Method LP_027_verifyErrorMessageForMissingFields Started  = = = = =
 
04-02-2025 15:30:14.381 : INFO  tests.TestBase -> Success: TEST CASE PASSED IS: LP_027_verifyErrorMessageForMissingFields 
04-02-2025 15:30:14.382 : INFO  tests.TestBase -> TEST CASE PASSED IS: LP_027_verifyErrorMessageForMissingFields 
04-02-2025 15:30:14.436 : INFO  tests.TestBase -> = = = = = Execution of Method LP_027_verifyErrorMessageForMissingFields Completed  = = = = =

 
04-02-2025 15:30:14.438 : INFO  utils.ExtentReport -> test description is: Verify Ensure customer-specific data is only accessible after successful login 
04-02-2025 15:30:14.438 : INFO  tests.TestBase -> = = = = = Execution of Method LP_028_verifyDataAccessAfterLogin Started  = = = = =
 
04-02-2025 15:30:14.439 : INFO  tests.TestBase -> Success: TEST CASE PASSED IS: LP_028_verifyDataAccessAfterLogin 
04-02-2025 15:30:14.440 : INFO  tests.TestBase -> TEST CASE PASSED IS: LP_028_verifyDataAccessAfterLogin 
04-02-2025 15:30:14.488 : INFO  tests.TestBase -> = = = = = Execution of Method LP_028_verifyDataAccessAfterLogin Completed  = = = = =

 
04-02-2025 15:30:14.501 : INFO  utils.webdrivers.DriverManager -> Closing Driver (862486751) 
04-02-2025 15:30:15.103 : INFO  tests.TestBase -> **************************************************************************************** 
04-02-2025 15:30:15.104 : INFO  tests.TestBase -> # # # # # Execution of Class tests.HezkyTechPageTest.LoginPageTest Completed # # # # # 
04-02-2025 15:30:15.104 : INFO  tests.TestBase -> **************************************************************************************** 
04-02-2025 15:33:57.415 : INFO  tests.TestBase -> Executing Before Suite Method. 
04-02-2025 15:33:57.420 : INFO  utils.readers.Config -> Test Environment Specific property file loaded successfully.C:\Users\vaibh\git\repository2\.git\HezkyTechAutomation\properties\env.test.properties 
04-02-2025 15:33:57.421 : INFO  utils.readers.Config -> Common property file loaded successfully.C:\Users\vaibh\git\repository2\.git\HezkyTechAutomation\properties\\env.common.properties 
04-02-2025 15:33:57.504 : INFO  utils.ExtentReport -> Extent report directory cleared. 
04-02-2025 15:33:57.629 : INFO  utils.ScreenshotHelper -> Screenshot Directory is: C:\Users\vaibh\git\repository2\.git\HezkyTechAutomation\test-output\screenshots 
04-02-2025 15:33:58.925 : INFO  utils.webdrivers.DriverManager -> Initialized Driver (862486751) 
04-02-2025 15:33:59.071 : INFO  tests.TestBase -> **************************************************************************************** 
04-02-2025 15:33:59.073 : INFO  tests.TestBase -> # # # # # Execution of Class tests.HezkyTechPageTest.LoginPageTest Started # # # # # 
04-02-2025 15:33:59.073 : INFO  tests.TestBase -> **************************************************************************************** 
04-02-2025 15:33:59.086 : INFO  utils.ExtentReport -> test description is: Verify Company logo is clearly visible on landing page 
04-02-2025 15:33:59.096 : INFO  tests.TestBase -> = = = = = Execution of Method LP_001_verifyCompanyLogoVisible Started  = = = = =
 
04-02-2025 15:33:59.146 : INFO  utils.BrowserActions -> Loading URL in browser: https://dev.hezkytech.com/#/auth/login 
04-02-2025 15:34:07.680 : INFO  utils.BrowserActionBase -> Waiting for page load to complete. 
04-02-2025 15:34:07.733 : INFO  utils.BrowserActions -> Page loaded. 
04-02-2025 15:34:07.734 : INFO  pages.HezkyTech.CustomerPanel -> Trying to verify Comapny logo is loaded or not:  
04-02-2025 15:34:07.735 : INFO  utils.BrowserActionBase -> Waiting for element to be visible: companyLogoOnLandingPage 
04-02-2025 15:34:09.429 : INFO  tests.TestBase -> Success: TEST CASE PASSED IS: LP_001_verifyCompanyLogoVisible 
04-02-2025 15:34:09.432 : INFO  tests.TestBase -> TEST CASE PASSED IS: LP_001_verifyCompanyLogoVisible 
04-02-2025 15:34:09.756 : INFO  tests.TestBase -> = = = = = Execution of Method LP_001_verifyCompanyLogoVisible Completed  = = = = =

 
04-02-2025 15:34:09.760 : INFO  utils.ExtentReport -> test description is: Verify Page scroll is present on page when needed 
04-02-2025 15:34:09.760 : INFO  tests.TestBase -> = = = = = Execution of Method LP_002_verifyPageScrollPresence Started  = = = = =
 
04-02-2025 15:34:09.764 : INFO  utils.BrowserActions -> Loading URL in browser: https://dev.hezkytech.com/#/auth/login 
04-02-2025 15:34:10.092 : INFO  utils.BrowserActionBase -> Waiting for page load to complete. 
04-02-2025 15:34:10.167 : INFO  utils.BrowserActions -> Page loaded. 
04-02-2025 15:34:10.204 : INFO  tests.TestBase -> Success: TEST CASE PASSED IS: LP_002_verifyPageScrollPresence 
04-02-2025 15:34:10.205 : INFO  tests.TestBase -> TEST CASE PASSED IS: LP_002_verifyPageScrollPresence 
04-02-2025 15:34:10.265 : INFO  tests.TestBase -> = = = = = Execution of Method LP_002_verifyPageScrollPresence Completed  = = = = =

 
04-02-2025 15:34:10.266 : INFO  utils.ExtentReport -> test description is: Verify that on mouse hover cursor icon gets changed or not if the object is a link. 
04-02-2025 15:34:10.266 : INFO  tests.TestBase -> = = = = = Execution of Method LP_004_verifyCursorChangeOnHover Started  = = = = =
 
04-02-2025 15:34:10.269 : INFO  tests.TestBase -> Success: TEST CASE PASSED IS: LP_004_verifyCursorChangeOnHover 
04-02-2025 15:34:10.269 : INFO  tests.TestBase -> TEST CASE PASSED IS: LP_004_verifyCursorChangeOnHover 
04-02-2025 15:34:10.321 : INFO  tests.TestBase -> = = = = = Execution of Method LP_004_verifyCursorChangeOnHover Completed  = = = = =

 
04-02-2025 15:34:10.323 : INFO  utils.ExtentReport -> test description is: Verify that the icon name/Tooltips showing or not when hovering the mouse on the object. 
04-02-2025 15:34:10.323 : INFO  tests.TestBase -> = = = = = Execution of Method LP_005_verifyTooltipOnHover Started  = = = = =
 
04-02-2025 15:34:10.326 : INFO  tests.TestBase -> Success: TEST CASE PASSED IS: LP_005_verifyTooltipOnHover 
04-02-2025 15:34:10.326 : INFO  tests.TestBase -> TEST CASE PASSED IS: LP_005_verifyTooltipOnHover 
04-02-2025 15:34:10.380 : INFO  tests.TestBase -> = = = = = Execution of Method LP_005_verifyTooltipOnHover Completed  = = = = =

 
04-02-2025 15:34:10.381 : INFO  utils.ExtentReport -> test description is: Verify mouse cursor is showing or not when user click on Text on page 
04-02-2025 15:34:10.383 : INFO  tests.TestBase -> = = = = = Execution of Method LP_006_verifyMouseCursorOnTextClick Started  = = = = =
 
04-02-2025 15:34:10.387 : INFO  tests.TestBase -> Success: TEST CASE PASSED IS: LP_006_verifyMouseCursorOnTextClick 
04-02-2025 15:34:10.387 : INFO  tests.TestBase -> TEST CASE PASSED IS: LP_006_verifyMouseCursorOnTextClick 
04-02-2025 15:34:10.431 : INFO  tests.TestBase -> = = = = = Execution of Method LP_006_verifyMouseCursorOnTextClick Completed  = = = = =

 
04-02-2025 15:34:10.432 : INFO  utils.ExtentReport -> test description is: Verify all links are clickable on the page 
04-02-2025 15:34:10.433 : INFO  tests.TestBase -> = = = = = Execution of Method LP_007_verifyAllLinksClickable Started  = = = = =
 
04-02-2025 15:34:10.435 : INFO  tests.TestBase -> Success: TEST CASE PASSED IS: LP_007_verifyAllLinksClickable 
04-02-2025 15:34:10.435 : INFO  tests.TestBase -> TEST CASE PASSED IS: LP_007_verifyAllLinksClickable 
04-02-2025 15:34:10.488 : INFO  tests.TestBase -> = = = = = Execution of Method LP_007_verifyAllLinksClickable Completed  = = = = =

 
04-02-2025 15:34:10.489 : INFO  utils.ExtentReport -> test description is: Verify user can navigate back easily after clicking the links like about us, terms and conditions, privacy and policy. 
04-02-2025 15:34:10.489 : INFO  tests.TestBase -> = = = = = Execution of Method LP_008_verifyNavigationBackFromLinks Started  = = = = =
 
04-02-2025 15:34:10.492 : INFO  tests.TestBase -> Success: TEST CASE PASSED IS: LP_008_verifyNavigationBackFromLinks 
04-02-2025 15:34:10.492 : INFO  tests.TestBase -> TEST CASE PASSED IS: LP_008_verifyNavigationBackFromLinks 
04-02-2025 15:34:10.545 : INFO  tests.TestBase -> = = = = = Execution of Method LP_008_verifyNavigationBackFromLinks Completed  = = = = =

 
04-02-2025 15:34:10.546 : INFO  utils.ExtentReport -> test description is: Verify forgot password functionality 
04-02-2025 15:34:10.547 : INFO  tests.TestBase -> = = = = = Execution of Method LP_009_verifyForgotPasswordFunctionality Started  = = = = =
 
04-02-2025 15:34:10.549 : INFO  tests.TestBase -> Success: TEST CASE PASSED IS: LP_009_verifyForgotPasswordFunctionality 
04-02-2025 15:34:10.550 : INFO  tests.TestBase -> TEST CASE PASSED IS: LP_009_verifyForgotPasswordFunctionality 
04-02-2025 15:34:10.610 : INFO  tests.TestBase -> = = = = = Execution of Method LP_009_verifyForgotPasswordFunctionality Completed  = = = = =

 
04-02-2025 15:34:10.611 : INFO  utils.ExtentReport -> test description is: Verify user can navigate back to login page from forgot password popup 
04-02-2025 15:34:10.612 : INFO  tests.TestBase -> = = = = = Execution of Method LP_010_verifyNavigationBackFromForgotPassword Started  = = = = =
 
04-02-2025 15:34:10.614 : INFO  tests.TestBase -> Success: TEST CASE PASSED IS: LP_010_verifyNavigationBackFromForgotPassword 
04-02-2025 15:34:10.615 : INFO  tests.TestBase -> TEST CASE PASSED IS: LP_010_verifyNavigationBackFromForgotPassword 
04-02-2025 15:34:10.668 : INFO  tests.TestBase -> = = = = = Execution of Method LP_010_verifyNavigationBackFromForgotPassword Completed  = = = = =

 
04-02-2025 15:34:10.669 : INFO  utils.ExtentReport -> test description is: Verify when user enter incorrect Email in forgot password popup error message should be displayed 
04-02-2025 15:34:10.670 : INFO  tests.TestBase -> = = = = = Execution of Method LP_011_verifyErrorMessageForInvalidEmail Started  = = = = =
 
04-02-2025 15:34:10.672 : INFO  tests.TestBase -> Success: TEST CASE PASSED IS: LP_011_verifyErrorMessageForInvalidEmail 
04-02-2025 15:34:10.673 : INFO  tests.TestBase -> TEST CASE PASSED IS: LP_011_verifyErrorMessageForInvalidEmail 
04-02-2025 15:34:10.714 : INFO  tests.TestBase -> = = = = = Execution of Method LP_011_verifyErrorMessageForInvalidEmail Completed  = = = = =

 
04-02-2025 15:34:10.714 : INFO  utils.ExtentReport -> test description is: Verify OTP is sent when user enter valid email in email textbox of Forgot password pop-up 
04-02-2025 15:34:10.715 : INFO  tests.TestBase -> = = = = = Execution of Method LP_012_verifyOTPSentForValidEmail Started  = = = = =
 
04-02-2025 15:34:10.718 : INFO  tests.TestBase -> Success: TEST CASE PASSED IS: LP_012_verifyOTPSentForValidEmail 
04-02-2025 15:34:10.719 : INFO  tests.TestBase -> TEST CASE PASSED IS: LP_012_verifyOTPSentForValidEmail 
04-02-2025 15:34:10.765 : INFO  tests.TestBase -> = = = = = Execution of Method LP_012_verifyOTPSentForValidEmail Completed  = = = = =

 
04-02-2025 15:34:10.765 : INFO  utils.ExtentReport -> test description is: Verify update password page is showing after OTP sent to valid email 
04-02-2025 15:34:10.766 : INFO  tests.TestBase -> = = = = = Execution of Method LP_013_verifyUpdatePasswordPageAfterOTP Started  = = = = =
 
04-02-2025 15:34:10.767 : INFO  tests.TestBase -> Success: TEST CASE PASSED IS: LP_013_verifyUpdatePasswordPageAfterOTP 
04-02-2025 15:34:10.768 : INFO  tests.TestBase -> TEST CASE PASSED IS: LP_013_verifyUpdatePasswordPageAfterOTP 
04-02-2025 15:34:10.815 : INFO  tests.TestBase -> = = = = = Execution of Method LP_013_verifyUpdatePasswordPageAfterOTP Completed  = = = = =

 
04-02-2025 15:34:10.816 : INFO  utils.ExtentReport -> test description is: Verify user can not update password using wrong OTP and error message is showing 
04-02-2025 15:34:10.816 : INFO  tests.TestBase -> = = = = = Execution of Method LP_014_verifyErrorForWrongOTP Started  = = = = =
 
04-02-2025 15:34:10.818 : INFO  tests.TestBase -> Success: TEST CASE PASSED IS: LP_014_verifyErrorForWrongOTP 
04-02-2025 15:34:10.820 : INFO  tests.TestBase -> TEST CASE PASSED IS: LP_014_verifyErrorForWrongOTP 
04-02-2025 15:34:10.859 : INFO  tests.TestBase -> = = = = = Execution of Method LP_014_verifyErrorForWrongOTP Completed  = = = = =

 
04-02-2025 15:34:10.860 : INFO  utils.ExtentReport -> test description is: Verify resend OTP button functionality 
04-02-2025 15:34:10.860 : INFO  tests.TestBase -> = = = = = Execution of Method LP_015_verifyResendOTPFunctionality Started  = = = = =
 
04-02-2025 15:34:10.863 : INFO  tests.TestBase -> Success: TEST CASE PASSED IS: LP_015_verifyResendOTPFunctionality 
04-02-2025 15:34:10.863 : INFO  tests.TestBase -> TEST CASE PASSED IS: LP_015_verifyResendOTPFunctionality 
04-02-2025 15:34:10.907 : INFO  tests.TestBase -> = = = = = Execution of Method LP_015_verifyResendOTPFunctionality Completed  = = = = =

 
04-02-2025 15:34:10.908 : INFO  utils.ExtentReport -> test description is: Successful login with valid username, password, and Customer ID 
04-02-2025 15:34:10.908 : INFO  tests.TestBase -> = = = = = Execution of Method LP_016_verifySuccessfulLogin Started  = = = = =
 
04-02-2025 15:34:10.911 : INFO  tests.TestBase -> Success: TEST CASE PASSED IS: LP_016_verifySuccessfulLogin 
04-02-2025 15:34:10.912 : INFO  tests.TestBase -> TEST CASE PASSED IS: LP_016_verifySuccessfulLogin 
04-02-2025 15:34:10.961 : INFO  tests.TestBase -> = = = = = Execution of Method LP_016_verifySuccessfulLogin Completed  = = = = =

 
04-02-2025 15:34:10.962 : INFO  utils.ExtentReport -> test description is: Verify user gets Authentication via OTP Sent to Email after inserting valid credentials 
04-02-2025 15:34:10.962 : INFO  tests.TestBase -> = = = = = Execution of Method LP_017_verifyOTPSentAfterValidLogin Started  = = = = =
 
04-02-2025 15:34:10.965 : INFO  tests.TestBase -> Success: TEST CASE PASSED IS: LP_017_verifyOTPSentAfterValidLogin 
04-02-2025 15:34:10.967 : INFO  tests.TestBase -> TEST CASE PASSED IS: LP_017_verifyOTPSentAfterValidLogin 
04-02-2025 15:34:11.024 : INFO  tests.TestBase -> = = = = = Execution of Method LP_017_verifyOTPSentAfterValidLogin Completed  = = = = =

 
04-02-2025 15:34:11.025 : INFO  utils.ExtentReport -> test description is: Verify authorization page is open after user insert all valid credentials 
04-02-2025 15:34:11.025 : INFO  tests.TestBase -> = = = = = Execution of Method LP_018_verifyAuthorizationPageAfterLogin Started  = = = = =
 
04-02-2025 15:34:11.027 : INFO  tests.TestBase -> Success: TEST CASE PASSED IS: LP_018_verifyAuthorizationPageAfterLogin 
04-02-2025 15:34:11.029 : INFO  tests.TestBase -> TEST CASE PASSED IS: LP_018_verifyAuthorizationPageAfterLogin 
04-02-2025 15:34:11.075 : INFO  tests.TestBase -> = = = = = Execution of Method LP_018_verifyAuthorizationPageAfterLogin Completed  = = = = =

 
04-02-2025 15:34:11.076 : INFO  utils.ExtentReport -> test description is: Verify user is logged in successfully after valid OTP 
04-02-2025 15:34:11.076 : INFO  tests.TestBase -> = = = = = Execution of Method LP_019_verifySuccessfulLoginAfterOTP Started  = = = = =
 
04-02-2025 15:34:11.078 : INFO  tests.TestBase -> Success: TEST CASE PASSED IS: LP_019_verifySuccessfulLoginAfterOTP 
04-02-2025 15:34:11.078 : INFO  tests.TestBase -> TEST CASE PASSED IS: LP_019_verifySuccessfulLoginAfterOTP 
04-02-2025 15:34:11.119 : INFO  tests.TestBase -> = = = = = Execution of Method LP_019_verifySuccessfulLoginAfterOTP Completed  = = = = =

 
04-02-2025 15:34:11.120 : INFO  utils.ExtentReport -> test description is: Verify user can't log-in using after invalid OTP 
04-02-2025 15:34:11.121 : INFO  tests.TestBase -> = = = = = Execution of Method LP_020_verifyLoginFailureWithInvalidOTP Started  = = = = =
 
04-02-2025 15:34:11.127 : INFO  tests.TestBase -> Success: TEST CASE PASSED IS: LP_020_verifyLoginFailureWithInvalidOTP 
04-02-2025 15:34:11.127 : INFO  tests.TestBase -> TEST CASE PASSED IS: LP_020_verifyLoginFailureWithInvalidOTP 
04-02-2025 15:34:11.164 : INFO  tests.TestBase -> = = = = = Execution of Method LP_020_verifyLoginFailureWithInvalidOTP Completed  = = = = =

 
04-02-2025 15:34:11.165 : INFO  utils.ExtentReport -> test description is: Verify user can not log in using invalid username and password combination 
04-02-2025 15:34:11.165 : INFO  tests.TestBase -> = = = = = Execution of Method LP_021_verifyLoginFailureWithInvalidCredentials Started  = = = = =
 
04-02-2025 15:34:11.167 : INFO  tests.TestBase -> Success: TEST CASE PASSED IS: LP_021_verifyLoginFailureWithInvalidCredentials 
04-02-2025 15:34:11.169 : INFO  tests.TestBase -> TEST CASE PASSED IS: LP_021_verifyLoginFailureWithInvalidCredentials 
04-02-2025 15:34:11.210 : INFO  tests.TestBase -> = = = = = Execution of Method LP_021_verifyLoginFailureWithInvalidCredentials Completed  = = = = =

 
04-02-2025 15:34:11.211 : INFO  utils.ExtentReport -> test description is: Verify Login failure with incorrect Customer ID 
04-02-2025 15:34:11.211 : INFO  tests.TestBase -> = = = = = Execution of Method LP_022_verifyLoginFailureWithIncorrectCustomerID Started  = = = = =
 
04-02-2025 15:34:11.213 : INFO  tests.TestBase -> Success: TEST CASE PASSED IS: LP_022_verifyLoginFailureWithIncorrectCustomerID 
04-02-2025 15:34:11.213 : INFO  tests.TestBase -> TEST CASE PASSED IS: LP_022_verifyLoginFailureWithIncorrectCustomerID 
04-02-2025 15:34:11.259 : INFO  tests.TestBase -> = = = = = Execution of Method LP_022_verifyLoginFailureWithIncorrectCustomerID Completed  = = = = =

 
04-02-2025 15:34:11.261 : INFO  utils.ExtentReport -> test description is: Verify Login failure with missing Customer ID 
04-02-2025 15:34:11.261 : INFO  tests.TestBase -> = = = = = Execution of Method LP_023_verifyLoginFailureWithMissingCustomerID Started  = = = = =
 
04-02-2025 15:34:11.263 : INFO  tests.TestBase -> Success: TEST CASE PASSED IS: LP_023_verifyLoginFailureWithMissingCustomerID 
04-02-2025 15:34:11.263 : INFO  tests.TestBase -> TEST CASE PASSED IS: LP_023_verifyLoginFailureWithMissingCustomerID 
04-02-2025 15:34:11.306 : INFO  tests.TestBase -> = = = = = Execution of Method LP_023_verifyLoginFailureWithMissingCustomerID Completed  = = = = =

 
04-02-2025 15:34:11.308 : INFO  utils.ExtentReport -> test description is: Verify Account lockout after 05 failed login attempts 
04-02-2025 15:34:11.308 : INFO  tests.TestBase -> = = = = = Execution of Method LP_024_verifyAccountLockoutAfterFailedAttempts Started  = = = = =
 
04-02-2025 15:34:11.309 : INFO  tests.TestBase -> Success: TEST CASE PASSED IS: LP_024_verifyAccountLockoutAfterFailedAttempts 
04-02-2025 15:34:11.310 : INFO  tests.TestBase -> TEST CASE PASSED IS: LP_024_verifyAccountLockoutAfterFailedAttempts 
04-02-2025 15:34:11.363 : INFO  tests.TestBase -> = = = = = Execution of Method LP_024_verifyAccountLockoutAfterFailedAttempts Completed  = = = = =

 
04-02-2025 15:34:11.363 : INFO  utils.ExtentReport -> test description is: Verify error message for after 05 failed login attempts 
04-02-2025 15:34:11.364 : INFO  tests.TestBase -> = = = = = Execution of Method LP_025_verifyErrorMessageAfterFailedAttempts Started  = = = = =
 
04-02-2025 15:34:11.365 : INFO  tests.TestBase -> Success: TEST CASE PASSED IS: LP_025_verifyErrorMessageAfterFailedAttempts 
04-02-2025 15:34:11.366 : INFO  tests.TestBase -> TEST CASE PASSED IS: LP_025_verifyErrorMessageAfterFailedAttempts 
04-02-2025 15:34:11.407 : INFO  tests.TestBase -> = = = = = Execution of Method LP_025_verifyErrorMessageAfterFailedAttempts Completed  = = = = =

 
04-02-2025 15:34:11.407 : INFO  utils.ExtentReport -> test description is: Verify Successful login after entering correct Customer ID on retry 
04-02-2025 15:34:11.408 : INFO  tests.TestBase -> = = = = = Execution of Method LP_026_verifySuccessfulLoginAfterRetry Started  = = = = =
 
04-02-2025 15:34:11.409 : INFO  tests.TestBase -> Success: TEST CASE PASSED IS: LP_026_verifySuccessfulLoginAfterRetry 
04-02-2025 15:34:11.410 : INFO  tests.TestBase -> TEST CASE PASSED IS: LP_026_verifySuccessfulLoginAfterRetry 
04-02-2025 15:34:11.455 : INFO  tests.TestBase -> = = = = = Execution of Method LP_026_verifySuccessfulLoginAfterRetry Completed  = = = = =

 
04-02-2025 15:34:11.456 : INFO  utils.ExtentReport -> test description is: Verify Error message for missing fields 
04-02-2025 15:34:11.456 : INFO  tests.TestBase -> = = = = = Execution of Method LP_027_verifyErrorMessageForMissingFields Started  = = = = =
 
04-02-2025 15:34:11.458 : INFO  tests.TestBase -> Success: TEST CASE PASSED IS: LP_027_verifyErrorMessageForMissingFields 
04-02-2025 15:34:11.459 : INFO  tests.TestBase -> TEST CASE PASSED IS: LP_027_verifyErrorMessageForMissingFields 
04-02-2025 15:34:11.514 : INFO  tests.TestBase -> = = = = = Execution of Method LP_027_verifyErrorMessageForMissingFields Completed  = = = = =

 
04-02-2025 15:34:11.515 : INFO  utils.ExtentReport -> test description is: Verify Ensure customer-specific data is only accessible after successful login 
04-02-2025 15:34:11.515 : INFO  tests.TestBase -> = = = = = Execution of Method LP_028_verifyDataAccessAfterLogin Started  = = = = =
 
04-02-2025 15:34:11.518 : INFO  tests.TestBase -> Success: TEST CASE PASSED IS: LP_028_verifyDataAccessAfterLogin 
04-02-2025 15:34:11.519 : INFO  tests.TestBase -> TEST CASE PASSED IS: LP_028_verifyDataAccessAfterLogin 
04-02-2025 15:34:11.570 : INFO  tests.TestBase -> = = = = = Execution of Method LP_028_verifyDataAccessAfterLogin Completed  = = = = =

 
04-02-2025 15:34:11.579 : INFO  utils.webdrivers.DriverManager -> Closing Driver (862486751) 
04-02-2025 15:34:11.955 : INFO  tests.TestBase -> **************************************************************************************** 
04-02-2025 15:34:11.955 : INFO  tests.TestBase -> # # # # # Execution of Class tests.HezkyTechPageTest.LoginPageTest Completed # # # # # 
04-02-2025 15:34:11.955 : INFO  tests.TestBase -> **************************************************************************************** 
04-02-2025 15:55:53.808 : INFO  tests.TestBase -> Executing Before Suite Method. 
04-02-2025 15:55:53.813 : INFO  utils.readers.Config -> Test Environment Specific property file loaded successfully.C:\Users\vaibh\git\repository2\.git\HezkyTechAutomation\properties\env.test.properties 
04-02-2025 15:55:53.814 : INFO  utils.readers.Config -> Common property file loaded successfully.C:\Users\vaibh\git\repository2\.git\HezkyTechAutomation\properties\\env.common.properties 
04-02-2025 15:55:53.896 : INFO  utils.ExtentReport -> Extent report directory cleared. 
04-02-2025 15:55:53.986 : INFO  utils.ScreenshotHelper -> Screenshot Directory is: C:\Users\vaibh\git\repository2\.git\HezkyTechAutomation\test-output\screenshots 
04-02-2025 15:55:55.278 : INFO  utils.webdrivers.DriverManager -> Initialized Driver (862486751) 
04-02-2025 15:55:55.421 : INFO  tests.TestBase -> **************************************************************************************** 
04-02-2025 15:55:55.423 : INFO  tests.TestBase -> # # # # # Execution of Class tests.HezkyTechPageTest.LoginPageTest Started # # # # # 
04-02-2025 15:55:55.423 : INFO  tests.TestBase -> **************************************************************************************** 
04-02-2025 15:55:55.430 : INFO  utils.ExtentReport -> test description is: Verify Company logo is clearly visible on landing page 
04-02-2025 15:55:55.436 : INFO  tests.TestBase -> = = = = = Execution of Method LP_001_verifyCompanyLogoVisible Started  = = = = =
 
04-02-2025 15:55:55.460 : INFO  utils.BrowserActions -> Loading URL in browser: https://dev.hezkytech.com/#/auth/login 
04-02-2025 15:56:08.975 : INFO  utils.BrowserActionBase -> Waiting for page load to complete. 
04-02-2025 15:56:09.006 : INFO  utils.BrowserActions -> Page loaded. 
04-02-2025 15:56:09.007 : INFO  pages.HezkyTech.CustomerPanel -> Trying to verify Comapny logo is loaded or not:  
04-02-2025 15:56:09.007 : INFO  utils.BrowserActionBase -> Waiting for element to be visible: companyLogoOnLandingPage 
04-02-2025 15:56:11.013 : INFO  tests.TestBase -> Success: TEST CASE PASSED IS: LP_001_verifyCompanyLogoVisible 
04-02-2025 15:56:11.015 : INFO  tests.TestBase -> TEST CASE PASSED IS: LP_001_verifyCompanyLogoVisible 
04-02-2025 15:56:11.258 : INFO  tests.TestBase -> = = = = = Execution of Method LP_001_verifyCompanyLogoVisible Completed  = = = = =

 
04-02-2025 15:56:11.260 : INFO  utils.ExtentReport -> test description is: Verify Page scroll is present on page when needed 
04-02-2025 15:56:11.260 : INFO  tests.TestBase -> = = = = = Execution of Method LP_002_verifyPageScrollPresence Started  = = = = =
 
04-02-2025 15:56:11.262 : INFO  utils.BrowserActions -> Loading URL in browser: https://dev.hezkytech.com/#/auth/login 
04-02-2025 15:56:11.541 : INFO  utils.BrowserActionBase -> Waiting for page load to complete. 
04-02-2025 15:56:11.582 : INFO  utils.BrowserActions -> Page loaded. 
04-02-2025 15:56:11.594 : INFO  tests.TestBase -> Success: TEST CASE PASSED IS: LP_002_verifyPageScrollPresence 
04-02-2025 15:56:11.595 : INFO  tests.TestBase -> TEST CASE PASSED IS: LP_002_verifyPageScrollPresence 
04-02-2025 15:56:11.642 : INFO  tests.TestBase -> = = = = = Execution of Method LP_002_verifyPageScrollPresence Completed  = = = = =

 
04-02-2025 15:56:11.643 : INFO  utils.ExtentReport -> test description is: Verify all links are clickable on the page 
04-02-2025 15:56:11.643 : INFO  tests.TestBase -> = = = = = Execution of Method LP_007_verifyAllLinksClickable Started  = = = = =
 
04-02-2025 15:56:11.646 : INFO  utils.BrowserActions -> Loading URL in browser: https://dev.hezkytech.com/#/auth/login 
04-02-2025 15:56:11.794 : INFO  utils.BrowserActionBase -> Waiting for page load to complete. 
04-02-2025 15:56:11.834 : INFO  utils.BrowserActions -> Page loaded. 
04-02-2025 15:56:12.339 : ERROR tests.TestBase -> TEST CASE FAILED IS: LP_007_verifyAllLinksClickable 
04-02-2025 15:56:12.339 : INFO  tests.TestBase -> TEST CASE FAILED IS: LP_007_verifyAllLinksClickable 
04-02-2025 15:56:12.339 : ERROR tests.TestBase -> TEST CASE FAILED REASON: org.openqa.selenium.StaleElementReferenceException: stale element reference: stale element not found
  (Session info: chrome=116.0.5845.96)
For documentation on this error, please visit: https://www.seleniumhq.org/exceptions/stale_element_reference.html
Build info: version: '3.141.59', revision: 'e82be7d358', time: '2018-11-14T08:17:03'
System info: host: 'LAPTOP-P2SCE6NO', ip: '192.168.56.1', os.name: 'Windows 11', os.arch: 'amd64', os.version: '10.0', java.version: '17.0.7'
Driver info: org.openqa.selenium.chrome.ChromeDriver
Capabilities {acceptInsecureCerts: false, browserName: chrome, browserVersion: 116.0.5845.96, chrome: {chromedriverVersion: 116.0.5845.96 (1a3918166880..., userDataDir: C:\Users\vaibh\AppData\Loca...}, fedcm:accounts: true, goog:chromeOptions: {debuggerAddress: localhost:56138}, javascriptEnabled: true, networkConnectionEnabled: false, pageLoadStrategy: normal, platform: WINDOWS, platformName: WINDOWS, proxy: Proxy(), setWindowRect: true, strictFileInteractability: false, timeouts: {implicit: 0, pageLoad: 300000, script: 30000}, unhandledPromptBehavior: dismiss and notify, webauthn:extension:credBlob: true, webauthn:extension:largeBlob: true, webauthn:extension:minPinLength: true, webauthn:extension:prf: true, webauthn:virtualAuthenticators: true}
Session ID: 22c3e54aa389393eae84d8630043adc2 
04-02-2025 15:56:12.340 : INFO  tests.TestBase -> TEST CASE FAILED REASON: org.openqa.selenium.StaleElementReferenceException: stale element reference: stale element not found
  (Session info: chrome=116.0.5845.96)
For documentation on this error, please visit: https://www.seleniumhq.org/exceptions/stale_element_reference.html
Build info: version: '3.141.59', revision: 'e82be7d358', time: '2018-11-14T08:17:03'
System info: host: 'LAPTOP-P2SCE6NO', ip: '192.168.56.1', os.name: 'Windows 11', os.arch: 'amd64', os.version: '10.0', java.version: '17.0.7'
Driver info: org.openqa.selenium.chrome.ChromeDriver
Capabilities {acceptInsecureCerts: false, browserName: chrome, browserVersion: 116.0.5845.96, chrome: {chromedriverVersion: 116.0.5845.96 (1a3918166880..., userDataDir: C:\Users\vaibh\AppData\Loca...}, fedcm:accounts: true, goog:chromeOptions: {debuggerAddress: localhost:56138}, javascriptEnabled: true, networkConnectionEnabled: false, pageLoadStrategy: normal, platform: WINDOWS, platformName: WINDOWS, proxy: Proxy(), setWindowRect: true, strictFileInteractability: false, timeouts: {implicit: 0, pageLoad: 300000, script: 30000}, unhandledPromptBehavior: dismiss and notify, webauthn:extension:credBlob: true, webauthn:extension:largeBlob: true, webauthn:extension:minPinLength: true, webauthn:extension:prf: true, webauthn:virtualAuthenticators: true}
Session ID: 22c3e54aa389393eae84d8630043adc2 
04-02-2025 15:56:12.384 : INFO  tests.TestBase -> = = = = = Execution of Method LP_007_verifyAllLinksClickable Completed  = = = = =

 
04-02-2025 15:56:12.385 : INFO  utils.ExtentReport -> test description is: Verify user can navigate back easily after clicking the links like about us, terms and conditions, privacy and policy. 
04-02-2025 15:56:12.385 : INFO  tests.TestBase -> = = = = = Execution of Method LP_008_verifyNavigationBackFromLinks Started  = = = = =
 
04-02-2025 15:56:12.387 : INFO  tests.TestBase -> Success: TEST CASE PASSED IS: LP_008_verifyNavigationBackFromLinks 
04-02-2025 15:56:12.387 : INFO  tests.TestBase -> TEST CASE PASSED IS: LP_008_verifyNavigationBackFromLinks 
04-02-2025 15:56:12.427 : INFO  tests.TestBase -> = = = = = Execution of Method LP_008_verifyNavigationBackFromLinks Completed  = = = = =

 
04-02-2025 15:56:12.427 : INFO  utils.ExtentReport -> test description is: Verify forgot password functionality 
04-02-2025 15:56:12.428 : INFO  tests.TestBase -> = = = = = Execution of Method LP_009_verifyForgotPasswordFunctionality Started  = = = = =
 
04-02-2025 15:56:12.429 : INFO  tests.TestBase -> Success: TEST CASE PASSED IS: LP_009_verifyForgotPasswordFunctionality 
04-02-2025 15:56:12.429 : INFO  tests.TestBase -> TEST CASE PASSED IS: LP_009_verifyForgotPasswordFunctionality 
04-02-2025 15:56:12.462 : INFO  tests.TestBase -> = = = = = Execution of Method LP_009_verifyForgotPasswordFunctionality Completed  = = = = =

 
04-02-2025 15:56:12.463 : INFO  utils.ExtentReport -> test description is: Verify user can navigate back to login page from forgot password popup 
04-02-2025 15:56:12.463 : INFO  tests.TestBase -> = = = = = Execution of Method LP_010_verifyNavigationBackFromForgotPassword Started  = = = = =
 
04-02-2025 15:56:12.465 : INFO  tests.TestBase -> Success: TEST CASE PASSED IS: LP_010_verifyNavigationBackFromForgotPassword 
04-02-2025 15:56:12.465 : INFO  tests.TestBase -> TEST CASE PASSED IS: LP_010_verifyNavigationBackFromForgotPassword 
04-02-2025 15:56:12.504 : INFO  tests.TestBase -> = = = = = Execution of Method LP_010_verifyNavigationBackFromForgotPassword Completed  = = = = =

 
04-02-2025 15:56:12.505 : INFO  utils.ExtentReport -> test description is: Verify when user enter incorrect Email in forgot password popup error message should be displayed 
04-02-2025 15:56:12.505 : INFO  tests.TestBase -> = = = = = Execution of Method LP_011_verifyErrorMessageForInvalidEmail Started  = = = = =
 
04-02-2025 15:56:12.506 : INFO  tests.TestBase -> Success: TEST CASE PASSED IS: LP_011_verifyErrorMessageForInvalidEmail 
04-02-2025 15:56:12.506 : INFO  tests.TestBase -> TEST CASE PASSED IS: LP_011_verifyErrorMessageForInvalidEmail 
04-02-2025 15:56:12.543 : INFO  tests.TestBase -> = = = = = Execution of Method LP_011_verifyErrorMessageForInvalidEmail Completed  = = = = =

 
04-02-2025 15:56:12.544 : INFO  utils.ExtentReport -> test description is: Verify OTP is sent when user enter valid email in email textbox of Forgot password pop-up 
04-02-2025 15:56:12.544 : INFO  tests.TestBase -> = = = = = Execution of Method LP_012_verifyOTPSentForValidEmail Started  = = = = =
 
04-02-2025 15:56:12.546 : INFO  tests.TestBase -> Success: TEST CASE PASSED IS: LP_012_verifyOTPSentForValidEmail 
04-02-2025 15:56:12.546 : INFO  tests.TestBase -> TEST CASE PASSED IS: LP_012_verifyOTPSentForValidEmail 
04-02-2025 15:56:12.582 : INFO  tests.TestBase -> = = = = = Execution of Method LP_012_verifyOTPSentForValidEmail Completed  = = = = =

 
04-02-2025 15:56:12.583 : INFO  utils.ExtentReport -> test description is: Verify update password page is showing after OTP sent to valid email 
04-02-2025 15:56:12.583 : INFO  tests.TestBase -> = = = = = Execution of Method LP_013_verifyUpdatePasswordPageAfterOTP Started  = = = = =
 
04-02-2025 15:56:12.585 : INFO  tests.TestBase -> Success: TEST CASE PASSED IS: LP_013_verifyUpdatePasswordPageAfterOTP 
04-02-2025 15:56:12.586 : INFO  tests.TestBase -> TEST CASE PASSED IS: LP_013_verifyUpdatePasswordPageAfterOTP 
04-02-2025 15:56:12.620 : INFO  tests.TestBase -> = = = = = Execution of Method LP_013_verifyUpdatePasswordPageAfterOTP Completed  = = = = =

 
04-02-2025 15:56:12.620 : INFO  utils.ExtentReport -> test description is: Verify user can not update password using wrong OTP and error message is showing 
04-02-2025 15:56:12.621 : INFO  tests.TestBase -> = = = = = Execution of Method LP_014_verifyErrorForWrongOTP Started  = = = = =
 
04-02-2025 15:56:12.622 : INFO  tests.TestBase -> Success: TEST CASE PASSED IS: LP_014_verifyErrorForWrongOTP 
04-02-2025 15:56:12.623 : INFO  tests.TestBase -> TEST CASE PASSED IS: LP_014_verifyErrorForWrongOTP 
04-02-2025 15:56:12.657 : INFO  tests.TestBase -> = = = = = Execution of Method LP_014_verifyErrorForWrongOTP Completed  = = = = =

 
04-02-2025 15:56:12.657 : INFO  utils.ExtentReport -> test description is: Verify resend OTP button functionality 
04-02-2025 15:56:12.658 : INFO  tests.TestBase -> = = = = = Execution of Method LP_015_verifyResendOTPFunctionality Started  = = = = =
 
04-02-2025 15:56:12.659 : INFO  tests.TestBase -> Success: TEST CASE PASSED IS: LP_015_verifyResendOTPFunctionality 
04-02-2025 15:56:12.660 : INFO  tests.TestBase -> TEST CASE PASSED IS: LP_015_verifyResendOTPFunctionality 
04-02-2025 15:56:12.695 : INFO  tests.TestBase -> = = = = = Execution of Method LP_015_verifyResendOTPFunctionality Completed  = = = = =

 
04-02-2025 15:56:12.696 : INFO  utils.ExtentReport -> test description is: Successful login with valid username, password, and Customer ID 
04-02-2025 15:56:12.696 : INFO  tests.TestBase -> = = = = = Execution of Method LP_016_verifySuccessfulLogin Started  = = = = =
 
04-02-2025 15:56:12.698 : INFO  tests.TestBase -> Success: TEST CASE PASSED IS: LP_016_verifySuccessfulLogin 
04-02-2025 15:56:12.698 : INFO  tests.TestBase -> TEST CASE PASSED IS: LP_016_verifySuccessfulLogin 
04-02-2025 15:56:12.735 : INFO  tests.TestBase -> = = = = = Execution of Method LP_016_verifySuccessfulLogin Completed  = = = = =

 
04-02-2025 15:56:12.736 : INFO  utils.ExtentReport -> test description is: Verify user gets Authentication via OTP Sent to Email after inserting valid credentials 
04-02-2025 15:56:12.736 : INFO  tests.TestBase -> = = = = = Execution of Method LP_017_verifyOTPSentAfterValidLogin Started  = = = = =
 
04-02-2025 15:56:12.737 : INFO  tests.TestBase -> Success: TEST CASE PASSED IS: LP_017_verifyOTPSentAfterValidLogin 
04-02-2025 15:56:12.737 : INFO  tests.TestBase -> TEST CASE PASSED IS: LP_017_verifyOTPSentAfterValidLogin 
04-02-2025 15:56:12.769 : INFO  tests.TestBase -> = = = = = Execution of Method LP_017_verifyOTPSentAfterValidLogin Completed  = = = = =

 
04-02-2025 15:56:12.770 : INFO  utils.ExtentReport -> test description is: Verify authorization page is open after user insert all valid credentials 
04-02-2025 15:56:12.770 : INFO  tests.TestBase -> = = = = = Execution of Method LP_018_verifyAuthorizationPageAfterLogin Started  = = = = =
 
04-02-2025 15:56:12.772 : INFO  tests.TestBase -> Success: TEST CASE PASSED IS: LP_018_verifyAuthorizationPageAfterLogin 
04-02-2025 15:56:12.772 : INFO  tests.TestBase -> TEST CASE PASSED IS: LP_018_verifyAuthorizationPageAfterLogin 
04-02-2025 15:56:12.808 : INFO  tests.TestBase -> = = = = = Execution of Method LP_018_verifyAuthorizationPageAfterLogin Completed  = = = = =

 
04-02-2025 15:56:12.809 : INFO  utils.ExtentReport -> test description is: Verify user is logged in successfully after valid OTP 
04-02-2025 15:56:12.809 : INFO  tests.TestBase -> = = = = = Execution of Method LP_019_verifySuccessfulLoginAfterOTP Started  = = = = =
 
04-02-2025 15:56:12.811 : INFO  tests.TestBase -> Success: TEST CASE PASSED IS: LP_019_verifySuccessfulLoginAfterOTP 
04-02-2025 15:56:12.811 : INFO  tests.TestBase -> TEST CASE PASSED IS: LP_019_verifySuccessfulLoginAfterOTP 
04-02-2025 15:56:12.846 : INFO  tests.TestBase -> = = = = = Execution of Method LP_019_verifySuccessfulLoginAfterOTP Completed  = = = = =

 
04-02-2025 15:56:12.847 : INFO  utils.ExtentReport -> test description is: Verify user can't log-in using after invalid OTP 
04-02-2025 15:56:12.848 : INFO  tests.TestBase -> = = = = = Execution of Method LP_020_verifyLoginFailureWithInvalidOTP Started  = = = = =
 
04-02-2025 15:56:12.852 : INFO  tests.TestBase -> Success: TEST CASE PASSED IS: LP_020_verifyLoginFailureWithInvalidOTP 
04-02-2025 15:56:12.852 : INFO  tests.TestBase -> TEST CASE PASSED IS: LP_020_verifyLoginFailureWithInvalidOTP 
04-02-2025 15:56:12.896 : INFO  tests.TestBase -> = = = = = Execution of Method LP_020_verifyLoginFailureWithInvalidOTP Completed  = = = = =

 
04-02-2025 15:56:12.897 : INFO  utils.ExtentReport -> test description is: Verify user can not log in using invalid username and password combination 
04-02-2025 15:56:12.897 : INFO  tests.TestBase -> = = = = = Execution of Method LP_021_verifyLoginFailureWithInvalidCredentials Started  = = = = =
 
04-02-2025 15:56:12.899 : INFO  tests.TestBase -> Success: TEST CASE PASSED IS: LP_021_verifyLoginFailureWithInvalidCredentials 
04-02-2025 15:56:12.899 : INFO  tests.TestBase -> TEST CASE PASSED IS: LP_021_verifyLoginFailureWithInvalidCredentials 
04-02-2025 15:56:12.933 : INFO  tests.TestBase -> = = = = = Execution of Method LP_021_verifyLoginFailureWithInvalidCredentials Completed  = = = = =

 
04-02-2025 15:56:12.934 : INFO  utils.ExtentReport -> test description is: Verify Login failure with incorrect Customer ID 
04-02-2025 15:56:12.934 : INFO  tests.TestBase -> = = = = = Execution of Method LP_022_verifyLoginFailureWithIncorrectCustomerID Started  = = = = =
 
04-02-2025 15:56:12.936 : INFO  tests.TestBase -> Success: TEST CASE PASSED IS: LP_022_verifyLoginFailureWithIncorrectCustomerID 
04-02-2025 15:56:12.936 : INFO  tests.TestBase -> TEST CASE PASSED IS: LP_022_verifyLoginFailureWithIncorrectCustomerID 
04-02-2025 15:56:12.965 : INFO  tests.TestBase -> = = = = = Execution of Method LP_022_verifyLoginFailureWithIncorrectCustomerID Completed  = = = = =

 
04-02-2025 15:56:12.966 : INFO  utils.ExtentReport -> test description is: Verify Login failure with missing Customer ID 
04-02-2025 15:56:12.966 : INFO  tests.TestBase -> = = = = = Execution of Method LP_023_verifyLoginFailureWithMissingCustomerID Started  = = = = =
 
04-02-2025 15:56:12.968 : INFO  tests.TestBase -> Success: TEST CASE PASSED IS: LP_023_verifyLoginFailureWithMissingCustomerID 
04-02-2025 15:56:12.969 : INFO  tests.TestBase -> TEST CASE PASSED IS: LP_023_verifyLoginFailureWithMissingCustomerID 
04-02-2025 15:56:13.001 : INFO  tests.TestBase -> = = = = = Execution of Method LP_023_verifyLoginFailureWithMissingCustomerID Completed  = = = = =

 
04-02-2025 15:56:13.002 : INFO  utils.ExtentReport -> test description is: Verify Account lockout after 05 failed login attempts 
04-02-2025 15:56:13.002 : INFO  tests.TestBase -> = = = = = Execution of Method LP_024_verifyAccountLockoutAfterFailedAttempts Started  = = = = =
 
04-02-2025 15:56:13.004 : INFO  tests.TestBase -> Success: TEST CASE PASSED IS: LP_024_verifyAccountLockoutAfterFailedAttempts 
04-02-2025 15:56:13.005 : INFO  tests.TestBase -> TEST CASE PASSED IS: LP_024_verifyAccountLockoutAfterFailedAttempts 
04-02-2025 15:56:13.044 : INFO  tests.TestBase -> = = = = = Execution of Method LP_024_verifyAccountLockoutAfterFailedAttempts Completed  = = = = =

 
04-02-2025 15:56:13.045 : INFO  utils.ExtentReport -> test description is: Verify error message for after 05 failed login attempts 
04-02-2025 15:56:13.045 : INFO  tests.TestBase -> = = = = = Execution of Method LP_025_verifyErrorMessageAfterFailedAttempts Started  = = = = =
 
04-02-2025 15:56:13.046 : INFO  tests.TestBase -> Success: TEST CASE PASSED IS: LP_025_verifyErrorMessageAfterFailedAttempts 
04-02-2025 15:56:13.047 : INFO  tests.TestBase -> TEST CASE PASSED IS: LP_025_verifyErrorMessageAfterFailedAttempts 
04-02-2025 15:56:13.086 : INFO  tests.TestBase -> = = = = = Execution of Method LP_025_verifyErrorMessageAfterFailedAttempts Completed  = = = = =

 
04-02-2025 15:56:13.087 : INFO  utils.ExtentReport -> test description is: Verify Successful login after entering correct Customer ID on retry 
04-02-2025 15:56:13.087 : INFO  tests.TestBase -> = = = = = Execution of Method LP_026_verifySuccessfulLoginAfterRetry Started  = = = = =
 
04-02-2025 15:56:13.089 : INFO  tests.TestBase -> Success: TEST CASE PASSED IS: LP_026_verifySuccessfulLoginAfterRetry 
04-02-2025 15:56:13.089 : INFO  tests.TestBase -> TEST CASE PASSED IS: LP_026_verifySuccessfulLoginAfterRetry 
04-02-2025 15:56:13.128 : INFO  tests.TestBase -> = = = = = Execution of Method LP_026_verifySuccessfulLoginAfterRetry Completed  = = = = =

 
04-02-2025 15:56:13.128 : INFO  utils.ExtentReport -> test description is: Verify Error message for missing fields 
04-02-2025 15:56:13.129 : INFO  tests.TestBase -> = = = = = Execution of Method LP_027_verifyErrorMessageForMissingFields Started  = = = = =
 
04-02-2025 15:56:13.130 : INFO  tests.TestBase -> Success: TEST CASE PASSED IS: LP_027_verifyErrorMessageForMissingFields 
04-02-2025 15:56:13.131 : INFO  tests.TestBase -> TEST CASE PASSED IS: LP_027_verifyErrorMessageForMissingFields 
04-02-2025 15:56:13.162 : INFO  tests.TestBase -> = = = = = Execution of Method LP_027_verifyErrorMessageForMissingFields Completed  = = = = =

 
04-02-2025 15:56:13.163 : INFO  utils.ExtentReport -> test description is: Verify Ensure customer-specific data is only accessible after successful login 
04-02-2025 15:56:13.163 : INFO  tests.TestBase -> = = = = = Execution of Method LP_028_verifyDataAccessAfterLogin Started  = = = = =
 
04-02-2025 15:56:13.165 : INFO  tests.TestBase -> Success: TEST CASE PASSED IS: LP_028_verifyDataAccessAfterLogin 
04-02-2025 15:56:13.165 : INFO  tests.TestBase -> TEST CASE PASSED IS: LP_028_verifyDataAccessAfterLogin 
04-02-2025 15:56:13.196 : INFO  tests.TestBase -> = = = = = Execution of Method LP_028_verifyDataAccessAfterLogin Completed  = = = = =

 
04-02-2025 15:56:13.203 : INFO  utils.webdrivers.DriverManager -> Closing Driver (862486751) 
04-02-2025 15:56:13.528 : INFO  tests.TestBase -> **************************************************************************************** 
04-02-2025 15:56:13.528 : INFO  tests.TestBase -> # # # # # Execution of Class tests.HezkyTechPageTest.LoginPageTest Completed # # # # # 
04-02-2025 15:56:13.528 : INFO  tests.TestBase -> **************************************************************************************** 
04-02-2025 15:59:43.418 : INFO  tests.TestBase -> Executing Before Suite Method. 
04-02-2025 15:59:43.422 : INFO  utils.readers.Config -> Test Environment Specific property file loaded successfully.C:\Users\vaibh\git\repository2\.git\HezkyTechAutomation\properties\env.test.properties 
04-02-2025 15:59:43.423 : INFO  utils.readers.Config -> Common property file loaded successfully.C:\Users\vaibh\git\repository2\.git\HezkyTechAutomation\properties\\env.common.properties 
04-02-2025 15:59:43.487 : INFO  utils.ExtentReport -> Extent report directory cleared. 
04-02-2025 15:59:43.571 : INFO  utils.ScreenshotHelper -> Screenshot Directory is: C:\Users\vaibh\git\repository2\.git\HezkyTechAutomation\test-output\screenshots 
04-02-2025 15:59:44.500 : INFO  utils.webdrivers.DriverManager -> Initialized Driver (862486751) 
04-02-2025 15:59:44.639 : INFO  tests.TestBase -> **************************************************************************************** 
04-02-2025 15:59:44.640 : INFO  tests.TestBase -> # # # # # Execution of Class tests.HezkyTechPageTest.LoginPageTest Started # # # # # 
04-02-2025 15:59:44.640 : INFO  tests.TestBase -> **************************************************************************************** 
04-02-2025 15:59:44.647 : INFO  utils.ExtentReport -> test description is: Verify Company logo is clearly visible on landing page 
04-02-2025 15:59:44.652 : INFO  tests.TestBase -> = = = = = Execution of Method LP_001_verifyCompanyLogoVisible Started  = = = = =
 
04-02-2025 15:59:44.680 : INFO  utils.BrowserActions -> Loading URL in browser: https://dev.hezkytech.com/#/auth/login 
04-02-2025 15:59:52.942 : INFO  utils.BrowserActionBase -> Waiting for page load to complete. 
04-02-2025 15:59:52.976 : INFO  utils.BrowserActions -> Page loaded. 
04-02-2025 15:59:52.977 : INFO  pages.HezkyTech.CustomerPanel -> Trying to verify Comapny logo is loaded or not:  
04-02-2025 15:59:52.978 : INFO  utils.BrowserActionBase -> Waiting for element to be visible: companyLogoOnLandingPage 
04-02-2025 15:59:55.090 : INFO  tests.TestBase -> Success: TEST CASE PASSED IS: LP_001_verifyCompanyLogoVisible 
04-02-2025 15:59:55.092 : INFO  tests.TestBase -> TEST CASE PASSED IS: LP_001_verifyCompanyLogoVisible 
04-02-2025 15:59:55.364 : INFO  tests.TestBase -> = = = = = Execution of Method LP_001_verifyCompanyLogoVisible Completed  = = = = =

 
04-02-2025 15:59:55.366 : INFO  utils.ExtentReport -> test description is: Verify Page scroll is present on page when needed 
04-02-2025 15:59:55.367 : INFO  tests.TestBase -> = = = = = Execution of Method LP_002_verifyPageScrollPresence Started  = = = = =
 
04-02-2025 15:59:55.369 : INFO  utils.BrowserActions -> Loading URL in browser: https://dev.hezkytech.com/#/auth/login 
04-02-2025 15:59:55.737 : INFO  utils.BrowserActionBase -> Waiting for page load to complete. 
04-02-2025 15:59:55.756 : INFO  utils.BrowserActions -> Page loaded. 
04-02-2025 15:59:55.767 : INFO  tests.TestBase -> Success: TEST CASE PASSED IS: LP_002_verifyPageScrollPresence 
04-02-2025 15:59:55.768 : INFO  tests.TestBase -> TEST CASE PASSED IS: LP_002_verifyPageScrollPresence 
04-02-2025 15:59:55.813 : INFO  tests.TestBase -> = = = = = Execution of Method LP_002_verifyPageScrollPresence Completed  = = = = =

 
04-02-2025 15:59:55.814 : INFO  utils.ExtentReport -> test description is: Verify all links are clickable on the page 
04-02-2025 15:59:55.814 : INFO  tests.TestBase -> = = = = = Execution of Method LP_007_verifyAllLinksClickable Started  = = = = =
 
04-02-2025 15:59:55.816 : INFO  utils.BrowserActions -> Loading URL in browser: https://dev.hezkytech.com/#/auth/login 
04-02-2025 15:59:56.013 : INFO  utils.BrowserActionBase -> Waiting for page load to complete. 
04-02-2025 15:59:56.029 : INFO  utils.BrowserActions -> Page loaded. 
04-02-2025 15:59:56.082 : INFO  utils.BrowserActionBase -> Waiting for element to be Clickable: checkBrokenLinks 
04-02-2025 15:59:56.505 : ERROR tests.TestBase -> TEST CASE FAILED IS: LP_007_verifyAllLinksClickable 
04-02-2025 15:59:56.505 : INFO  tests.TestBase -> TEST CASE FAILED IS: LP_007_verifyAllLinksClickable 
04-02-2025 15:59:56.505 : ERROR tests.TestBase -> TEST CASE FAILED REASON: org.openqa.selenium.StaleElementReferenceException: stale element reference: stale element not found
  (Session info: chrome=116.0.5845.96)
For documentation on this error, please visit: https://www.seleniumhq.org/exceptions/stale_element_reference.html
Build info: version: '3.141.59', revision: 'e82be7d358', time: '2018-11-14T08:17:03'
System info: host: 'LAPTOP-P2SCE6NO', ip: '192.168.56.1', os.name: 'Windows 11', os.arch: 'amd64', os.version: '10.0', java.version: '17.0.7'
Driver info: org.openqa.selenium.chrome.ChromeDriver
Capabilities {acceptInsecureCerts: false, browserName: chrome, browserVersion: 116.0.5845.96, chrome: {chromedriverVersion: 116.0.5845.96 (1a3918166880..., userDataDir: C:\Users\vaibh\AppData\Loca...}, fedcm:accounts: true, goog:chromeOptions: {debuggerAddress: localhost:56308}, javascriptEnabled: true, networkConnectionEnabled: false, pageLoadStrategy: normal, platform: WINDOWS, platformName: WINDOWS, proxy: Proxy(), setWindowRect: true, strictFileInteractability: false, timeouts: {implicit: 0, pageLoad: 300000, script: 30000}, unhandledPromptBehavior: dismiss and notify, webauthn:extension:credBlob: true, webauthn:extension:largeBlob: true, webauthn:extension:minPinLength: true, webauthn:extension:prf: true, webauthn:virtualAuthenticators: true}
Session ID: 42bdaa3203ea828afaa9f3de983a9f04 
04-02-2025 15:59:56.506 : INFO  tests.TestBase -> TEST CASE FAILED REASON: org.openqa.selenium.StaleElementReferenceException: stale element reference: stale element not found
  (Session info: chrome=116.0.5845.96)
For documentation on this error, please visit: https://www.seleniumhq.org/exceptions/stale_element_reference.html
Build info: version: '3.141.59', revision: 'e82be7d358', time: '2018-11-14T08:17:03'
System info: host: 'LAPTOP-P2SCE6NO', ip: '192.168.56.1', os.name: 'Windows 11', os.arch: 'amd64', os.version: '10.0', java.version: '17.0.7'
Driver info: org.openqa.selenium.chrome.ChromeDriver
Capabilities {acceptInsecureCerts: false, browserName: chrome, browserVersion: 116.0.5845.96, chrome: {chromedriverVersion: 116.0.5845.96 (1a3918166880..., userDataDir: C:\Users\vaibh\AppData\Loca...}, fedcm:accounts: true, goog:chromeOptions: {debuggerAddress: localhost:56308}, javascriptEnabled: true, networkConnectionEnabled: false, pageLoadStrategy: normal, platform: WINDOWS, platformName: WINDOWS, proxy: Proxy(), setWindowRect: true, strictFileInteractability: false, timeouts: {implicit: 0, pageLoad: 300000, script: 30000}, unhandledPromptBehavior: dismiss and notify, webauthn:extension:credBlob: true, webauthn:extension:largeBlob: true, webauthn:extension:minPinLength: true, webauthn:extension:prf: true, webauthn:virtualAuthenticators: true}
Session ID: 42bdaa3203ea828afaa9f3de983a9f04 
04-02-2025 15:59:56.550 : INFO  tests.TestBase -> = = = = = Execution of Method LP_007_verifyAllLinksClickable Completed  = = = = =

 
04-02-2025 15:59:56.551 : INFO  utils.ExtentReport -> test description is: Verify user can navigate back easily after clicking the links like about us, terms and conditions, privacy and policy. 
04-02-2025 15:59:56.551 : INFO  tests.TestBase -> = = = = = Execution of Method LP_008_verifyNavigationBackFromLinks Started  = = = = =
 
04-02-2025 15:59:56.553 : INFO  tests.TestBase -> Success: TEST CASE PASSED IS: LP_008_verifyNavigationBackFromLinks 
04-02-2025 15:59:56.554 : INFO  tests.TestBase -> TEST CASE PASSED IS: LP_008_verifyNavigationBackFromLinks 
04-02-2025 15:59:56.592 : INFO  tests.TestBase -> = = = = = Execution of Method LP_008_verifyNavigationBackFromLinks Completed  = = = = =

 
04-02-2025 15:59:56.593 : INFO  utils.ExtentReport -> test description is: Verify forgot password functionality 
04-02-2025 15:59:56.593 : INFO  tests.TestBase -> = = = = = Execution of Method LP_009_verifyForgotPasswordFunctionality Started  = = = = =
 
04-02-2025 15:59:56.595 : INFO  tests.TestBase -> Success: TEST CASE PASSED IS: LP_009_verifyForgotPasswordFunctionality 
04-02-2025 15:59:56.595 : INFO  tests.TestBase -> TEST CASE PASSED IS: LP_009_verifyForgotPasswordFunctionality 
04-02-2025 15:59:56.633 : INFO  tests.TestBase -> = = = = = Execution of Method LP_009_verifyForgotPasswordFunctionality Completed  = = = = =

 
04-02-2025 15:59:56.634 : INFO  utils.ExtentReport -> test description is: Verify user can navigate back to login page from forgot password popup 
04-02-2025 15:59:56.634 : INFO  tests.TestBase -> = = = = = Execution of Method LP_010_verifyNavigationBackFromForgotPassword Started  = = = = =
 
04-02-2025 15:59:56.636 : INFO  tests.TestBase -> Success: TEST CASE PASSED IS: LP_010_verifyNavigationBackFromForgotPassword 
04-02-2025 15:59:56.637 : INFO  tests.TestBase -> TEST CASE PASSED IS: LP_010_verifyNavigationBackFromForgotPassword 
04-02-2025 15:59:56.678 : INFO  tests.TestBase -> = = = = = Execution of Method LP_010_verifyNavigationBackFromForgotPassword Completed  = = = = =

 
04-02-2025 15:59:56.679 : INFO  utils.ExtentReport -> test description is: Verify when user enter incorrect Email in forgot password popup error message should be displayed 
04-02-2025 15:59:56.679 : INFO  tests.TestBase -> = = = = = Execution of Method LP_011_verifyErrorMessageForInvalidEmail Started  = = = = =
 
04-02-2025 15:59:56.681 : INFO  tests.TestBase -> Success: TEST CASE PASSED IS: LP_011_verifyErrorMessageForInvalidEmail 
04-02-2025 15:59:56.682 : INFO  tests.TestBase -> TEST CASE PASSED IS: LP_011_verifyErrorMessageForInvalidEmail 
04-02-2025 15:59:56.720 : INFO  tests.TestBase -> = = = = = Execution of Method LP_011_verifyErrorMessageForInvalidEmail Completed  = = = = =

 
04-02-2025 15:59:56.720 : INFO  utils.ExtentReport -> test description is: Verify OTP is sent when user enter valid email in email textbox of Forgot password pop-up 
04-02-2025 15:59:56.721 : INFO  tests.TestBase -> = = = = = Execution of Method LP_012_verifyOTPSentForValidEmail Started  = = = = =
 
04-02-2025 15:59:56.722 : INFO  tests.TestBase -> Success: TEST CASE PASSED IS: LP_012_verifyOTPSentForValidEmail 
04-02-2025 15:59:56.723 : INFO  tests.TestBase -> TEST CASE PASSED IS: LP_012_verifyOTPSentForValidEmail 
04-02-2025 15:59:56.765 : INFO  tests.TestBase -> = = = = = Execution of Method LP_012_verifyOTPSentForValidEmail Completed  = = = = =

 
04-02-2025 15:59:56.766 : INFO  utils.ExtentReport -> test description is: Verify update password page is showing after OTP sent to valid email 
04-02-2025 15:59:56.767 : INFO  tests.TestBase -> = = = = = Execution of Method LP_013_verifyUpdatePasswordPageAfterOTP Started  = = = = =
 
04-02-2025 15:59:56.769 : INFO  tests.TestBase -> Success: TEST CASE PASSED IS: LP_013_verifyUpdatePasswordPageAfterOTP 
04-02-2025 15:59:56.769 : INFO  tests.TestBase -> TEST CASE PASSED IS: LP_013_verifyUpdatePasswordPageAfterOTP 
04-02-2025 15:59:56.805 : INFO  tests.TestBase -> = = = = = Execution of Method LP_013_verifyUpdatePasswordPageAfterOTP Completed  = = = = =

 
04-02-2025 15:59:56.806 : INFO  utils.ExtentReport -> test description is: Verify user can not update password using wrong OTP and error message is showing 
04-02-2025 15:59:56.806 : INFO  tests.TestBase -> = = = = = Execution of Method LP_014_verifyErrorForWrongOTP Started  = = = = =
 
04-02-2025 15:59:56.808 : INFO  tests.TestBase -> Success: TEST CASE PASSED IS: LP_014_verifyErrorForWrongOTP 
04-02-2025 15:59:56.808 : INFO  tests.TestBase -> TEST CASE PASSED IS: LP_014_verifyErrorForWrongOTP 
04-02-2025 15:59:56.848 : INFO  tests.TestBase -> = = = = = Execution of Method LP_014_verifyErrorForWrongOTP Completed  = = = = =

 
04-02-2025 15:59:56.849 : INFO  utils.ExtentReport -> test description is: Verify resend OTP button functionality 
04-02-2025 15:59:56.849 : INFO  tests.TestBase -> = = = = = Execution of Method LP_015_verifyResendOTPFunctionality Started  = = = = =
 
04-02-2025 15:59:56.851 : INFO  tests.TestBase -> Success: TEST CASE PASSED IS: LP_015_verifyResendOTPFunctionality 
04-02-2025 15:59:56.851 : INFO  tests.TestBase -> TEST CASE PASSED IS: LP_015_verifyResendOTPFunctionality 
04-02-2025 15:59:56.885 : INFO  tests.TestBase -> = = = = = Execution of Method LP_015_verifyResendOTPFunctionality Completed  = = = = =

 
04-02-2025 15:59:56.886 : INFO  utils.ExtentReport -> test description is: Successful login with valid username, password, and Customer ID 
04-02-2025 15:59:56.886 : INFO  tests.TestBase -> = = = = = Execution of Method LP_016_verifySuccessfulLogin Started  = = = = =
 
04-02-2025 15:59:56.887 : INFO  tests.TestBase -> Success: TEST CASE PASSED IS: LP_016_verifySuccessfulLogin 
04-02-2025 15:59:56.888 : INFO  tests.TestBase -> TEST CASE PASSED IS: LP_016_verifySuccessfulLogin 
04-02-2025 15:59:56.923 : INFO  tests.TestBase -> = = = = = Execution of Method LP_016_verifySuccessfulLogin Completed  = = = = =

 
04-02-2025 15:59:56.924 : INFO  utils.ExtentReport -> test description is: Verify user gets Authentication via OTP Sent to Email after inserting valid credentials 
04-02-2025 15:59:56.924 : INFO  tests.TestBase -> = = = = = Execution of Method LP_017_verifyOTPSentAfterValidLogin Started  = = = = =
 
04-02-2025 15:59:56.925 : INFO  tests.TestBase -> Success: TEST CASE PASSED IS: LP_017_verifyOTPSentAfterValidLogin 
04-02-2025 15:59:56.926 : INFO  tests.TestBase -> TEST CASE PASSED IS: LP_017_verifyOTPSentAfterValidLogin 
04-02-2025 15:59:56.960 : INFO  tests.TestBase -> = = = = = Execution of Method LP_017_verifyOTPSentAfterValidLogin Completed  = = = = =

 
04-02-2025 15:59:56.961 : INFO  utils.ExtentReport -> test description is: Verify authorization page is open after user insert all valid credentials 
04-02-2025 15:59:56.961 : INFO  tests.TestBase -> = = = = = Execution of Method LP_018_verifyAuthorizationPageAfterLogin Started  = = = = =
 
04-02-2025 15:59:56.962 : INFO  tests.TestBase -> Success: TEST CASE PASSED IS: LP_018_verifyAuthorizationPageAfterLogin 
04-02-2025 15:59:56.963 : INFO  tests.TestBase -> TEST CASE PASSED IS: LP_018_verifyAuthorizationPageAfterLogin 
04-02-2025 15:59:56.999 : INFO  tests.TestBase -> = = = = = Execution of Method LP_018_verifyAuthorizationPageAfterLogin Completed  = = = = =

 
04-02-2025 15:59:57.000 : INFO  utils.ExtentReport -> test description is: Verify user is logged in successfully after valid OTP 
04-02-2025 15:59:57.000 : INFO  tests.TestBase -> = = = = = Execution of Method LP_019_verifySuccessfulLoginAfterOTP Started  = = = = =
 
04-02-2025 15:59:57.002 : INFO  tests.TestBase -> Success: TEST CASE PASSED IS: LP_019_verifySuccessfulLoginAfterOTP 
04-02-2025 15:59:57.003 : INFO  tests.TestBase -> TEST CASE PASSED IS: LP_019_verifySuccessfulLoginAfterOTP 
04-02-2025 15:59:57.035 : INFO  tests.TestBase -> = = = = = Execution of Method LP_019_verifySuccessfulLoginAfterOTP Completed  = = = = =

 
04-02-2025 15:59:57.036 : INFO  utils.ExtentReport -> test description is: Verify user can't log-in using after invalid OTP 
04-02-2025 15:59:57.037 : INFO  tests.TestBase -> = = = = = Execution of Method LP_020_verifyLoginFailureWithInvalidOTP Started  = = = = =
 
04-02-2025 15:59:57.039 : INFO  tests.TestBase -> Success: TEST CASE PASSED IS: LP_020_verifyLoginFailureWithInvalidOTP 
04-02-2025 15:59:57.039 : INFO  tests.TestBase -> TEST CASE PASSED IS: LP_020_verifyLoginFailureWithInvalidOTP 
04-02-2025 15:59:57.083 : INFO  tests.TestBase -> = = = = = Execution of Method LP_020_verifyLoginFailureWithInvalidOTP Completed  = = = = =

 
04-02-2025 15:59:57.084 : INFO  utils.ExtentReport -> test description is: Verify user can not log in using invalid username and password combination 
04-02-2025 15:59:57.084 : INFO  tests.TestBase -> = = = = = Execution of Method LP_021_verifyLoginFailureWithInvalidCredentials Started  = = = = =
 
04-02-2025 15:59:57.086 : INFO  tests.TestBase -> Success: TEST CASE PASSED IS: LP_021_verifyLoginFailureWithInvalidCredentials 
04-02-2025 15:59:57.086 : INFO  tests.TestBase -> TEST CASE PASSED IS: LP_021_verifyLoginFailureWithInvalidCredentials 
04-02-2025 15:59:57.121 : INFO  tests.TestBase -> = = = = = Execution of Method LP_021_verifyLoginFailureWithInvalidCredentials Completed  = = = = =

 
04-02-2025 15:59:57.122 : INFO  utils.ExtentReport -> test description is: Verify Login failure with incorrect Customer ID 
04-02-2025 15:59:57.122 : INFO  tests.TestBase -> = = = = = Execution of Method LP_022_verifyLoginFailureWithIncorrectCustomerID Started  = = = = =
 
04-02-2025 15:59:57.124 : INFO  tests.TestBase -> Success: TEST CASE PASSED IS: LP_022_verifyLoginFailureWithIncorrectCustomerID 
04-02-2025 15:59:57.124 : INFO  tests.TestBase -> TEST CASE PASSED IS: LP_022_verifyLoginFailureWithIncorrectCustomerID 
04-02-2025 15:59:57.161 : INFO  tests.TestBase -> = = = = = Execution of Method LP_022_verifyLoginFailureWithIncorrectCustomerID Completed  = = = = =

 
04-02-2025 15:59:57.162 : INFO  utils.ExtentReport -> test description is: Verify Login failure with missing Customer ID 
04-02-2025 15:59:57.162 : INFO  tests.TestBase -> = = = = = Execution of Method LP_023_verifyLoginFailureWithMissingCustomerID Started  = = = = =
 
04-02-2025 15:59:57.164 : INFO  tests.TestBase -> Success: TEST CASE PASSED IS: LP_023_verifyLoginFailureWithMissingCustomerID 
04-02-2025 15:59:57.164 : INFO  tests.TestBase -> TEST CASE PASSED IS: LP_023_verifyLoginFailureWithMissingCustomerID 
04-02-2025 15:59:57.204 : INFO  tests.TestBase -> = = = = = Execution of Method LP_023_verifyLoginFailureWithMissingCustomerID Completed  = = = = =

 
04-02-2025 15:59:57.205 : INFO  utils.ExtentReport -> test description is: Verify Account lockout after 05 failed login attempts 
04-02-2025 15:59:57.205 : INFO  tests.TestBase -> = = = = = Execution of Method LP_024_verifyAccountLockoutAfterFailedAttempts Started  = = = = =
 
04-02-2025 15:59:57.206 : INFO  tests.TestBase -> Success: TEST CASE PASSED IS: LP_024_verifyAccountLockoutAfterFailedAttempts 
04-02-2025 15:59:57.207 : INFO  tests.TestBase -> TEST CASE PASSED IS: LP_024_verifyAccountLockoutAfterFailedAttempts 
04-02-2025 15:59:57.243 : INFO  tests.TestBase -> = = = = = Execution of Method LP_024_verifyAccountLockoutAfterFailedAttempts Completed  = = = = =

 
04-02-2025 15:59:57.244 : INFO  utils.ExtentReport -> test description is: Verify error message for after 05 failed login attempts 
04-02-2025 15:59:57.244 : INFO  tests.TestBase -> = = = = = Execution of Method LP_025_verifyErrorMessageAfterFailedAttempts Started  = = = = =
 
04-02-2025 15:59:57.245 : INFO  tests.TestBase -> Success: TEST CASE PASSED IS: LP_025_verifyErrorMessageAfterFailedAttempts 
04-02-2025 15:59:57.246 : INFO  tests.TestBase -> TEST CASE PASSED IS: LP_025_verifyErrorMessageAfterFailedAttempts 
04-02-2025 15:59:57.281 : INFO  tests.TestBase -> = = = = = Execution of Method LP_025_verifyErrorMessageAfterFailedAttempts Completed  = = = = =

 
04-02-2025 15:59:57.281 : INFO  utils.ExtentReport -> test description is: Verify Successful login after entering correct Customer ID on retry 
04-02-2025 15:59:57.282 : INFO  tests.TestBase -> = = = = = Execution of Method LP_026_verifySuccessfulLoginAfterRetry Started  = = = = =
 
04-02-2025 15:59:57.284 : INFO  tests.TestBase -> Success: TEST CASE PASSED IS: LP_026_verifySuccessfulLoginAfterRetry 
04-02-2025 15:59:57.285 : INFO  tests.TestBase -> TEST CASE PASSED IS: LP_026_verifySuccessfulLoginAfterRetry 
04-02-2025 15:59:57.319 : INFO  tests.TestBase -> = = = = = Execution of Method LP_026_verifySuccessfulLoginAfterRetry Completed  = = = = =

 
04-02-2025 15:59:57.319 : INFO  utils.ExtentReport -> test description is: Verify Error message for missing fields 
04-02-2025 15:59:57.320 : INFO  tests.TestBase -> = = = = = Execution of Method LP_027_verifyErrorMessageForMissingFields Started  = = = = =
 
04-02-2025 15:59:57.321 : INFO  tests.TestBase -> Success: TEST CASE PASSED IS: LP_027_verifyErrorMessageForMissingFields 
04-02-2025 15:59:57.321 : INFO  tests.TestBase -> TEST CASE PASSED IS: LP_027_verifyErrorMessageForMissingFields 
04-02-2025 15:59:57.355 : INFO  tests.TestBase -> = = = = = Execution of Method LP_027_verifyErrorMessageForMissingFields Completed  = = = = =

 
04-02-2025 15:59:57.356 : INFO  utils.ExtentReport -> test description is: Verify Ensure customer-specific data is only accessible after successful login 
04-02-2025 15:59:57.356 : INFO  tests.TestBase -> = = = = = Execution of Method LP_028_verifyDataAccessAfterLogin Started  = = = = =
 
04-02-2025 15:59:57.357 : INFO  tests.TestBase -> Success: TEST CASE PASSED IS: LP_028_verifyDataAccessAfterLogin 
04-02-2025 15:59:57.358 : INFO  tests.TestBase -> TEST CASE PASSED IS: LP_028_verifyDataAccessAfterLogin 
04-02-2025 15:59:57.389 : INFO  tests.TestBase -> = = = = = Execution of Method LP_028_verifyDataAccessAfterLogin Completed  = = = = =

 
04-02-2025 15:59:57.399 : INFO  utils.webdrivers.DriverManager -> Closing Driver (862486751) 
04-02-2025 15:59:57.780 : INFO  tests.TestBase -> **************************************************************************************** 
04-02-2025 15:59:57.780 : INFO  tests.TestBase -> # # # # # Execution of Class tests.HezkyTechPageTest.LoginPageTest Completed # # # # # 
04-02-2025 15:59:57.780 : INFO  tests.TestBase -> **************************************************************************************** 
04-02-2025 16:02:17.744 : INFO  tests.TestBase -> Executing Before Suite Method. 
04-02-2025 16:02:17.748 : INFO  utils.readers.Config -> Test Environment Specific property file loaded successfully.C:\Users\vaibh\git\repository2\.git\HezkyTechAutomation\properties\env.test.properties 
04-02-2025 16:02:17.748 : INFO  utils.readers.Config -> Common property file loaded successfully.C:\Users\vaibh\git\repository2\.git\HezkyTechAutomation\properties\\env.common.properties 
04-02-2025 16:02:17.819 : INFO  utils.ExtentReport -> Extent report directory cleared. 
04-02-2025 16:02:17.900 : INFO  utils.ScreenshotHelper -> Screenshot Directory is: C:\Users\vaibh\git\repository2\.git\HezkyTechAutomation\test-output\screenshots 
04-02-2025 16:02:18.925 : INFO  utils.webdrivers.DriverManager -> Initialized Driver (862486751) 
04-02-2025 16:02:19.059 : INFO  tests.TestBase -> **************************************************************************************** 
04-02-2025 16:02:19.061 : INFO  tests.TestBase -> # # # # # Execution of Class tests.HezkyTechPageTest.LoginPageTest Started # # # # # 
04-02-2025 16:02:19.061 : INFO  tests.TestBase -> **************************************************************************************** 
04-02-2025 16:02:19.067 : INFO  utils.ExtentReport -> test description is: Verify Company logo is clearly visible on landing page 
04-02-2025 16:02:19.072 : INFO  tests.TestBase -> = = = = = Execution of Method LP_001_verifyCompanyLogoVisible Started  = = = = =
 
04-02-2025 16:02:19.099 : INFO  utils.BrowserActions -> Loading URL in browser: https://dev.hezkytech.com/#/auth/login 
04-02-2025 16:02:29.722 : INFO  utils.BrowserActionBase -> Waiting for page load to complete. 
04-02-2025 16:02:29.755 : INFO  utils.BrowserActions -> Page loaded. 
04-02-2025 16:02:29.756 : INFO  pages.HezkyTech.CustomerPanel -> Trying to verify Comapny logo is loaded or not:  
04-02-2025 16:02:29.757 : INFO  utils.BrowserActionBase -> Waiting for element to be visible: companyLogoOnLandingPage 
04-02-2025 16:02:31.956 : INFO  tests.TestBase -> Success: TEST CASE PASSED IS: LP_001_verifyCompanyLogoVisible 
04-02-2025 16:02:31.958 : INFO  tests.TestBase -> TEST CASE PASSED IS: LP_001_verifyCompanyLogoVisible 
04-02-2025 16:02:32.218 : INFO  tests.TestBase -> = = = = = Execution of Method LP_001_verifyCompanyLogoVisible Completed  = = = = =

 
04-02-2025 16:02:32.220 : INFO  utils.ExtentReport -> test description is: Verify Page scroll is present on page when needed 
04-02-2025 16:02:32.220 : INFO  tests.TestBase -> = = = = = Execution of Method LP_002_verifyPageScrollPresence Started  = = = = =
 
04-02-2025 16:02:32.222 : INFO  utils.BrowserActions -> Loading URL in browser: https://dev.hezkytech.com/#/auth/login 
04-02-2025 16:02:32.446 : INFO  utils.BrowserActionBase -> Waiting for page load to complete. 
04-02-2025 16:02:32.495 : INFO  utils.BrowserActions -> Page loaded. 
04-02-2025 16:02:32.508 : INFO  tests.TestBase -> Success: TEST CASE PASSED IS: LP_002_verifyPageScrollPresence 
04-02-2025 16:02:32.508 : INFO  tests.TestBase -> TEST CASE PASSED IS: LP_002_verifyPageScrollPresence 
04-02-2025 16:02:32.555 : INFO  tests.TestBase -> = = = = = Execution of Method LP_002_verifyPageScrollPresence Completed  = = = = =

 
04-02-2025 16:02:32.557 : INFO  utils.ExtentReport -> test description is: Verify all links are clickable on the page 
04-02-2025 16:02:32.557 : INFO  tests.TestBase -> = = = = = Execution of Method LP_007_verifyAllLinksClickable Started  = = = = =
 
04-02-2025 16:02:32.560 : INFO  utils.BrowserActions -> Loading URL in browser: https://dev.hezkytech.com/#/auth/login 
04-02-2025 16:02:32.767 : INFO  utils.BrowserActionBase -> Waiting for page load to complete. 
04-02-2025 16:02:32.781 : INFO  utils.BrowserActions -> Page loaded. 
04-02-2025 16:02:32.830 : INFO  utils.BrowserActionBase -> Waiting for element to be Clickable: checkBrokenLinks 
04-02-2025 16:02:33.261 : ERROR tests.TestBase -> TEST CASE FAILED IS: LP_007_verifyAllLinksClickable 
04-02-2025 16:02:33.262 : INFO  tests.TestBase -> TEST CASE FAILED IS: LP_007_verifyAllLinksClickable 
04-02-2025 16:02:33.262 : ERROR tests.TestBase -> TEST CASE FAILED REASON: org.openqa.selenium.StaleElementReferenceException: stale element reference: stale element not found
  (Session info: chrome=116.0.5845.96)
For documentation on this error, please visit: https://www.seleniumhq.org/exceptions/stale_element_reference.html
Build info: version: '3.141.59', revision: 'e82be7d358', time: '2018-11-14T08:17:03'
System info: host: 'LAPTOP-P2SCE6NO', ip: '192.168.56.1', os.name: 'Windows 11', os.arch: 'amd64', os.version: '10.0', java.version: '17.0.7'
Driver info: org.openqa.selenium.chrome.ChromeDriver
Capabilities {acceptInsecureCerts: false, browserName: chrome, browserVersion: 116.0.5845.96, chrome: {chromedriverVersion: 116.0.5845.96 (1a3918166880..., userDataDir: C:\Users\vaibh\AppData\Loca...}, fedcm:accounts: true, goog:chromeOptions: {debuggerAddress: localhost:56456}, javascriptEnabled: true, networkConnectionEnabled: false, pageLoadStrategy: normal, platform: WINDOWS, platformName: WINDOWS, proxy: Proxy(), setWindowRect: true, strictFileInteractability: false, timeouts: {implicit: 0, pageLoad: 300000, script: 30000}, unhandledPromptBehavior: dismiss and notify, webauthn:extension:credBlob: true, webauthn:extension:largeBlob: true, webauthn:extension:minPinLength: true, webauthn:extension:prf: true, webauthn:virtualAuthenticators: true}
Session ID: 806c297b59bcbf04d3be6ec80e67aa0a 
04-02-2025 16:02:33.262 : INFO  tests.TestBase -> TEST CASE FAILED REASON: org.openqa.selenium.StaleElementReferenceException: stale element reference: stale element not found
  (Session info: chrome=116.0.5845.96)
For documentation on this error, please visit: https://www.seleniumhq.org/exceptions/stale_element_reference.html
Build info: version: '3.141.59', revision: 'e82be7d358', time: '2018-11-14T08:17:03'
System info: host: 'LAPTOP-P2SCE6NO', ip: '192.168.56.1', os.name: 'Windows 11', os.arch: 'amd64', os.version: '10.0', java.version: '17.0.7'
Driver info: org.openqa.selenium.chrome.ChromeDriver
Capabilities {acceptInsecureCerts: false, browserName: chrome, browserVersion: 116.0.5845.96, chrome: {chromedriverVersion: 116.0.5845.96 (1a3918166880..., userDataDir: C:\Users\vaibh\AppData\Loca...}, fedcm:accounts: true, goog:chromeOptions: {debuggerAddress: localhost:56456}, javascriptEnabled: true, networkConnectionEnabled: false, pageLoadStrategy: normal, platform: WINDOWS, platformName: WINDOWS, proxy: Proxy(), setWindowRect: true, strictFileInteractability: false, timeouts: {implicit: 0, pageLoad: 300000, script: 30000}, unhandledPromptBehavior: dismiss and notify, webauthn:extension:credBlob: true, webauthn:extension:largeBlob: true, webauthn:extension:minPinLength: true, webauthn:extension:prf: true, webauthn:virtualAuthenticators: true}
Session ID: 806c297b59bcbf04d3be6ec80e67aa0a 
04-02-2025 16:02:33.311 : INFO  tests.TestBase -> = = = = = Execution of Method LP_007_verifyAllLinksClickable Completed  = = = = =

 
04-02-2025 16:02:33.312 : INFO  utils.ExtentReport -> test description is: Verify user can navigate back easily after clicking the links like about us, terms and conditions, privacy and policy. 
04-02-2025 16:02:33.312 : INFO  tests.TestBase -> = = = = = Execution of Method LP_008_verifyNavigationBackFromLinks Started  = = = = =
 
04-02-2025 16:02:33.313 : INFO  tests.TestBase -> Success: TEST CASE PASSED IS: LP_008_verifyNavigationBackFromLinks 
04-02-2025 16:02:33.314 : INFO  tests.TestBase -> TEST CASE PASSED IS: LP_008_verifyNavigationBackFromLinks 
04-02-2025 16:02:33.348 : INFO  tests.TestBase -> = = = = = Execution of Method LP_008_verifyNavigationBackFromLinks Completed  = = = = =

 
04-02-2025 16:02:33.349 : INFO  utils.ExtentReport -> test description is: Verify forgot password functionality 
04-02-2025 16:02:33.349 : INFO  tests.TestBase -> = = = = = Execution of Method LP_009_verifyForgotPasswordFunctionality Started  = = = = =
 
04-02-2025 16:02:33.350 : INFO  tests.TestBase -> Success: TEST CASE PASSED IS: LP_009_verifyForgotPasswordFunctionality 
04-02-2025 16:02:33.351 : INFO  tests.TestBase -> TEST CASE PASSED IS: LP_009_verifyForgotPasswordFunctionality 
04-02-2025 16:02:33.385 : INFO  tests.TestBase -> = = = = = Execution of Method LP_009_verifyForgotPasswordFunctionality Completed  = = = = =

 
04-02-2025 16:02:33.385 : INFO  utils.ExtentReport -> test description is: Verify user can navigate back to login page from forgot password popup 
04-02-2025 16:02:33.386 : INFO  tests.TestBase -> = = = = = Execution of Method LP_010_verifyNavigationBackFromForgotPassword Started  = = = = =
 
04-02-2025 16:02:33.387 : INFO  tests.TestBase -> Success: TEST CASE PASSED IS: LP_010_verifyNavigationBackFromForgotPassword 
04-02-2025 16:02:33.387 : INFO  tests.TestBase -> TEST CASE PASSED IS: LP_010_verifyNavigationBackFromForgotPassword 
04-02-2025 16:02:33.428 : INFO  tests.TestBase -> = = = = = Execution of Method LP_010_verifyNavigationBackFromForgotPassword Completed  = = = = =

 
04-02-2025 16:02:33.429 : INFO  utils.ExtentReport -> test description is: Verify when user enter incorrect Email in forgot password popup error message should be displayed 
04-02-2025 16:02:33.429 : INFO  tests.TestBase -> = = = = = Execution of Method LP_011_verifyErrorMessageForInvalidEmail Started  = = = = =
 
04-02-2025 16:02:33.430 : INFO  tests.TestBase -> Success: TEST CASE PASSED IS: LP_011_verifyErrorMessageForInvalidEmail 
04-02-2025 16:02:33.430 : INFO  tests.TestBase -> TEST CASE PASSED IS: LP_011_verifyErrorMessageForInvalidEmail 
04-02-2025 16:02:33.463 : INFO  tests.TestBase -> = = = = = Execution of Method LP_011_verifyErrorMessageForInvalidEmail Completed  = = = = =

 
04-02-2025 16:02:33.463 : INFO  utils.ExtentReport -> test description is: Verify OTP is sent when user enter valid email in email textbox of Forgot password pop-up 
04-02-2025 16:02:33.464 : INFO  tests.TestBase -> = = = = = Execution of Method LP_012_verifyOTPSentForValidEmail Started  = = = = =
 
04-02-2025 16:02:33.465 : INFO  tests.TestBase -> Success: TEST CASE PASSED IS: LP_012_verifyOTPSentForValidEmail 
04-02-2025 16:02:33.466 : INFO  tests.TestBase -> TEST CASE PASSED IS: LP_012_verifyOTPSentForValidEmail 
04-02-2025 16:02:33.501 : INFO  tests.TestBase -> = = = = = Execution of Method LP_012_verifyOTPSentForValidEmail Completed  = = = = =

 
04-02-2025 16:02:33.502 : INFO  utils.ExtentReport -> test description is: Verify update password page is showing after OTP sent to valid email 
04-02-2025 16:02:33.502 : INFO  tests.TestBase -> = = = = = Execution of Method LP_013_verifyUpdatePasswordPageAfterOTP Started  = = = = =
 
04-02-2025 16:02:33.504 : INFO  tests.TestBase -> Success: TEST CASE PASSED IS: LP_013_verifyUpdatePasswordPageAfterOTP 
04-02-2025 16:02:33.504 : INFO  tests.TestBase -> TEST CASE PASSED IS: LP_013_verifyUpdatePasswordPageAfterOTP 
04-02-2025 16:02:33.543 : INFO  tests.TestBase -> = = = = = Execution of Method LP_013_verifyUpdatePasswordPageAfterOTP Completed  = = = = =

 
04-02-2025 16:02:33.543 : INFO  utils.ExtentReport -> test description is: Verify user can not update password using wrong OTP and error message is showing 
04-02-2025 16:02:33.544 : INFO  tests.TestBase -> = = = = = Execution of Method LP_014_verifyErrorForWrongOTP Started  = = = = =
 
04-02-2025 16:02:33.545 : INFO  tests.TestBase -> Success: TEST CASE PASSED IS: LP_014_verifyErrorForWrongOTP 
04-02-2025 16:02:33.546 : INFO  tests.TestBase -> TEST CASE PASSED IS: LP_014_verifyErrorForWrongOTP 
04-02-2025 16:02:33.576 : INFO  tests.TestBase -> = = = = = Execution of Method LP_014_verifyErrorForWrongOTP Completed  = = = = =

 
04-02-2025 16:02:33.577 : INFO  utils.ExtentReport -> test description is: Verify resend OTP button functionality 
04-02-2025 16:02:33.577 : INFO  tests.TestBase -> = = = = = Execution of Method LP_015_verifyResendOTPFunctionality Started  = = = = =
 
04-02-2025 16:02:33.579 : INFO  tests.TestBase -> Success: TEST CASE PASSED IS: LP_015_verifyResendOTPFunctionality 
04-02-2025 16:02:33.579 : INFO  tests.TestBase -> TEST CASE PASSED IS: LP_015_verifyResendOTPFunctionality 
04-02-2025 16:02:33.610 : INFO  tests.TestBase -> = = = = = Execution of Method LP_015_verifyResendOTPFunctionality Completed  = = = = =

 
04-02-2025 16:02:33.611 : INFO  utils.ExtentReport -> test description is: Successful login with valid username, password, and Customer ID 
04-02-2025 16:02:33.611 : INFO  tests.TestBase -> = = = = = Execution of Method LP_016_verifySuccessfulLogin Started  = = = = =
 
04-02-2025 16:02:33.613 : INFO  tests.TestBase -> Success: TEST CASE PASSED IS: LP_016_verifySuccessfulLogin 
04-02-2025 16:02:33.613 : INFO  tests.TestBase -> TEST CASE PASSED IS: LP_016_verifySuccessfulLogin 
04-02-2025 16:02:33.646 : INFO  tests.TestBase -> = = = = = Execution of Method LP_016_verifySuccessfulLogin Completed  = = = = =

 
04-02-2025 16:02:33.647 : INFO  utils.ExtentReport -> test description is: Verify user gets Authentication via OTP Sent to Email after inserting valid credentials 
04-02-2025 16:02:33.647 : INFO  tests.TestBase -> = = = = = Execution of Method LP_017_verifyOTPSentAfterValidLogin Started  = = = = =
 
04-02-2025 16:02:33.649 : INFO  tests.TestBase -> Success: TEST CASE PASSED IS: LP_017_verifyOTPSentAfterValidLogin 
04-02-2025 16:02:33.649 : INFO  tests.TestBase -> TEST CASE PASSED IS: LP_017_verifyOTPSentAfterValidLogin 
04-02-2025 16:02:33.682 : INFO  tests.TestBase -> = = = = = Execution of Method LP_017_verifyOTPSentAfterValidLogin Completed  = = = = =

 
04-02-2025 16:02:33.683 : INFO  utils.ExtentReport -> test description is: Verify authorization page is open after user insert all valid credentials 
04-02-2025 16:02:33.683 : INFO  tests.TestBase -> = = = = = Execution of Method LP_018_verifyAuthorizationPageAfterLogin Started  = = = = =
 
04-02-2025 16:02:33.684 : INFO  tests.TestBase -> Success: TEST CASE PASSED IS: LP_018_verifyAuthorizationPageAfterLogin 
04-02-2025 16:02:33.685 : INFO  tests.TestBase -> TEST CASE PASSED IS: LP_018_verifyAuthorizationPageAfterLogin 
04-02-2025 16:02:33.719 : INFO  tests.TestBase -> = = = = = Execution of Method LP_018_verifyAuthorizationPageAfterLogin Completed  = = = = =

 
04-02-2025 16:02:33.719 : INFO  utils.ExtentReport -> test description is: Verify user is logged in successfully after valid OTP 
04-02-2025 16:02:33.720 : INFO  tests.TestBase -> = = = = = Execution of Method LP_019_verifySuccessfulLoginAfterOTP Started  = = = = =
 
04-02-2025 16:02:33.721 : INFO  tests.TestBase -> Success: TEST CASE PASSED IS: LP_019_verifySuccessfulLoginAfterOTP 
04-02-2025 16:02:33.721 : INFO  tests.TestBase -> TEST CASE PASSED IS: LP_019_verifySuccessfulLoginAfterOTP 
04-02-2025 16:02:33.754 : INFO  tests.TestBase -> = = = = = Execution of Method LP_019_verifySuccessfulLoginAfterOTP Completed  = = = = =

 
04-02-2025 16:02:33.755 : INFO  utils.ExtentReport -> test description is: Verify user can't log-in using after invalid OTP 
04-02-2025 16:02:33.755 : INFO  tests.TestBase -> = = = = = Execution of Method LP_020_verifyLoginFailureWithInvalidOTP Started  = = = = =
 
04-02-2025 16:02:33.758 : INFO  tests.TestBase -> Success: TEST CASE PASSED IS: LP_020_verifyLoginFailureWithInvalidOTP 
04-02-2025 16:02:33.758 : INFO  tests.TestBase -> TEST CASE PASSED IS: LP_020_verifyLoginFailureWithInvalidOTP 
04-02-2025 16:02:33.799 : INFO  tests.TestBase -> = = = = = Execution of Method LP_020_verifyLoginFailureWithInvalidOTP Completed  = = = = =

 
04-02-2025 16:02:33.799 : INFO  utils.ExtentReport -> test description is: Verify user can not log in using invalid username and password combination 
04-02-2025 16:02:33.800 : INFO  tests.TestBase -> = = = = = Execution of Method LP_021_verifyLoginFailureWithInvalidCredentials Started  = = = = =
 
04-02-2025 16:02:33.801 : INFO  tests.TestBase -> Success: TEST CASE PASSED IS: LP_021_verifyLoginFailureWithInvalidCredentials 
04-02-2025 16:02:33.802 : INFO  tests.TestBase -> TEST CASE PASSED IS: LP_021_verifyLoginFailureWithInvalidCredentials 
04-02-2025 16:02:33.832 : INFO  tests.TestBase -> = = = = = Execution of Method LP_021_verifyLoginFailureWithInvalidCredentials Completed  = = = = =

 
04-02-2025 16:02:33.833 : INFO  utils.ExtentReport -> test description is: Verify Login failure with incorrect Customer ID 
04-02-2025 16:02:33.833 : INFO  tests.TestBase -> = = = = = Execution of Method LP_022_verifyLoginFailureWithIncorrectCustomerID Started  = = = = =
 
04-02-2025 16:02:33.836 : INFO  tests.TestBase -> Success: TEST CASE PASSED IS: LP_022_verifyLoginFailureWithIncorrectCustomerID 
04-02-2025 16:02:33.837 : INFO  tests.TestBase -> TEST CASE PASSED IS: LP_022_verifyLoginFailureWithIncorrectCustomerID 
04-02-2025 16:02:33.870 : INFO  tests.TestBase -> = = = = = Execution of Method LP_022_verifyLoginFailureWithIncorrectCustomerID Completed  = = = = =

 
04-02-2025 16:02:33.870 : INFO  utils.ExtentReport -> test description is: Verify Login failure with missing Customer ID 
04-02-2025 16:02:33.871 : INFO  tests.TestBase -> = = = = = Execution of Method LP_023_verifyLoginFailureWithMissingCustomerID Started  = = = = =
 
04-02-2025 16:02:33.872 : INFO  tests.TestBase -> Success: TEST CASE PASSED IS: LP_023_verifyLoginFailureWithMissingCustomerID 
04-02-2025 16:02:33.872 : INFO  tests.TestBase -> TEST CASE PASSED IS: LP_023_verifyLoginFailureWithMissingCustomerID 
04-02-2025 16:02:33.903 : INFO  tests.TestBase -> = = = = = Execution of Method LP_023_verifyLoginFailureWithMissingCustomerID Completed  = = = = =

 
04-02-2025 16:02:33.904 : INFO  utils.ExtentReport -> test description is: Verify Account lockout after 05 failed login attempts 
04-02-2025 16:02:33.904 : INFO  tests.TestBase -> = = = = = Execution of Method LP_024_verifyAccountLockoutAfterFailedAttempts Started  = = = = =
 
04-02-2025 16:02:33.905 : INFO  tests.TestBase -> Success: TEST CASE PASSED IS: LP_024_verifyAccountLockoutAfterFailedAttempts 
04-02-2025 16:02:33.906 : INFO  tests.TestBase -> TEST CASE PASSED IS: LP_024_verifyAccountLockoutAfterFailedAttempts 
04-02-2025 16:02:33.931 : INFO  tests.TestBase -> = = = = = Execution of Method LP_024_verifyAccountLockoutAfterFailedAttempts Completed  = = = = =

 
04-02-2025 16:02:33.932 : INFO  utils.ExtentReport -> test description is: Verify error message for after 05 failed login attempts 
04-02-2025 16:02:33.932 : INFO  tests.TestBase -> = = = = = Execution of Method LP_025_verifyErrorMessageAfterFailedAttempts Started  = = = = =
 
04-02-2025 16:02:33.933 : INFO  tests.TestBase -> Success: TEST CASE PASSED IS: LP_025_verifyErrorMessageAfterFailedAttempts 
04-02-2025 16:02:33.933 : INFO  tests.TestBase -> TEST CASE PASSED IS: LP_025_verifyErrorMessageAfterFailedAttempts 
04-02-2025 16:02:33.964 : INFO  tests.TestBase -> = = = = = Execution of Method LP_025_verifyErrorMessageAfterFailedAttempts Completed  = = = = =

 
04-02-2025 16:02:33.965 : INFO  utils.ExtentReport -> test description is: Verify Successful login after entering correct Customer ID on retry 
04-02-2025 16:02:33.965 : INFO  tests.TestBase -> = = = = = Execution of Method LP_026_verifySuccessfulLoginAfterRetry Started  = = = = =
 
04-02-2025 16:02:33.966 : INFO  tests.TestBase -> Success: TEST CASE PASSED IS: LP_026_verifySuccessfulLoginAfterRetry 
04-02-2025 16:02:33.967 : INFO  tests.TestBase -> TEST CASE PASSED IS: LP_026_verifySuccessfulLoginAfterRetry 
04-02-2025 16:02:33.994 : INFO  tests.TestBase -> = = = = = Execution of Method LP_026_verifySuccessfulLoginAfterRetry Completed  = = = = =

 
04-02-2025 16:02:33.995 : INFO  utils.ExtentReport -> test description is: Verify Error message for missing fields 
04-02-2025 16:02:33.995 : INFO  tests.TestBase -> = = = = = Execution of Method LP_027_verifyErrorMessageForMissingFields Started  = = = = =
 
04-02-2025 16:02:33.997 : INFO  tests.TestBase -> Success: TEST CASE PASSED IS: LP_027_verifyErrorMessageForMissingFields 
04-02-2025 16:02:33.998 : INFO  tests.TestBase -> TEST CASE PASSED IS: LP_027_verifyErrorMessageForMissingFields 
04-02-2025 16:02:34.024 : INFO  tests.TestBase -> = = = = = Execution of Method LP_027_verifyErrorMessageForMissingFields Completed  = = = = =

 
04-02-2025 16:02:34.025 : INFO  utils.ExtentReport -> test description is: Verify Ensure customer-specific data is only accessible after successful login 
04-02-2025 16:02:34.025 : INFO  tests.TestBase -> = = = = = Execution of Method LP_028_verifyDataAccessAfterLogin Started  = = = = =
 
04-02-2025 16:02:34.027 : INFO  tests.TestBase -> Success: TEST CASE PASSED IS: LP_028_verifyDataAccessAfterLogin 
04-02-2025 16:02:34.027 : INFO  tests.TestBase -> TEST CASE PASSED IS: LP_028_verifyDataAccessAfterLogin 
04-02-2025 16:02:34.053 : INFO  tests.TestBase -> = = = = = Execution of Method LP_028_verifyDataAccessAfterLogin Completed  = = = = =

 
04-02-2025 16:02:34.061 : INFO  utils.webdrivers.DriverManager -> Closing Driver (862486751) 
04-02-2025 16:02:34.398 : INFO  tests.TestBase -> **************************************************************************************** 
04-02-2025 16:02:34.399 : INFO  tests.TestBase -> # # # # # Execution of Class tests.HezkyTechPageTest.LoginPageTest Completed # # # # # 
04-02-2025 16:02:34.399 : INFO  tests.TestBase -> **************************************************************************************** 
04-02-2025 16:09:06.502 : INFO  tests.TestBase -> Executing Before Suite Method. 
04-02-2025 16:09:06.507 : INFO  utils.readers.Config -> Test Environment Specific property file loaded successfully.C:\Users\vaibh\git\repository2\.git\HezkyTechAutomation\properties\env.test.properties 
04-02-2025 16:09:06.507 : INFO  utils.readers.Config -> Common property file loaded successfully.C:\Users\vaibh\git\repository2\.git\HezkyTechAutomation\properties\\env.common.properties 
04-02-2025 16:09:06.574 : INFO  utils.ExtentReport -> Extent report directory cleared. 
04-02-2025 16:09:06.661 : INFO  utils.ScreenshotHelper -> Screenshot Directory is: C:\Users\vaibh\git\repository2\.git\HezkyTechAutomation\test-output\screenshots 
04-02-2025 16:09:07.713 : INFO  utils.webdrivers.DriverManager -> Initialized Driver (862486751) 
04-02-2025 16:09:07.857 : INFO  tests.TestBase -> **************************************************************************************** 
04-02-2025 16:09:07.860 : INFO  tests.TestBase -> # # # # # Execution of Class tests.HezkyTechPageTest.LoginPageTest Started # # # # # 
04-02-2025 16:09:07.860 : INFO  tests.TestBase -> **************************************************************************************** 
04-02-2025 16:09:07.866 : INFO  utils.ExtentReport -> test description is: Verify Company logo is clearly visible on landing page 
04-02-2025 16:09:07.870 : INFO  tests.TestBase -> = = = = = Execution of Method LP_001_verifyCompanyLogoVisible Started  = = = = =
 
04-02-2025 16:09:07.895 : INFO  utils.BrowserActions -> Loading URL in browser: https://dev.hezkytech.com/#/auth/login 
04-02-2025 16:09:17.880 : INFO  utils.BrowserActionBase -> Waiting for page load to complete. 
04-02-2025 16:09:17.913 : INFO  utils.BrowserActions -> Page loaded. 
04-02-2025 16:09:17.914 : INFO  pages.HezkyTech.CustomerPanel -> Trying to verify Comapny logo is loaded or not:  
04-02-2025 16:09:17.915 : INFO  utils.BrowserActionBase -> Waiting for element to be visible: companyLogoOnLandingPage 
04-02-2025 16:09:19.946 : INFO  tests.TestBase -> Success: TEST CASE PASSED IS: LP_001_verifyCompanyLogoVisible 
04-02-2025 16:09:19.949 : INFO  tests.TestBase -> TEST CASE PASSED IS: LP_001_verifyCompanyLogoVisible 
04-02-2025 16:09:20.213 : INFO  tests.TestBase -> = = = = = Execution of Method LP_001_verifyCompanyLogoVisible Completed  = = = = =

 
04-02-2025 16:09:20.215 : INFO  utils.ExtentReport -> test description is: Verify Page scroll is present on page when needed 
04-02-2025 16:09:20.215 : INFO  tests.TestBase -> = = = = = Execution of Method LP_002_verifyPageScrollPresence Started  = = = = =
 
04-02-2025 16:09:20.219 : INFO  utils.BrowserActions -> Loading URL in browser: https://dev.hezkytech.com/#/auth/login 
04-02-2025 16:09:20.454 : INFO  utils.BrowserActionBase -> Waiting for page load to complete. 
04-02-2025 16:09:20.497 : INFO  utils.BrowserActions -> Page loaded. 
04-02-2025 16:09:20.509 : INFO  tests.TestBase -> Success: TEST CASE PASSED IS: LP_002_verifyPageScrollPresence 
04-02-2025 16:09:20.509 : INFO  tests.TestBase -> TEST CASE PASSED IS: LP_002_verifyPageScrollPresence 
04-02-2025 16:09:20.553 : INFO  tests.TestBase -> = = = = = Execution of Method LP_002_verifyPageScrollPresence Completed  = = = = =

 
04-02-2025 16:09:20.554 : INFO  utils.ExtentReport -> test description is: Verify all links are clickable on the page 
04-02-2025 16:09:20.554 : INFO  tests.TestBase -> = = = = = Execution of Method LP_007_verifyAllLinksClickable Started  = = = = =
 
04-02-2025 16:09:20.556 : INFO  utils.BrowserActions -> Loading URL in browser: https://dev.hezkytech.com/#/auth/login 
04-02-2025 16:09:20.826 : INFO  utils.BrowserActionBase -> Waiting for page load to complete. 
04-02-2025 16:09:20.840 : INFO  utils.BrowserActions -> Page loaded. 
04-02-2025 16:09:20.900 : INFO  utils.BrowserActionBase -> Waiting for element to be Clickable: checkBrokenLinks 
04-02-2025 16:09:21.555 : INFO  utils.BrowserActionBase -> Waiting for element to be Clickable: checkBrokenLinks 
04-02-2025 16:09:21.892 : INFO  tests.TestBase -> Success: TEST CASE PASSED IS: LP_007_verifyAllLinksClickable 
04-02-2025 16:09:21.893 : INFO  tests.TestBase -> TEST CASE PASSED IS: LP_007_verifyAllLinksClickable 
04-02-2025 16:09:21.936 : INFO  tests.TestBase -> = = = = = Execution of Method LP_007_verifyAllLinksClickable Completed  = = = = =

 
04-02-2025 16:09:21.937 : INFO  utils.ExtentReport -> test description is: Verify user can navigate back easily after clicking the links like about us, terms and conditions, privacy and policy. 
04-02-2025 16:09:21.937 : INFO  tests.TestBase -> = = = = = Execution of Method LP_008_verifyNavigationBackFromLinks Started  = = = = =
 
04-02-2025 16:09:21.939 : INFO  tests.TestBase -> Success: TEST CASE PASSED IS: LP_008_verifyNavigationBackFromLinks 
04-02-2025 16:09:21.940 : INFO  tests.TestBase -> TEST CASE PASSED IS: LP_008_verifyNavigationBackFromLinks 
04-02-2025 16:09:21.979 : INFO  tests.TestBase -> = = = = = Execution of Method LP_008_verifyNavigationBackFromLinks Completed  = = = = =

 
04-02-2025 16:09:21.980 : INFO  utils.ExtentReport -> test description is: Verify forgot password functionality 
04-02-2025 16:09:21.980 : INFO  tests.TestBase -> = = = = = Execution of Method LP_009_verifyForgotPasswordFunctionality Started  = = = = =
 
04-02-2025 16:09:21.981 : INFO  tests.TestBase -> Success: TEST CASE PASSED IS: LP_009_verifyForgotPasswordFunctionality 
04-02-2025 16:09:21.982 : INFO  tests.TestBase -> TEST CASE PASSED IS: LP_009_verifyForgotPasswordFunctionality 
04-02-2025 16:09:22.019 : INFO  tests.TestBase -> = = = = = Execution of Method LP_009_verifyForgotPasswordFunctionality Completed  = = = = =

 
04-02-2025 16:09:22.020 : INFO  utils.ExtentReport -> test description is: Verify user can navigate back to login page from forgot password popup 
04-02-2025 16:09:22.021 : INFO  tests.TestBase -> = = = = = Execution of Method LP_010_verifyNavigationBackFromForgotPassword Started  = = = = =
 
04-02-2025 16:09:22.022 : INFO  tests.TestBase -> Success: TEST CASE PASSED IS: LP_010_verifyNavigationBackFromForgotPassword 
04-02-2025 16:09:22.023 : INFO  tests.TestBase -> TEST CASE PASSED IS: LP_010_verifyNavigationBackFromForgotPassword 
04-02-2025 16:09:22.064 : INFO  tests.TestBase -> = = = = = Execution of Method LP_010_verifyNavigationBackFromForgotPassword Completed  = = = = =

 
04-02-2025 16:09:22.065 : INFO  utils.ExtentReport -> test description is: Verify when user enter incorrect Email in forgot password popup error message should be displayed 
04-02-2025 16:09:22.065 : INFO  tests.TestBase -> = = = = = Execution of Method LP_011_verifyErrorMessageForInvalidEmail Started  = = = = =
 
04-02-2025 16:09:22.067 : INFO  tests.TestBase -> Success: TEST CASE PASSED IS: LP_011_verifyErrorMessageForInvalidEmail 
04-02-2025 16:09:22.068 : INFO  tests.TestBase -> TEST CASE PASSED IS: LP_011_verifyErrorMessageForInvalidEmail 
04-02-2025 16:09:22.098 : INFO  tests.TestBase -> = = = = = Execution of Method LP_011_verifyErrorMessageForInvalidEmail Completed  = = = = =

 
04-02-2025 16:09:22.099 : INFO  utils.ExtentReport -> test description is: Verify OTP is sent when user enter valid email in email textbox of Forgot password pop-up 
04-02-2025 16:09:22.099 : INFO  tests.TestBase -> = = = = = Execution of Method LP_012_verifyOTPSentForValidEmail Started  = = = = =
 
04-02-2025 16:09:22.101 : INFO  tests.TestBase -> Success: TEST CASE PASSED IS: LP_012_verifyOTPSentForValidEmail 
04-02-2025 16:09:22.102 : INFO  tests.TestBase -> TEST CASE PASSED IS: LP_012_verifyOTPSentForValidEmail 
04-02-2025 16:09:22.133 : INFO  tests.TestBase -> = = = = = Execution of Method LP_012_verifyOTPSentForValidEmail Completed  = = = = =

 
04-02-2025 16:09:22.134 : INFO  utils.ExtentReport -> test description is: Verify update password page is showing after OTP sent to valid email 
04-02-2025 16:09:22.134 : INFO  tests.TestBase -> = = = = = Execution of Method LP_013_verifyUpdatePasswordPageAfterOTP Started  = = = = =
 
04-02-2025 16:09:22.136 : INFO  tests.TestBase -> Success: TEST CASE PASSED IS: LP_013_verifyUpdatePasswordPageAfterOTP 
04-02-2025 16:09:22.136 : INFO  tests.TestBase -> TEST CASE PASSED IS: LP_013_verifyUpdatePasswordPageAfterOTP 
04-02-2025 16:09:22.168 : INFO  tests.TestBase -> = = = = = Execution of Method LP_013_verifyUpdatePasswordPageAfterOTP Completed  = = = = =

 
04-02-2025 16:09:22.168 : INFO  utils.ExtentReport -> test description is: Verify user can not update password using wrong OTP and error message is showing 
04-02-2025 16:09:22.169 : INFO  tests.TestBase -> = = = = = Execution of Method LP_014_verifyErrorForWrongOTP Started  = = = = =
 
04-02-2025 16:09:22.170 : INFO  tests.TestBase -> Success: TEST CASE PASSED IS: LP_014_verifyErrorForWrongOTP 
04-02-2025 16:09:22.171 : INFO  tests.TestBase -> TEST CASE PASSED IS: LP_014_verifyErrorForWrongOTP 
04-02-2025 16:09:22.203 : INFO  tests.TestBase -> = = = = = Execution of Method LP_014_verifyErrorForWrongOTP Completed  = = = = =

 
04-02-2025 16:09:22.203 : INFO  utils.ExtentReport -> test description is: Verify resend OTP button functionality 
04-02-2025 16:09:22.204 : INFO  tests.TestBase -> = = = = = Execution of Method LP_015_verifyResendOTPFunctionality Started  = = = = =
 
04-02-2025 16:09:22.205 : INFO  tests.TestBase -> Success: TEST CASE PASSED IS: LP_015_verifyResendOTPFunctionality 
04-02-2025 16:09:22.206 : INFO  tests.TestBase -> TEST CASE PASSED IS: LP_015_verifyResendOTPFunctionality 
04-02-2025 16:09:22.238 : INFO  tests.TestBase -> = = = = = Execution of Method LP_015_verifyResendOTPFunctionality Completed  = = = = =

 
04-02-2025 16:09:22.238 : INFO  utils.ExtentReport -> test description is: Successful login with valid username, password, and Customer ID 
04-02-2025 16:09:22.239 : INFO  tests.TestBase -> = = = = = Execution of Method LP_016_verifySuccessfulLogin Started  = = = = =
 
04-02-2025 16:09:22.240 : INFO  tests.TestBase -> Success: TEST CASE PASSED IS: LP_016_verifySuccessfulLogin 
04-02-2025 16:09:22.241 : INFO  tests.TestBase -> TEST CASE PASSED IS: LP_016_verifySuccessfulLogin 
04-02-2025 16:09:22.276 : INFO  tests.TestBase -> = = = = = Execution of Method LP_016_verifySuccessfulLogin Completed  = = = = =

 
04-02-2025 16:09:22.277 : INFO  utils.ExtentReport -> test description is: Verify user gets Authentication via OTP Sent to Email after inserting valid credentials 
04-02-2025 16:09:22.277 : INFO  tests.TestBase -> = = = = = Execution of Method LP_017_verifyOTPSentAfterValidLogin Started  = = = = =
 
04-02-2025 16:09:22.278 : INFO  tests.TestBase -> Success: TEST CASE PASSED IS: LP_017_verifyOTPSentAfterValidLogin 
04-02-2025 16:09:22.279 : INFO  tests.TestBase -> TEST CASE PASSED IS: LP_017_verifyOTPSentAfterValidLogin 
04-02-2025 16:09:22.313 : INFO  tests.TestBase -> = = = = = Execution of Method LP_017_verifyOTPSentAfterValidLogin Completed  = = = = =

 
04-02-2025 16:09:22.314 : INFO  utils.ExtentReport -> test description is: Verify authorization page is open after user insert all valid credentials 
04-02-2025 16:09:22.314 : INFO  tests.TestBase -> = = = = = Execution of Method LP_018_verifyAuthorizationPageAfterLogin Started  = = = = =
 
04-02-2025 16:09:22.316 : INFO  tests.TestBase -> Success: TEST CASE PASSED IS: LP_018_verifyAuthorizationPageAfterLogin 
04-02-2025 16:09:22.316 : INFO  tests.TestBase -> TEST CASE PASSED IS: LP_018_verifyAuthorizationPageAfterLogin 
04-02-2025 16:09:22.350 : INFO  tests.TestBase -> = = = = = Execution of Method LP_018_verifyAuthorizationPageAfterLogin Completed  = = = = =

 
04-02-2025 16:09:22.351 : INFO  utils.ExtentReport -> test description is: Verify user is logged in successfully after valid OTP 
04-02-2025 16:09:22.351 : INFO  tests.TestBase -> = = = = = Execution of Method LP_019_verifySuccessfulLoginAfterOTP Started  = = = = =
 
04-02-2025 16:09:22.353 : INFO  tests.TestBase -> Success: TEST CASE PASSED IS: LP_019_verifySuccessfulLoginAfterOTP 
04-02-2025 16:09:22.354 : INFO  tests.TestBase -> TEST CASE PASSED IS: LP_019_verifySuccessfulLoginAfterOTP 
04-02-2025 16:09:22.389 : INFO  tests.TestBase -> = = = = = Execution of Method LP_019_verifySuccessfulLoginAfterOTP Completed  = = = = =

 
04-02-2025 16:09:22.390 : INFO  utils.ExtentReport -> test description is: Verify user can't log-in using after invalid OTP 
04-02-2025 16:09:22.392 : INFO  tests.TestBase -> = = = = = Execution of Method LP_020_verifyLoginFailureWithInvalidOTP Started  = = = = =
 
04-02-2025 16:09:22.393 : INFO  tests.TestBase -> Success: TEST CASE PASSED IS: LP_020_verifyLoginFailureWithInvalidOTP 
04-02-2025 16:09:22.394 : INFO  tests.TestBase -> TEST CASE PASSED IS: LP_020_verifyLoginFailureWithInvalidOTP 
04-02-2025 16:09:22.431 : INFO  tests.TestBase -> = = = = = Execution of Method LP_020_verifyLoginFailureWithInvalidOTP Completed  = = = = =

 
04-02-2025 16:09:22.431 : INFO  utils.ExtentReport -> test description is: Verify user can not log in using invalid username and password combination 
04-02-2025 16:09:22.431 : INFO  tests.TestBase -> = = = = = Execution of Method LP_021_verifyLoginFailureWithInvalidCredentials Started  = = = = =
 
04-02-2025 16:09:22.433 : INFO  tests.TestBase -> Success: TEST CASE PASSED IS: LP_021_verifyLoginFailureWithInvalidCredentials 
04-02-2025 16:09:22.433 : INFO  tests.TestBase -> TEST CASE PASSED IS: LP_021_verifyLoginFailureWithInvalidCredentials 
04-02-2025 16:09:22.466 : INFO  tests.TestBase -> = = = = = Execution of Method LP_021_verifyLoginFailureWithInvalidCredentials Completed  = = = = =

 
04-02-2025 16:09:22.467 : INFO  utils.ExtentReport -> test description is: Verify Login failure with incorrect Customer ID 
04-02-2025 16:09:22.468 : INFO  tests.TestBase -> = = = = = Execution of Method LP_022_verifyLoginFailureWithIncorrectCustomerID Started  = = = = =
 
04-02-2025 16:09:22.469 : INFO  tests.TestBase -> Success: TEST CASE PASSED IS: LP_022_verifyLoginFailureWithIncorrectCustomerID 
04-02-2025 16:09:22.469 : INFO  tests.TestBase -> TEST CASE PASSED IS: LP_022_verifyLoginFailureWithIncorrectCustomerID 
04-02-2025 16:09:22.498 : INFO  tests.TestBase -> = = = = = Execution of Method LP_022_verifyLoginFailureWithIncorrectCustomerID Completed  = = = = =

 
04-02-2025 16:09:22.500 : INFO  utils.ExtentReport -> test description is: Verify Login failure with missing Customer ID 
04-02-2025 16:09:22.500 : INFO  tests.TestBase -> = = = = = Execution of Method LP_023_verifyLoginFailureWithMissingCustomerID Started  = = = = =
 
04-02-2025 16:09:22.502 : INFO  tests.TestBase -> Success: TEST CASE PASSED IS: LP_023_verifyLoginFailureWithMissingCustomerID 
04-02-2025 16:09:22.502 : INFO  tests.TestBase -> TEST CASE PASSED IS: LP_023_verifyLoginFailureWithMissingCustomerID 
04-02-2025 16:09:22.530 : INFO  tests.TestBase -> = = = = = Execution of Method LP_023_verifyLoginFailureWithMissingCustomerID Completed  = = = = =

 
04-02-2025 16:09:22.530 : INFO  utils.ExtentReport -> test description is: Verify Account lockout after 05 failed login attempts 
04-02-2025 16:09:22.530 : INFO  tests.TestBase -> = = = = = Execution of Method LP_024_verifyAccountLockoutAfterFailedAttempts Started  = = = = =
 
04-02-2025 16:09:22.532 : INFO  tests.TestBase -> Success: TEST CASE PASSED IS: LP_024_verifyAccountLockoutAfterFailedAttempts 
04-02-2025 16:09:22.533 : INFO  tests.TestBase -> TEST CASE PASSED IS: LP_024_verifyAccountLockoutAfterFailedAttempts 
04-02-2025 16:09:22.563 : INFO  tests.TestBase -> = = = = = Execution of Method LP_024_verifyAccountLockoutAfterFailedAttempts Completed  = = = = =

 
04-02-2025 16:09:22.563 : INFO  utils.ExtentReport -> test description is: Verify error message for after 05 failed login attempts 
04-02-2025 16:09:22.564 : INFO  tests.TestBase -> = = = = = Execution of Method LP_025_verifyErrorMessageAfterFailedAttempts Started  = = = = =
 
04-02-2025 16:09:22.565 : INFO  tests.TestBase -> Success: TEST CASE PASSED IS: LP_025_verifyErrorMessageAfterFailedAttempts 
04-02-2025 16:09:22.565 : INFO  tests.TestBase -> TEST CASE PASSED IS: LP_025_verifyErrorMessageAfterFailedAttempts 
04-02-2025 16:09:22.599 : INFO  tests.TestBase -> = = = = = Execution of Method LP_025_verifyErrorMessageAfterFailedAttempts Completed  = = = = =

 
04-02-2025 16:09:22.600 : INFO  utils.ExtentReport -> test description is: Verify Successful login after entering correct Customer ID on retry 
04-02-2025 16:09:22.601 : INFO  tests.TestBase -> = = = = = Execution of Method LP_026_verifySuccessfulLoginAfterRetry Started  = = = = =
 
04-02-2025 16:09:22.604 : INFO  tests.TestBase -> Success: TEST CASE PASSED IS: LP_026_verifySuccessfulLoginAfterRetry 
04-02-2025 16:09:22.604 : INFO  tests.TestBase -> TEST CASE PASSED IS: LP_026_verifySuccessfulLoginAfterRetry 
04-02-2025 16:09:22.629 : INFO  tests.TestBase -> = = = = = Execution of Method LP_026_verifySuccessfulLoginAfterRetry Completed  = = = = =

 
04-02-2025 16:09:22.629 : INFO  utils.ExtentReport -> test description is: Verify Error message for missing fields 
04-02-2025 16:09:22.629 : INFO  tests.TestBase -> = = = = = Execution of Method LP_027_verifyErrorMessageForMissingFields Started  = = = = =
 
04-02-2025 16:09:22.630 : INFO  tests.TestBase -> Success: TEST CASE PASSED IS: LP_027_verifyErrorMessageForMissingFields 
04-02-2025 16:09:22.631 : INFO  tests.TestBase -> TEST CASE PASSED IS: LP_027_verifyErrorMessageForMissingFields 
04-02-2025 16:09:22.660 : INFO  tests.TestBase -> = = = = = Execution of Method LP_027_verifyErrorMessageForMissingFields Completed  = = = = =

 
04-02-2025 16:09:22.661 : INFO  utils.ExtentReport -> test description is: Verify Ensure customer-specific data is only accessible after successful login 
04-02-2025 16:09:22.661 : INFO  tests.TestBase -> = = = = = Execution of Method LP_028_verifyDataAccessAfterLogin Started  = = = = =
 
04-02-2025 16:09:22.663 : INFO  tests.TestBase -> Success: TEST CASE PASSED IS: LP_028_verifyDataAccessAfterLogin 
04-02-2025 16:09:22.663 : INFO  tests.TestBase -> TEST CASE PASSED IS: LP_028_verifyDataAccessAfterLogin 
04-02-2025 16:09:22.694 : INFO  tests.TestBase -> = = = = = Execution of Method LP_028_verifyDataAccessAfterLogin Completed  = = = = =

 
04-02-2025 16:09:22.702 : INFO  utils.webdrivers.DriverManager -> Closing Driver (862486751) 
04-02-2025 16:09:23.826 : INFO  tests.TestBase -> **************************************************************************************** 
04-02-2025 16:09:23.827 : INFO  tests.TestBase -> # # # # # Execution of Class tests.HezkyTechPageTest.LoginPageTest Completed # # # # # 
04-02-2025 16:09:23.827 : INFO  tests.TestBase -> **************************************************************************************** 
04-02-2025 16:21:43.688 : INFO  tests.TestBase -> Executing Before Suite Method. 
04-02-2025 16:21:43.694 : INFO  utils.readers.Config -> Test Environment Specific property file loaded successfully.C:\Users\vaibh\git\repository2\.git\HezkyTechAutomation\properties\env.test.properties 
04-02-2025 16:21:43.695 : INFO  utils.readers.Config -> Common property file loaded successfully.C:\Users\vaibh\git\repository2\.git\HezkyTechAutomation\properties\\env.common.properties 
04-02-2025 16:21:43.717 : INFO  utils.ExtentReport -> Extent report directory cleared. 
04-02-2025 16:21:43.837 : INFO  utils.ScreenshotHelper -> Screenshot Directory is: C:\Users\vaibh\git\repository2\.git\HezkyTechAutomation\test-output\screenshots 
04-02-2025 16:21:46.712 : INFO  utils.webdrivers.DriverManager -> Initialized Driver (696705647) 
04-02-2025 16:21:46.888 : INFO  tests.TestBase -> **************************************************************************************** 
04-02-2025 16:21:46.892 : INFO  tests.TestBase -> # # # # # Execution of Class tests.HezkyTechPageTest.LoginPageTest Started # # # # # 
04-02-2025 16:21:46.892 : INFO  tests.TestBase -> **************************************************************************************** 
04-02-2025 16:21:46.908 : INFO  utils.ExtentReport -> test description is: Verify Company logo is clearly visible on landing page 
04-02-2025 16:21:46.927 : INFO  tests.TestBase -> = = = = = Execution of Method LP_001_verifyCompanyLogoVisible Started  = = = = =
 
04-02-2025 16:21:47.032 : INFO  utils.BrowserActions -> Loading URL in browser: https://dev.hezkytech.com/#/auth/login 
04-02-2025 16:21:54.811 : INFO  utils.BrowserActionBase -> Waiting for page load to complete. 
04-02-2025 16:21:54.925 : INFO  utils.BrowserActions -> Page loaded. 
04-02-2025 16:21:54.927 : INFO  pages.HezkyTech.CustomerPanel -> Trying to verify Comapny logo is loaded or not:  
04-02-2025 16:21:54.928 : INFO  utils.BrowserActionBase -> Waiting for element to be visible: companyLogoOnLandingPage 
04-02-2025 16:21:56.443 : INFO  tests.TestBase -> Success: TEST CASE PASSED IS: LP_001_verifyCompanyLogoVisible 
04-02-2025 16:21:56.446 : INFO  tests.TestBase -> TEST CASE PASSED IS: LP_001_verifyCompanyLogoVisible 
04-02-2025 16:21:57.040 : INFO  tests.TestBase -> = = = = = Execution of Method LP_001_verifyCompanyLogoVisible Completed  = = = = =

 
04-02-2025 16:21:57.044 : INFO  utils.ExtentReport -> test description is: Verify Page scroll is present on page when needed 
04-02-2025 16:21:57.044 : INFO  tests.TestBase -> = = = = = Execution of Method LP_002_verifyPageScrollPresence Started  = = = = =
 
04-02-2025 16:21:57.048 : INFO  utils.BrowserActions -> Loading URL in browser: https://dev.hezkytech.com/#/auth/login 
04-02-2025 16:21:57.500 : INFO  utils.BrowserActionBase -> Waiting for page load to complete. 
04-02-2025 16:21:57.582 : INFO  utils.BrowserActions -> Page loaded. 
04-02-2025 16:21:57.621 : INFO  tests.TestBase -> Success: TEST CASE PASSED IS: LP_002_verifyPageScrollPresence 
04-02-2025 16:21:57.622 : INFO  tests.TestBase -> TEST CASE PASSED IS: LP_002_verifyPageScrollPresence 
04-02-2025 16:21:57.680 : INFO  tests.TestBase -> = = = = = Execution of Method LP_002_verifyPageScrollPresence Completed  = = = = =

 
04-02-2025 16:21:57.681 : INFO  utils.ExtentReport -> test description is: Verify all links are clickable on the page 
04-02-2025 16:21:57.681 : INFO  tests.TestBase -> = = = = = Execution of Method LP_007_verifyAllLinksClickable Started  = = = = =
 
04-02-2025 16:21:57.683 : INFO  utils.BrowserActions -> Loading URL in browser: https://dev.hezkytech.com/#/auth/login 
04-02-2025 16:21:57.954 : INFO  utils.BrowserActionBase -> Waiting for page load to complete. 
04-02-2025 16:21:58.002 : INFO  utils.BrowserActions -> Page loaded. 
04-02-2025 16:21:58.170 : INFO  utils.BrowserActionBase -> Waiting for element to be Clickable: checkBrokenLinks 
04-02-2025 16:21:59.066 : INFO  utils.BrowserActionBase -> Waiting for element to be Clickable: checkBrokenLinks 
04-02-2025 16:22:00.153 : INFO  tests.TestBase -> Success: TEST CASE PASSED IS: LP_007_verifyAllLinksClickable 
04-02-2025 16:22:00.153 : INFO  tests.TestBase -> TEST CASE PASSED IS: LP_007_verifyAllLinksClickable 
04-02-2025 16:22:00.212 : INFO  tests.TestBase -> = = = = = Execution of Method LP_007_verifyAllLinksClickable Completed  = = = = =

 
04-02-2025 16:22:00.213 : INFO  utils.ExtentReport -> test description is: Verify user can navigate back easily after clicking the links like about us, terms and conditions, privacy and policy. 
04-02-2025 16:22:00.213 : INFO  tests.TestBase -> = = = = = Execution of Method LP_008_verifyNavigationBackFromLinks Started  = = = = =
 
04-02-2025 16:22:00.215 : INFO  utils.BrowserActions -> Loading URL in browser: https://dev.hezkytech.com/#/auth/login 
04-02-2025 16:22:00.548 : INFO  utils.BrowserActionBase -> Waiting for page load to complete. 
04-02-2025 16:22:00.608 : INFO  utils.BrowserActions -> Page loaded. 
04-02-2025 16:22:00.756 : INFO  utils.BrowserActionBase -> Waiting for element to be Clickable: checkBrokenLinks 
04-02-2025 16:22:01.330 : INFO  utils.BrowserActionBase -> Waiting for element to be Clickable: checkBrokenLinks 
04-02-2025 16:22:02.246 : INFO  tests.TestBase -> Success: TEST CASE PASSED IS: LP_008_verifyNavigationBackFromLinks 
04-02-2025 16:22:02.248 : INFO  tests.TestBase -> TEST CASE PASSED IS: LP_008_verifyNavigationBackFromLinks 
04-02-2025 16:22:02.314 : INFO  tests.TestBase -> = = = = = Execution of Method LP_008_verifyNavigationBackFromLinks Completed  = = = = =

 
04-02-2025 16:22:02.315 : INFO  utils.ExtentReport -> test description is: Verify forgot password functionality 
04-02-2025 16:22:02.316 : INFO  tests.TestBase -> = = = = = Execution of Method LP_009_verifyForgotPasswordFunctionality Started  = = = = =
 
04-02-2025 16:22:02.317 : INFO  tests.TestBase -> Success: TEST CASE PASSED IS: LP_009_verifyForgotPasswordFunctionality 
04-02-2025 16:22:02.317 : INFO  tests.TestBase -> TEST CASE PASSED IS: LP_009_verifyForgotPasswordFunctionality 
04-02-2025 16:22:02.363 : INFO  tests.TestBase -> = = = = = Execution of Method LP_009_verifyForgotPasswordFunctionality Completed  = = = = =

 
04-02-2025 16:22:02.364 : INFO  utils.ExtentReport -> test description is: Verify user can navigate back to login page from forgot password popup 
04-02-2025 16:22:02.364 : INFO  tests.TestBase -> = = = = = Execution of Method LP_010_verifyNavigationBackFromForgotPassword Started  = = = = =
 
04-02-2025 16:22:02.365 : INFO  tests.TestBase -> Success: TEST CASE PASSED IS: LP_010_verifyNavigationBackFromForgotPassword 
04-02-2025 16:22:02.366 : INFO  tests.TestBase -> TEST CASE PASSED IS: LP_010_verifyNavigationBackFromForgotPassword 
04-02-2025 16:22:02.410 : INFO  tests.TestBase -> = = = = = Execution of Method LP_010_verifyNavigationBackFromForgotPassword Completed  = = = = =

 
04-02-2025 16:22:02.411 : INFO  utils.ExtentReport -> test description is: Verify when user enter incorrect Email in forgot password popup error message should be displayed 
04-02-2025 16:22:02.411 : INFO  tests.TestBase -> = = = = = Execution of Method LP_011_verifyErrorMessageForInvalidEmail Started  = = = = =
 
04-02-2025 16:22:02.412 : INFO  tests.TestBase -> Success: TEST CASE PASSED IS: LP_011_verifyErrorMessageForInvalidEmail 
04-02-2025 16:22:02.413 : INFO  tests.TestBase -> TEST CASE PASSED IS: LP_011_verifyErrorMessageForInvalidEmail 
04-02-2025 16:22:02.453 : INFO  tests.TestBase -> = = = = = Execution of Method LP_011_verifyErrorMessageForInvalidEmail Completed  = = = = =

 
04-02-2025 16:22:02.454 : INFO  utils.ExtentReport -> test description is: Verify OTP is sent when user enter valid email in email textbox of Forgot password pop-up 
04-02-2025 16:22:02.454 : INFO  tests.TestBase -> = = = = = Execution of Method LP_012_verifyOTPSentForValidEmail Started  = = = = =
 
04-02-2025 16:22:02.456 : INFO  tests.TestBase -> Success: TEST CASE PASSED IS: LP_012_verifyOTPSentForValidEmail 
04-02-2025 16:22:02.456 : INFO  tests.TestBase -> TEST CASE PASSED IS: LP_012_verifyOTPSentForValidEmail 
04-02-2025 16:22:02.501 : INFO  tests.TestBase -> = = = = = Execution of Method LP_012_verifyOTPSentForValidEmail Completed  = = = = =

 
04-02-2025 16:22:02.502 : INFO  utils.ExtentReport -> test description is: Verify update password page is showing after OTP sent to valid email 
04-02-2025 16:22:02.502 : INFO  tests.TestBase -> = = = = = Execution of Method LP_013_verifyUpdatePasswordPageAfterOTP Started  = = = = =
 
04-02-2025 16:22:02.503 : INFO  tests.TestBase -> Success: TEST CASE PASSED IS: LP_013_verifyUpdatePasswordPageAfterOTP 
04-02-2025 16:22:02.504 : INFO  tests.TestBase -> TEST CASE PASSED IS: LP_013_verifyUpdatePasswordPageAfterOTP 
04-02-2025 16:22:02.544 : INFO  tests.TestBase -> = = = = = Execution of Method LP_013_verifyUpdatePasswordPageAfterOTP Completed  = = = = =

 
04-02-2025 16:22:02.545 : INFO  utils.ExtentReport -> test description is: Verify user can not update password using wrong OTP and error message is showing 
04-02-2025 16:22:02.545 : INFO  tests.TestBase -> = = = = = Execution of Method LP_014_verifyErrorForWrongOTP Started  = = = = =
 
04-02-2025 16:22:02.547 : INFO  tests.TestBase -> Success: TEST CASE PASSED IS: LP_014_verifyErrorForWrongOTP 
04-02-2025 16:22:02.548 : INFO  tests.TestBase -> TEST CASE PASSED IS: LP_014_verifyErrorForWrongOTP 
04-02-2025 16:22:02.604 : INFO  tests.TestBase -> = = = = = Execution of Method LP_014_verifyErrorForWrongOTP Completed  = = = = =

 
04-02-2025 16:22:02.605 : INFO  utils.ExtentReport -> test description is: Verify resend OTP button functionality 
04-02-2025 16:22:02.606 : INFO  tests.TestBase -> = = = = = Execution of Method LP_015_verifyResendOTPFunctionality Started  = = = = =
 
04-02-2025 16:22:02.608 : INFO  tests.TestBase -> Success: TEST CASE PASSED IS: LP_015_verifyResendOTPFunctionality 
04-02-2025 16:22:02.608 : INFO  tests.TestBase -> TEST CASE PASSED IS: LP_015_verifyResendOTPFunctionality 
04-02-2025 16:22:02.673 : INFO  tests.TestBase -> = = = = = Execution of Method LP_015_verifyResendOTPFunctionality Completed  = = = = =

 
04-02-2025 16:22:02.674 : INFO  utils.ExtentReport -> test description is: Successful login with valid username, password, and Customer ID 
04-02-2025 16:22:02.675 : INFO  tests.TestBase -> = = = = = Execution of Method LP_016_verifySuccessfulLogin Started  = = = = =
 
04-02-2025 16:22:02.675 : INFO  tests.TestBase -> Success: TEST CASE PASSED IS: LP_016_verifySuccessfulLogin 
04-02-2025 16:22:02.677 : INFO  tests.TestBase -> TEST CASE PASSED IS: LP_016_verifySuccessfulLogin 
04-02-2025 16:22:02.740 : INFO  tests.TestBase -> = = = = = Execution of Method LP_016_verifySuccessfulLogin Completed  = = = = =

 
04-02-2025 16:22:02.741 : INFO  utils.ExtentReport -> test description is: Verify user gets Authentication via OTP Sent to Email after inserting valid credentials 
04-02-2025 16:22:02.741 : INFO  tests.TestBase -> = = = = = Execution of Method LP_017_verifyOTPSentAfterValidLogin Started  = = = = =
 
04-02-2025 16:22:02.743 : INFO  tests.TestBase -> Success: TEST CASE PASSED IS: LP_017_verifyOTPSentAfterValidLogin 
04-02-2025 16:22:02.744 : INFO  tests.TestBase -> TEST CASE PASSED IS: LP_017_verifyOTPSentAfterValidLogin 
04-02-2025 16:22:02.801 : INFO  tests.TestBase -> = = = = = Execution of Method LP_017_verifyOTPSentAfterValidLogin Completed  = = = = =

 
04-02-2025 16:22:02.802 : INFO  utils.ExtentReport -> test description is: Verify authorization page is open after user insert all valid credentials 
04-02-2025 16:22:02.802 : INFO  tests.TestBase -> = = = = = Execution of Method LP_018_verifyAuthorizationPageAfterLogin Started  = = = = =
 
04-02-2025 16:22:02.803 : INFO  tests.TestBase -> Success: TEST CASE PASSED IS: LP_018_verifyAuthorizationPageAfterLogin 
04-02-2025 16:22:02.804 : INFO  tests.TestBase -> TEST CASE PASSED IS: LP_018_verifyAuthorizationPageAfterLogin 
04-02-2025 16:22:02.857 : INFO  tests.TestBase -> = = = = = Execution of Method LP_018_verifyAuthorizationPageAfterLogin Completed  = = = = =

 
04-02-2025 16:22:02.858 : INFO  utils.ExtentReport -> test description is: Verify user is logged in successfully after valid OTP 
04-02-2025 16:22:02.858 : INFO  tests.TestBase -> = = = = = Execution of Method LP_019_verifySuccessfulLoginAfterOTP Started  = = = = =
 
04-02-2025 16:22:02.859 : INFO  tests.TestBase -> Success: TEST CASE PASSED IS: LP_019_verifySuccessfulLoginAfterOTP 
04-02-2025 16:22:02.860 : INFO  tests.TestBase -> TEST CASE PASSED IS: LP_019_verifySuccessfulLoginAfterOTP 
04-02-2025 16:22:02.903 : INFO  tests.TestBase -> = = = = = Execution of Method LP_019_verifySuccessfulLoginAfterOTP Completed  = = = = =

 
04-02-2025 16:22:02.904 : INFO  utils.ExtentReport -> test description is: Verify user can't log-in using after invalid OTP 
04-02-2025 16:22:02.904 : INFO  tests.TestBase -> = = = = = Execution of Method LP_020_verifyLoginFailureWithInvalidOTP Started  = = = = =
 
04-02-2025 16:22:02.905 : INFO  tests.TestBase -> Success: TEST CASE PASSED IS: LP_020_verifyLoginFailureWithInvalidOTP 
04-02-2025 16:22:02.906 : INFO  tests.TestBase -> TEST CASE PASSED IS: LP_020_verifyLoginFailureWithInvalidOTP 
04-02-2025 16:22:02.958 : INFO  tests.TestBase -> = = = = = Execution of Method LP_020_verifyLoginFailureWithInvalidOTP Completed  = = = = =

 
04-02-2025 16:22:02.959 : INFO  utils.ExtentReport -> test description is: Verify user can not log in using invalid username and password combination 
04-02-2025 16:22:02.959 : INFO  tests.TestBase -> = = = = = Execution of Method LP_021_verifyLoginFailureWithInvalidCredentials Started  = = = = =
 
04-02-2025 16:22:02.960 : INFO  tests.TestBase -> Success: TEST CASE PASSED IS: LP_021_verifyLoginFailureWithInvalidCredentials 
04-02-2025 16:22:02.961 : INFO  tests.TestBase -> TEST CASE PASSED IS: LP_021_verifyLoginFailureWithInvalidCredentials 
04-02-2025 16:22:02.998 : INFO  tests.TestBase -> = = = = = Execution of Method LP_021_verifyLoginFailureWithInvalidCredentials Completed  = = = = =

 
04-02-2025 16:22:02.999 : INFO  utils.ExtentReport -> test description is: Verify Login failure with incorrect Customer ID 
04-02-2025 16:22:03.000 : INFO  tests.TestBase -> = = = = = Execution of Method LP_022_verifyLoginFailureWithIncorrectCustomerID Started  = = = = =
 
04-02-2025 16:22:03.001 : INFO  tests.TestBase -> Success: TEST CASE PASSED IS: LP_022_verifyLoginFailureWithIncorrectCustomerID 
04-02-2025 16:22:03.002 : INFO  tests.TestBase -> TEST CASE PASSED IS: LP_022_verifyLoginFailureWithIncorrectCustomerID 
04-02-2025 16:22:03.067 : INFO  tests.TestBase -> = = = = = Execution of Method LP_022_verifyLoginFailureWithIncorrectCustomerID Completed  = = = = =

 
04-02-2025 16:22:03.068 : INFO  utils.ExtentReport -> test description is: Verify Login failure with missing Customer ID 
04-02-2025 16:22:03.068 : INFO  tests.TestBase -> = = = = = Execution of Method LP_023_verifyLoginFailureWithMissingCustomerID Started  = = = = =
 
04-02-2025 16:22:03.071 : INFO  tests.TestBase -> Success: TEST CASE PASSED IS: LP_023_verifyLoginFailureWithMissingCustomerID 
04-02-2025 16:22:03.071 : INFO  tests.TestBase -> TEST CASE PASSED IS: LP_023_verifyLoginFailureWithMissingCustomerID 
04-02-2025 16:22:03.129 : INFO  tests.TestBase -> = = = = = Execution of Method LP_023_verifyLoginFailureWithMissingCustomerID Completed  = = = = =

 
04-02-2025 16:22:03.130 : INFO  utils.ExtentReport -> test description is: Verify Account lockout after 05 failed login attempts 
04-02-2025 16:22:03.130 : INFO  tests.TestBase -> = = = = = Execution of Method LP_024_verifyAccountLockoutAfterFailedAttempts Started  = = = = =
 
04-02-2025 16:22:03.131 : INFO  tests.TestBase -> Success: TEST CASE PASSED IS: LP_024_verifyAccountLockoutAfterFailedAttempts 
04-02-2025 16:22:03.132 : INFO  tests.TestBase -> TEST CASE PASSED IS: LP_024_verifyAccountLockoutAfterFailedAttempts 
04-02-2025 16:22:03.198 : INFO  tests.TestBase -> = = = = = Execution of Method LP_024_verifyAccountLockoutAfterFailedAttempts Completed  = = = = =

 
04-02-2025 16:22:03.200 : INFO  utils.ExtentReport -> test description is: Verify error message for after 05 failed login attempts 
04-02-2025 16:22:03.200 : INFO  tests.TestBase -> = = = = = Execution of Method LP_025_verifyErrorMessageAfterFailedAttempts Started  = = = = =
 
04-02-2025 16:22:03.201 : INFO  tests.TestBase -> Success: TEST CASE PASSED IS: LP_025_verifyErrorMessageAfterFailedAttempts 
04-02-2025 16:22:03.202 : INFO  tests.TestBase -> TEST CASE PASSED IS: LP_025_verifyErrorMessageAfterFailedAttempts 
04-02-2025 16:22:03.255 : INFO  tests.TestBase -> = = = = = Execution of Method LP_025_verifyErrorMessageAfterFailedAttempts Completed  = = = = =

 
04-02-2025 16:22:03.256 : INFO  utils.ExtentReport -> test description is: Verify Successful login after entering correct Customer ID on retry 
04-02-2025 16:22:03.256 : INFO  tests.TestBase -> = = = = = Execution of Method LP_026_verifySuccessfulLoginAfterRetry Started  = = = = =
 
04-02-2025 16:22:03.257 : INFO  tests.TestBase -> Success: TEST CASE PASSED IS: LP_026_verifySuccessfulLoginAfterRetry 
04-02-2025 16:22:03.258 : INFO  tests.TestBase -> TEST CASE PASSED IS: LP_026_verifySuccessfulLoginAfterRetry 
04-02-2025 16:22:03.303 : INFO  tests.TestBase -> = = = = = Execution of Method LP_026_verifySuccessfulLoginAfterRetry Completed  = = = = =

 
04-02-2025 16:22:03.304 : INFO  utils.ExtentReport -> test description is: Verify Error message for missing fields 
04-02-2025 16:22:03.305 : INFO  tests.TestBase -> = = = = = Execution of Method LP_027_verifyErrorMessageForMissingFields Started  = = = = =
 
04-02-2025 16:22:03.305 : INFO  tests.TestBase -> Success: TEST CASE PASSED IS: LP_027_verifyErrorMessageForMissingFields 
04-02-2025 16:22:03.306 : INFO  tests.TestBase -> TEST CASE PASSED IS: LP_027_verifyErrorMessageForMissingFields 
04-02-2025 16:22:03.355 : INFO  tests.TestBase -> = = = = = Execution of Method LP_027_verifyErrorMessageForMissingFields Completed  = = = = =

 
04-02-2025 16:22:03.356 : INFO  utils.ExtentReport -> test description is: Verify Ensure customer-specific data is only accessible after successful login 
04-02-2025 16:22:03.356 : INFO  tests.TestBase -> = = = = = Execution of Method LP_028_verifyDataAccessAfterLogin Started  = = = = =
 
04-02-2025 16:22:03.357 : INFO  tests.TestBase -> Success: TEST CASE PASSED IS: LP_028_verifyDataAccessAfterLogin 
04-02-2025 16:22:03.358 : INFO  tests.TestBase -> TEST CASE PASSED IS: LP_028_verifyDataAccessAfterLogin 
04-02-2025 16:22:03.402 : INFO  tests.TestBase -> = = = = = Execution of Method LP_028_verifyDataAccessAfterLogin Completed  = = = = =

 
04-02-2025 16:22:03.422 : INFO  utils.webdrivers.DriverManager -> Closing Driver (696705647) 
04-02-2025 16:22:04.426 : INFO  tests.TestBase -> **************************************************************************************** 
04-02-2025 16:22:04.426 : INFO  tests.TestBase -> # # # # # Execution of Class tests.HezkyTechPageTest.LoginPageTest Completed # # # # # 
04-02-2025 16:22:04.427 : INFO  tests.TestBase -> **************************************************************************************** 
04-03-2025 10:43:43.615 : INFO  tests.TestBase -> Executing Before Suite Method. 
04-03-2025 10:43:43.624 : INFO  utils.readers.Config -> Test Environment Specific property file loaded successfully.C:\Users\vaibh\git\repository2\.git\HezkyTechAutomation\properties\env.test.properties 
04-03-2025 10:43:43.625 : INFO  utils.readers.Config -> Common property file loaded successfully.C:\Users\vaibh\git\repository2\.git\HezkyTechAutomation\properties\\env.common.properties 
04-03-2025 10:43:43.735 : INFO  utils.ExtentReport -> Extent report directory cleared. 
04-03-2025 10:43:43.901 : INFO  utils.ScreenshotHelper -> Screenshot Directory is: C:\Users\vaibh\git\repository2\.git\HezkyTechAutomation\test-output\screenshots 
04-03-2025 10:43:46.173 : INFO  utils.webdrivers.DriverManager -> Initialized Driver (40736485) 
04-03-2025 10:43:46.331 : INFO  tests.TestBase -> **************************************************************************************** 
04-03-2025 10:43:46.334 : INFO  tests.TestBase -> # # # # # Execution of Class tests.HezkyTechPageTest.LoginPageTest Started # # # # # 
04-03-2025 10:43:46.334 : INFO  tests.TestBase -> **************************************************************************************** 
04-03-2025 10:43:46.357 : INFO  utils.ExtentReport -> test description is: Verify Company logo is clearly visible on landing page 
04-03-2025 10:43:46.365 : INFO  tests.TestBase -> = = = = = Execution of Method LP_001_verifyCompanyLogoVisible Started  = = = = =
 
04-03-2025 10:43:46.555 : INFO  utils.BrowserActions -> Loading URL in browser: https://dev.hezkytech.com/#/auth/login 
04-03-2025 10:43:48.815 : INFO  utils.BrowserActionBase -> Waiting for page load to complete. 
04-03-2025 10:43:48.882 : INFO  utils.BrowserActions -> Page loaded. 
04-03-2025 10:43:48.883 : INFO  pages.HezkyTech.CustomerPanel -> Trying to verify Comapny logo is loaded or not:  
04-03-2025 10:43:48.884 : INFO  utils.BrowserActionBase -> Waiting for element to be visible: companyLogoOnLandingPage 
04-03-2025 10:43:49.718 : INFO  tests.TestBase -> Success: TEST CASE PASSED IS: LP_001_verifyCompanyLogoVisible 
04-03-2025 10:43:49.721 : INFO  tests.TestBase -> TEST CASE PASSED IS: LP_001_verifyCompanyLogoVisible 
04-03-2025 10:43:50.043 : INFO  tests.TestBase -> = = = = = Execution of Method LP_001_verifyCompanyLogoVisible Completed  = = = = =

 
04-03-2025 10:43:50.046 : INFO  utils.ExtentReport -> test description is: Verify Page scroll is present on page when needed 
04-03-2025 10:43:50.046 : INFO  tests.TestBase -> = = = = = Execution of Method LP_002_verifyPageScrollPresence Started  = = = = =
 
04-03-2025 10:43:50.051 : INFO  utils.BrowserActions -> Loading URL in browser: https://dev.hezkytech.com/#/auth/login 
04-03-2025 10:43:50.288 : INFO  utils.BrowserActionBase -> Waiting for page load to complete. 
04-03-2025 10:43:50.362 : INFO  utils.BrowserActions -> Page loaded. 
04-03-2025 10:43:50.384 : INFO  tests.TestBase -> Success: TEST CASE PASSED IS: LP_002_verifyPageScrollPresence 
04-03-2025 10:43:50.385 : INFO  tests.TestBase -> TEST CASE PASSED IS: LP_002_verifyPageScrollPresence 
04-03-2025 10:43:50.439 : INFO  tests.TestBase -> = = = = = Execution of Method LP_002_verifyPageScrollPresence Completed  = = = = =

 
04-03-2025 10:43:50.440 : INFO  utils.ExtentReport -> test description is: Verify all links are clickable on the page 
04-03-2025 10:43:50.440 : INFO  tests.TestBase -> = = = = = Execution of Method LP_007_verifyAllLinksClickable Started  = = = = =
 
04-03-2025 10:43:50.443 : INFO  utils.BrowserActions -> Loading URL in browser: https://dev.hezkytech.com/#/auth/login 
04-03-2025 10:43:50.626 : INFO  utils.BrowserActionBase -> Waiting for page load to complete. 
04-03-2025 10:43:50.654 : INFO  utils.BrowserActions -> Page loaded. 
04-03-2025 10:43:50.767 : INFO  utils.BrowserActionBase -> Waiting for element to be Clickable: checkBrokenLinks 
04-03-2025 10:43:51.565 : INFO  utils.BrowserActionBase -> Waiting for element to be Clickable: checkBrokenLinks 
04-03-2025 10:43:52.079 : INFO  tests.TestBase -> Success: TEST CASE PASSED IS: LP_007_verifyAllLinksClickable 
04-03-2025 10:43:52.080 : INFO  tests.TestBase -> TEST CASE PASSED IS: LP_007_verifyAllLinksClickable 
04-03-2025 10:43:52.153 : INFO  tests.TestBase -> = = = = = Execution of Method LP_007_verifyAllLinksClickable Completed  = = = = =

 
04-03-2025 10:43:52.154 : INFO  utils.ExtentReport -> test description is: Verify user can navigate back easily after clicking the links like about us, terms and conditions, privacy and policy. 
04-03-2025 10:43:52.154 : INFO  tests.TestBase -> = = = = = Execution of Method LP_008_verifyNavigationBackFromLinks Started  = = = = =
 
04-03-2025 10:43:52.158 : INFO  utils.BrowserActions -> Loading URL in browser: https://dev.hezkytech.com/#/auth/login 
04-03-2025 10:43:52.352 : INFO  utils.BrowserActionBase -> Waiting for page load to complete. 
04-03-2025 10:43:52.385 : INFO  utils.BrowserActions -> Page loaded. 
04-03-2025 10:43:52.475 : INFO  utils.BrowserActionBase -> Waiting for element to be Clickable: checkBrokenLinks 
04-03-2025 10:43:52.835 : INFO  utils.BrowserActionBase -> Waiting for element to be Clickable: checkBrokenLinks 
04-03-2025 10:43:53.477 : INFO  tests.TestBase -> Success: TEST CASE PASSED IS: LP_008_verifyNavigationBackFromLinks 
04-03-2025 10:43:53.477 : INFO  tests.TestBase -> TEST CASE PASSED IS: LP_008_verifyNavigationBackFromLinks 
04-03-2025 10:43:53.538 : INFO  tests.TestBase -> = = = = = Execution of Method LP_008_verifyNavigationBackFromLinks Completed  = = = = =

 
04-03-2025 10:43:53.539 : INFO  utils.ExtentReport -> test description is: Verify forgot password functionality 
04-03-2025 10:43:53.539 : INFO  tests.TestBase -> = = = = = Execution of Method LP_009_verifyForgotPasswordFunctionality Started  = = = = =
 
04-03-2025 10:43:53.541 : INFO  tests.TestBase -> Success: TEST CASE PASSED IS: LP_009_verifyForgotPasswordFunctionality 
04-03-2025 10:43:53.542 : INFO  tests.TestBase -> TEST CASE PASSED IS: LP_009_verifyForgotPasswordFunctionality 
04-03-2025 10:43:53.592 : INFO  tests.TestBase -> = = = = = Execution of Method LP_009_verifyForgotPasswordFunctionality Completed  = = = = =

 
04-03-2025 10:43:53.593 : INFO  utils.ExtentReport -> test description is: Verify user can navigate back to login page from forgot password popup 
04-03-2025 10:43:53.594 : INFO  tests.TestBase -> = = = = = Execution of Method LP_010_verifyNavigationBackFromForgotPassword Started  = = = = =
 
04-03-2025 10:43:53.597 : INFO  tests.TestBase -> Success: TEST CASE PASSED IS: LP_010_verifyNavigationBackFromForgotPassword 
04-03-2025 10:43:53.598 : INFO  tests.TestBase -> TEST CASE PASSED IS: LP_010_verifyNavigationBackFromForgotPassword 
04-03-2025 10:43:53.649 : INFO  tests.TestBase -> = = = = = Execution of Method LP_010_verifyNavigationBackFromForgotPassword Completed  = = = = =

 
04-03-2025 10:43:53.650 : INFO  utils.ExtentReport -> test description is: Verify when user enter incorrect Email in forgot password popup error message should be displayed 
04-03-2025 10:43:53.651 : INFO  tests.TestBase -> = = = = = Execution of Method LP_011_verifyErrorMessageForInvalidEmail Started  = = = = =
 
04-03-2025 10:43:53.654 : INFO  tests.TestBase -> Success: TEST CASE PASSED IS: LP_011_verifyErrorMessageForInvalidEmail 
04-03-2025 10:43:53.654 : INFO  tests.TestBase -> TEST CASE PASSED IS: LP_011_verifyErrorMessageForInvalidEmail 
04-03-2025 10:43:53.697 : INFO  tests.TestBase -> = = = = = Execution of Method LP_011_verifyErrorMessageForInvalidEmail Completed  = = = = =

 
04-03-2025 10:43:53.698 : INFO  utils.ExtentReport -> test description is: Verify OTP is sent when user enter valid email in email textbox of Forgot password pop-up 
04-03-2025 10:43:53.699 : INFO  tests.TestBase -> = = = = = Execution of Method LP_012_verifyOTPSentForValidEmail Started  = = = = =
 
04-03-2025 10:43:53.701 : INFO  tests.TestBase -> Success: TEST CASE PASSED IS: LP_012_verifyOTPSentForValidEmail 
04-03-2025 10:43:53.701 : INFO  tests.TestBase -> TEST CASE PASSED IS: LP_012_verifyOTPSentForValidEmail 
04-03-2025 10:43:53.754 : INFO  tests.TestBase -> = = = = = Execution of Method LP_012_verifyOTPSentForValidEmail Completed  = = = = =

 
04-03-2025 10:43:53.755 : INFO  utils.ExtentReport -> test description is: Verify update password page is showing after OTP sent to valid email 
04-03-2025 10:43:53.756 : INFO  tests.TestBase -> = = = = = Execution of Method LP_013_verifyUpdatePasswordPageAfterOTP Started  = = = = =
 
04-03-2025 10:43:53.758 : INFO  tests.TestBase -> Success: TEST CASE PASSED IS: LP_013_verifyUpdatePasswordPageAfterOTP 
04-03-2025 10:43:53.759 : INFO  tests.TestBase -> TEST CASE PASSED IS: LP_013_verifyUpdatePasswordPageAfterOTP 
04-03-2025 10:43:53.807 : INFO  tests.TestBase -> = = = = = Execution of Method LP_013_verifyUpdatePasswordPageAfterOTP Completed  = = = = =

 
04-03-2025 10:43:53.808 : INFO  utils.ExtentReport -> test description is: Verify user can not update password using wrong OTP and error message is showing 
04-03-2025 10:43:53.808 : INFO  tests.TestBase -> = = = = = Execution of Method LP_014_verifyErrorForWrongOTP Started  = = = = =
 
04-03-2025 10:43:53.810 : INFO  tests.TestBase -> Success: TEST CASE PASSED IS: LP_014_verifyErrorForWrongOTP 
04-03-2025 10:43:53.811 : INFO  tests.TestBase -> TEST CASE PASSED IS: LP_014_verifyErrorForWrongOTP 
04-03-2025 10:43:53.857 : INFO  tests.TestBase -> = = = = = Execution of Method LP_014_verifyErrorForWrongOTP Completed  = = = = =

 
04-03-2025 10:43:53.858 : INFO  utils.ExtentReport -> test description is: Verify resend OTP button functionality 
04-03-2025 10:43:53.858 : INFO  tests.TestBase -> = = = = = Execution of Method LP_015_verifyResendOTPFunctionality Started  = = = = =
 
04-03-2025 10:43:53.860 : INFO  tests.TestBase -> Success: TEST CASE PASSED IS: LP_015_verifyResendOTPFunctionality 
04-03-2025 10:43:53.861 : INFO  tests.TestBase -> TEST CASE PASSED IS: LP_015_verifyResendOTPFunctionality 
04-03-2025 10:43:53.903 : INFO  tests.TestBase -> = = = = = Execution of Method LP_015_verifyResendOTPFunctionality Completed  = = = = =

 
04-03-2025 10:43:53.904 : INFO  utils.ExtentReport -> test description is: Successful login with valid username, password, and Customer ID 
04-03-2025 10:43:53.905 : INFO  tests.TestBase -> = = = = = Execution of Method LP_016_verifySuccessfulLogin Started  = = = = =
 
04-03-2025 10:43:53.907 : INFO  tests.TestBase -> Success: TEST CASE PASSED IS: LP_016_verifySuccessfulLogin 
04-03-2025 10:43:53.908 : INFO  tests.TestBase -> TEST CASE PASSED IS: LP_016_verifySuccessfulLogin 
04-03-2025 10:43:53.953 : INFO  tests.TestBase -> = = = = = Execution of Method LP_016_verifySuccessfulLogin Completed  = = = = =

 
04-03-2025 10:43:53.954 : INFO  utils.ExtentReport -> test description is: Verify user gets Authentication via OTP Sent to Email after inserting valid credentials 
04-03-2025 10:43:53.954 : INFO  tests.TestBase -> = = = = = Execution of Method LP_017_verifyOTPSentAfterValidLogin Started  = = = = =
 
04-03-2025 10:43:53.956 : INFO  tests.TestBase -> Success: TEST CASE PASSED IS: LP_017_verifyOTPSentAfterValidLogin 
04-03-2025 10:43:53.956 : INFO  tests.TestBase -> TEST CASE PASSED IS: LP_017_verifyOTPSentAfterValidLogin 
04-03-2025 10:43:54.001 : INFO  tests.TestBase -> = = = = = Execution of Method LP_017_verifyOTPSentAfterValidLogin Completed  = = = = =

 
04-03-2025 10:43:54.002 : INFO  utils.ExtentReport -> test description is: Verify authorization page is open after user insert all valid credentials 
04-03-2025 10:43:54.002 : INFO  tests.TestBase -> = = = = = Execution of Method LP_018_verifyAuthorizationPageAfterLogin Started  = = = = =
 
04-03-2025 10:43:54.003 : INFO  tests.TestBase -> Success: TEST CASE PASSED IS: LP_018_verifyAuthorizationPageAfterLogin 
04-03-2025 10:43:54.004 : INFO  tests.TestBase -> TEST CASE PASSED IS: LP_018_verifyAuthorizationPageAfterLogin 
04-03-2025 10:43:54.049 : INFO  tests.TestBase -> = = = = = Execution of Method LP_018_verifyAuthorizationPageAfterLogin Completed  = = = = =

 
04-03-2025 10:43:54.050 : INFO  utils.ExtentReport -> test description is: Verify user is logged in successfully after valid OTP 
04-03-2025 10:43:54.050 : INFO  tests.TestBase -> = = = = = Execution of Method LP_019_verifySuccessfulLoginAfterOTP Started  = = = = =
 
04-03-2025 10:43:54.052 : INFO  tests.TestBase -> Success: TEST CASE PASSED IS: LP_019_verifySuccessfulLoginAfterOTP 
04-03-2025 10:43:54.053 : INFO  tests.TestBase -> TEST CASE PASSED IS: LP_019_verifySuccessfulLoginAfterOTP 
04-03-2025 10:43:54.094 : INFO  tests.TestBase -> = = = = = Execution of Method LP_019_verifySuccessfulLoginAfterOTP Completed  = = = = =

 
04-03-2025 10:43:54.096 : INFO  utils.ExtentReport -> test description is: Verify user can't log-in using after invalid OTP 
04-03-2025 10:43:54.096 : INFO  tests.TestBase -> = = = = = Execution of Method LP_020_verifyLoginFailureWithInvalidOTP Started  = = = = =
 
04-03-2025 10:43:54.099 : INFO  tests.TestBase -> Success: TEST CASE PASSED IS: LP_020_verifyLoginFailureWithInvalidOTP 
04-03-2025 10:43:54.100 : INFO  tests.TestBase -> TEST CASE PASSED IS: LP_020_verifyLoginFailureWithInvalidOTP 
04-03-2025 10:43:54.162 : INFO  tests.TestBase -> = = = = = Execution of Method LP_020_verifyLoginFailureWithInvalidOTP Completed  = = = = =

 
04-03-2025 10:43:54.163 : INFO  utils.ExtentReport -> test description is: Verify user can not log in using invalid username and password combination 
04-03-2025 10:43:54.163 : INFO  tests.TestBase -> = = = = = Execution of Method LP_021_verifyLoginFailureWithInvalidCredentials Started  = = = = =
 
04-03-2025 10:43:54.165 : INFO  tests.TestBase -> Success: TEST CASE PASSED IS: LP_021_verifyLoginFailureWithInvalidCredentials 
04-03-2025 10:43:54.166 : INFO  tests.TestBase -> TEST CASE PASSED IS: LP_021_verifyLoginFailureWithInvalidCredentials 
04-03-2025 10:43:54.202 : INFO  tests.TestBase -> = = = = = Execution of Method LP_021_verifyLoginFailureWithInvalidCredentials Completed  = = = = =

 
04-03-2025 10:43:54.203 : INFO  utils.ExtentReport -> test description is: Verify Login failure with incorrect Customer ID 
04-03-2025 10:43:54.203 : INFO  tests.TestBase -> = = = = = Execution of Method LP_022_verifyLoginFailureWithIncorrectCustomerID Started  = = = = =
 
04-03-2025 10:43:54.206 : INFO  tests.TestBase -> Success: TEST CASE PASSED IS: LP_022_verifyLoginFailureWithIncorrectCustomerID 
04-03-2025 10:43:54.207 : INFO  tests.TestBase -> TEST CASE PASSED IS: LP_022_verifyLoginFailureWithIncorrectCustomerID 
04-03-2025 10:43:54.246 : INFO  tests.TestBase -> = = = = = Execution of Method LP_022_verifyLoginFailureWithIncorrectCustomerID Completed  = = = = =

 
04-03-2025 10:43:54.247 : INFO  utils.ExtentReport -> test description is: Verify Login failure with missing Customer ID 
04-03-2025 10:43:54.247 : INFO  tests.TestBase -> = = = = = Execution of Method LP_023_verifyLoginFailureWithMissingCustomerID Started  = = = = =
 
04-03-2025 10:43:54.250 : INFO  tests.TestBase -> Success: TEST CASE PASSED IS: LP_023_verifyLoginFailureWithMissingCustomerID 
04-03-2025 10:43:54.251 : INFO  tests.TestBase -> TEST CASE PASSED IS: LP_023_verifyLoginFailureWithMissingCustomerID 
04-03-2025 10:43:54.286 : INFO  tests.TestBase -> = = = = = Execution of Method LP_023_verifyLoginFailureWithMissingCustomerID Completed  = = = = =

 
04-03-2025 10:43:54.287 : INFO  utils.ExtentReport -> test description is: Verify Account lockout after 05 failed login attempts 
04-03-2025 10:43:54.288 : INFO  tests.TestBase -> = = = = = Execution of Method LP_024_verifyAccountLockoutAfterFailedAttempts Started  = = = = =
 
04-03-2025 10:43:54.290 : INFO  tests.TestBase -> Success: TEST CASE PASSED IS: LP_024_verifyAccountLockoutAfterFailedAttempts 
04-03-2025 10:43:54.291 : INFO  tests.TestBase -> TEST CASE PASSED IS: LP_024_verifyAccountLockoutAfterFailedAttempts 
04-03-2025 10:43:54.334 : INFO  tests.TestBase -> = = = = = Execution of Method LP_024_verifyAccountLockoutAfterFailedAttempts Completed  = = = = =

 
04-03-2025 10:43:54.335 : INFO  utils.ExtentReport -> test description is: Verify error message for after 05 failed login attempts 
04-03-2025 10:43:54.336 : INFO  tests.TestBase -> = = = = = Execution of Method LP_025_verifyErrorMessageAfterFailedAttempts Started  = = = = =
 
04-03-2025 10:43:54.338 : INFO  tests.TestBase -> Success: TEST CASE PASSED IS: LP_025_verifyErrorMessageAfterFailedAttempts 
04-03-2025 10:43:54.339 : INFO  tests.TestBase -> TEST CASE PASSED IS: LP_025_verifyErrorMessageAfterFailedAttempts 
04-03-2025 10:43:54.382 : INFO  tests.TestBase -> = = = = = Execution of Method LP_025_verifyErrorMessageAfterFailedAttempts Completed  = = = = =

 
04-03-2025 10:43:54.383 : INFO  utils.ExtentReport -> test description is: Verify Successful login after entering correct Customer ID on retry 
04-03-2025 10:43:54.383 : INFO  tests.TestBase -> = = = = = Execution of Method LP_026_verifySuccessfulLoginAfterRetry Started  = = = = =
 
04-03-2025 10:43:54.385 : INFO  tests.TestBase -> Success: TEST CASE PASSED IS: LP_026_verifySuccessfulLoginAfterRetry 
04-03-2025 10:43:54.386 : INFO  tests.TestBase -> TEST CASE PASSED IS: LP_026_verifySuccessfulLoginAfterRetry 
04-03-2025 10:43:54.431 : INFO  tests.TestBase -> = = = = = Execution of Method LP_026_verifySuccessfulLoginAfterRetry Completed  = = = = =

 
04-03-2025 10:43:54.432 : INFO  utils.ExtentReport -> test description is: Verify Error message for missing fields 
04-03-2025 10:43:54.432 : INFO  tests.TestBase -> = = = = = Execution of Method LP_027_verifyErrorMessageForMissingFields Started  = = = = =
 
04-03-2025 10:43:54.434 : INFO  tests.TestBase -> Success: TEST CASE PASSED IS: LP_027_verifyErrorMessageForMissingFields 
04-03-2025 10:43:54.435 : INFO  tests.TestBase -> TEST CASE PASSED IS: LP_027_verifyErrorMessageForMissingFields 
04-03-2025 10:43:54.480 : INFO  tests.TestBase -> = = = = = Execution of Method LP_027_verifyErrorMessageForMissingFields Completed  = = = = =

 
04-03-2025 10:43:54.481 : INFO  utils.ExtentReport -> test description is: Verify Ensure customer-specific data is only accessible after successful login 
04-03-2025 10:43:54.481 : INFO  tests.TestBase -> = = = = = Execution of Method LP_028_verifyDataAccessAfterLogin Started  = = = = =
 
04-03-2025 10:43:54.482 : INFO  tests.TestBase -> Success: TEST CASE PASSED IS: LP_028_verifyDataAccessAfterLogin 
04-03-2025 10:43:54.483 : INFO  tests.TestBase -> TEST CASE PASSED IS: LP_028_verifyDataAccessAfterLogin 
04-03-2025 10:43:54.529 : INFO  tests.TestBase -> = = = = = Execution of Method LP_028_verifyDataAccessAfterLogin Completed  = = = = =

 
04-03-2025 10:43:54.541 : INFO  utils.webdrivers.DriverManager -> Closing Driver (40736485) 
04-03-2025 10:43:54.979 : INFO  tests.TestBase -> **************************************************************************************** 
04-03-2025 10:43:54.979 : INFO  tests.TestBase -> # # # # # Execution of Class tests.HezkyTechPageTest.LoginPageTest Completed # # # # # 
04-03-2025 10:43:54.979 : INFO  tests.TestBase -> **************************************************************************************** 
